#
# There is insufficient memory for the Java Runtime Environment to continue.
# Native memory allocation (mmap) failed to map 27262976 bytes for Failed to commit area from 0x000000008a200000 to 0x000000008bc00000 of length 27262976.
# Possible reasons:
#   The system is out of physical RAM or swap space
#   The process is running with CompressedOops enabled, and the Java Heap may be blocking the growth of the native heap
# Possible solutions:
#   Reduce memory load on the system
#   Increase physical memory or swap space
#   Check if swap backing store is full
#   Decrease Java heap size (-Xmx/-Xms)
#   Decrease number of Java threads
#   Decrease Java thread stack sizes (-Xss)
#   Set larger code cache with -XX:ReservedCodeCacheSize=
#   JVM is running with Unscaled Compressed Oops mode in which the Java heap is
#     placed in the first 4GB address space. The Java Heap base address is the
#     maximum limit for the native heap growth. Please use -XX:HeapBaseMinAddress
#     to set the Java Heap base and to place the Java Heap above 4GB virtual address.
# This output file may be truncated or incomplete.
#
#  Out of Memory Error (./open/src/hotspot/os/windows/os_windows.cpp:3275), pid=26752, tid=33880
#
# JRE version: Java(TM) SE Runtime Environment 18.9 (11.0.9+7) (build 11.0.9+7-LTS)
# Java VM: Java HotSpot(TM) 64-Bit Server VM 18.9 (11.0.9+7-LTS, mixed mode, tiered, compressed oops, g1 gc, windows-amd64)
# No core dump will be written. Minidumps are not enabled by default on client versions of Windows
#

---------------  S U M M A R Y ------------

Command Line: -Dclassworlds.conf=D:\apache-maven-3.6.3\apache-maven-3.6.3\bin\..\bin\m2.conf -Dmaven.home=D:\apache-maven-3.6.3\apache-maven-3.6.3\bin\.. -Dlibrary.jansi.path=D:\apache-maven-3.6.3\apache-maven-3.6.3\bin\..\lib\jansi-native -Dmaven.multiModuleProjectDirectory=D:\codigo\siniestros org.codehaus.plexus.classworlds.launcher.Launcher clean install -DskipTests

Host: Intel(R) Core(TM) i5-10210U CPU @ 1.60GHz, 8 cores, 7G,  Windows 10 , 64 bit Build 18362 (10.0.18362.1350)
Time: Fri Mar 12 12:00:56 2021 Hora est. Pacífico, Sudamérica elapsed time: 10.662140 seconds (0d 0h 0m 10s)

---------------  T H R E A D  ---------------

Current thread (0x000001d740f72800):  VMThread "VM Thread" [stack: 0x0000003c8c000000,0x0000003c8c100000] [id=33880]

Stack: [0x0000003c8c000000,0x0000003c8c100000]
[error occurred during error reporting (printing stack bounds), id 0xc0000005, EXCEPTION_ACCESS_VIOLATION (0xc0000005) at pc=0x000001d72a720dad]

Native frames: (J=compiled Java code, j=interpreted, Vv=VM code, C=native code)
V  [jvm.dll+0x611a3a]
V  [jvm.dll+0x748aaf]
V  [jvm.dll+0x74a135]
V  [jvm.dll+0x74a715]
V  [jvm.dll+0x74a6cb]
V  [jvm.dll+0x611323]
V  [jvm.dll+0x6116e8]
C  [ntdll.dll+0xa1eef]
C  [ntdll.dll+0x6aad9]
C  [ntdll.dll+0xa0b5e]
C  0x000001d72a720dad

VM_Operation (0x0000003c8bafce60): G1CollectForAllocation, mode: safepoint, requested by thread 0x000001d7222a8000


---------------  P R O C E S S  ---------------

Threads class SMR info:
_java_thread_list=0x000001d7426c1830, length=11, elements={
0x000001d7222a8000, 0x000001d740f74000, 0x000001d740f7d800, 0x000001d7417f5800,
0x000001d7417f7800, 0x000001d7417fa000, 0x000001d7417fe000, 0x000001d7417ff000,
0x000001d741981800, 0x000001d741972000, 0x000001d742ac1000
}

Java Threads: ( => current thread )
  0x000001d7222a8000 JavaThread "main" [_thread_blocked, id=17224, stack(0x0000003c8ba00000,0x0000003c8bb00000)]
  0x000001d740f74000 JavaThread "Reference Handler" daemon [_thread_blocked, id=1896, stack(0x0000003c8c100000,0x0000003c8c200000)]
  0x000001d740f7d800 JavaThread "Finalizer" daemon [_thread_blocked, id=28988, stack(0x0000003c8c200000,0x0000003c8c300000)]
  0x000001d7417f5800 JavaThread "Signal Dispatcher" daemon [_thread_blocked, id=32740, stack(0x0000003c8c300000,0x0000003c8c400000)]
  0x000001d7417f7800 JavaThread "Attach Listener" daemon [_thread_blocked, id=27968, stack(0x0000003c8c400000,0x0000003c8c500000)]
  0x000001d7417fa000 JavaThread "C2 CompilerThread0" daemon [_thread_in_native, id=32452, stack(0x0000003c8c500000,0x0000003c8c600000)]
  0x000001d7417fe000 JavaThread "C1 CompilerThread0" daemon [_thread_blocked, id=20660, stack(0x0000003c8c600000,0x0000003c8c700000)]
  0x000001d7417ff000 JavaThread "Sweeper thread" daemon [_thread_blocked, id=16088, stack(0x0000003c8c700000,0x0000003c8c800000)]
  0x000001d741981800 JavaThread "Service Thread" daemon [_thread_blocked, id=4500, stack(0x0000003c8c800000,0x0000003c8c900000)]
  0x000001d741972000 JavaThread "Common-Cleaner" daemon [_thread_blocked, id=17204, stack(0x0000003c8ca00000,0x0000003c8cb00000)]
  0x000001d742ac1000 JavaThread "C2 CompilerThread1" daemon [_thread_blocked, id=32432, stack(0x0000003c8cb00000,0x0000003c8cc00000)]

Other Threads:
=>0x000001d740f72800 VMThread "VM Thread" [stack: 0x0000003c8c000000,0x0000003c8c100000] [id=33880]
  0x000001d741987800 WatcherThread [stack: 0x0000003c8c900000,0x0000003c8ca00000] [id=24036]
  0x000001d7222bd800 GCTaskThread "GC Thread#0" [stack: 0x0000003c8bb00000,0x0000003c8bc00000] [id=5676]
  0x000001d742254000 GCTaskThread "GC Thread#1" [stack: 0x0000003c8cd00000,0x0000003c8ce00000] [id=14660]
  0x000001d741ef1800 GCTaskThread "GC Thread#2" [stack: 0x0000003c8ce00000,0x0000003c8cf00000] [id=13936]
  0x000001d7222ee800 ConcurrentGCThread "G1 Main Marker" [stack: 0x0000003c8bc00000,0x0000003c8bd00000] [id=12240]
  0x000001d7222f0000 ConcurrentGCThread "G1 Conc#0" [stack: 0x0000003c8bd00000,0x0000003c8be00000] [id=17360]
  0x000001d74318b800 ConcurrentGCThread "G1 Conc#1" [stack: 0x0000003c8cc00000,0x0000003c8cd00000] [id=29008]
  0x000001d740dd7800 ConcurrentGCThread "G1 Refine#0" [stack: 0x0000003c8be00000,0x0000003c8bf00000] [id=26568]
  0x000001d740dd8800 ConcurrentGCThread "G1 Young RemSet Sampling" [stack: 0x0000003c8bf00000,0x0000003c8c000000] [id=29628]

Threads with active compile tasks:
C2 CompilerThread0  10688 4626   !   4       jdk.internal.loader.BuiltinClassLoader::loadClassOrNull (143 bytes)
C1 CompilerThread0  10689 4741       3       com.sun.tools.javac.parser.JavacParser::term3Rest (706 bytes)
C2 CompilerThread1  10689 4710       4       com.sun.tools.javac.parser.UnicodeReader::putChar (10 bytes)

VM state:at safepoint (normal execution)

VM Mutex/Monitor currently owned by a thread:  ([mutex/lock_event])
[0x000001d7222a47f0] Threads_lock - owner thread: 0x000001d740f72800
[0x000001d7222a5b10] Heap_lock - owner thread: 0x000001d7222a8000

Heap address: 0x0000000082400000, size: 2012 MB, Compressed Oops mode: 32-bit
Narrow klass base: 0x0000000000000000, Narrow klass shift: 3
Compressed class space size: 1073741824 Address: 0x0000000100000000

Heap:
 garbage-first heap   total 155648K, used 30720K [0x0000000082400000, 0x0000000100000000)
  region size 1024K, 10 young (10240K), 10 survivors (10240K)
 Metaspace       used 31292K, capacity 32045K, committed 32176K, reserved 1077248K
  class space    used 3306K, capacity 3535K, committed 3584K, reserved 1048576K
Heap Regions: E=young(eden), S=young(survivor), O=old, HS=humongous(starts), HC=humongous(continues), CS=collection set, F=free, A=archive, TAMS=top-at-mark-start (previous, next)
|   0|0x0000000082400000, 0x0000000082500000, 0x0000000082500000|100%| O|  |TAMS 0x0000000082498c00, 0x0000000082400000| Untracked 
|   1|0x0000000082500000, 0x0000000082600000, 0x0000000082600000|100%| O|  |TAMS 0x0000000082500000, 0x0000000082500000| Untracked 
|   2|0x0000000082600000, 0x0000000082700000, 0x0000000082700000|100%| O|  |TAMS 0x0000000082600000, 0x0000000082600000| Untracked 
|   3|0x0000000082700000, 0x0000000082800000, 0x0000000082800000|100%| O|  |TAMS 0x0000000082700000, 0x0000000082700000| Untracked 
|   4|0x0000000082800000, 0x0000000082900000, 0x0000000082900000|100%| O|  |TAMS 0x0000000082800000, 0x0000000082800000| Untracked 
|   5|0x0000000082900000, 0x0000000082a00000, 0x0000000082a00000|100%| O|  |TAMS 0x0000000082900000, 0x0000000082900000| Untracked 
|   6|0x0000000082a00000, 0x0000000082b00000, 0x0000000082b00000|100%| O|  |TAMS 0x0000000082a00000, 0x0000000082a00000| Untracked 
|   7|0x0000000082b00000, 0x0000000082c00000, 0x0000000082c00000|100%| O|  |TAMS 0x0000000082b00000, 0x0000000082b00000| Untracked 
|   8|0x0000000082c00000, 0x0000000082d00000, 0x0000000082d00000|100%| O|  |TAMS 0x0000000082c00000, 0x0000000082c00000| Untracked 
|   9|0x0000000082d00000, 0x0000000082e00000, 0x0000000082e00000|100%| O|  |TAMS 0x0000000082d00000, 0x0000000082d00000| Untracked 
|  10|0x0000000082e00000, 0x0000000082f00000, 0x0000000082f00000|100%| O|  |TAMS 0x0000000082e00000, 0x0000000082e00000| Untracked 
|  11|0x0000000082f00000, 0x0000000083000000, 0x0000000083000000|100%| O|  |TAMS 0x0000000082f00000, 0x0000000082f00000| Untracked 
|  12|0x0000000083000000, 0x0000000083100000, 0x0000000083100000|100%| O|  |TAMS 0x0000000083000000, 0x0000000083000000| Untracked 
|  13|0x0000000083100000, 0x0000000083100000, 0x0000000083200000|  0%| F|  |TAMS 0x0000000083100000, 0x0000000083100000| Untracked 
|  14|0x0000000083200000, 0x0000000083200000, 0x0000000083300000|  0%| F|  |TAMS 0x0000000083200000, 0x0000000083200000| Untracked 
|  15|0x0000000083300000, 0x0000000083400000, 0x0000000083400000|100%|HS|  |TAMS 0x0000000083300000, 0x0000000083300000| Complete 
|  16|0x0000000083400000, 0x0000000083500000, 0x0000000083500000|100%|HS|  |TAMS 0x0000000083400000, 0x0000000083400000| Complete 
|  17|0x0000000083500000, 0x0000000083600000, 0x0000000083600000|100%| O|  |TAMS 0x0000000083500000, 0x0000000083500000| Untracked 
|  18|0x0000000083600000, 0x0000000083700000, 0x0000000083700000|100%| O|  |TAMS 0x0000000083600000, 0x0000000083600000| Untracked 
|  19|0x0000000083700000, 0x0000000083800000, 0x0000000083800000|100%| O|  |TAMS 0x0000000083700000, 0x0000000083700000| Untracked 
|  20|0x0000000083800000, 0x0000000083900000, 0x0000000083900000|100%| O|  |TAMS 0x0000000083800000, 0x0000000083800000| Untracked 
|  21|0x0000000083900000, 0x0000000083a00000, 0x0000000083a00000|100%| O|  |TAMS 0x0000000083900000, 0x0000000083900000| Untracked 
|  22|0x0000000083a00000, 0x0000000083a00000, 0x0000000083b00000|  0%| F|  |TAMS 0x0000000083a00000, 0x0000000083a00000| Untracked 
|  23|0x0000000083b00000, 0x0000000083b00000, 0x0000000083c00000|  0%| F|  |TAMS 0x0000000083b00000, 0x0000000083b00000| Untracked 
|  24|0x0000000083c00000, 0x0000000083c00000, 0x0000000083d00000|  0%| F|  |TAMS 0x0000000083c00000, 0x0000000083c00000| Untracked 
|  25|0x0000000083d00000, 0x0000000083d00000, 0x0000000083e00000|  0%| F|  |TAMS 0x0000000083d00000, 0x0000000083d00000| Untracked 
|  26|0x0000000083e00000, 0x0000000083e00000, 0x0000000083f00000|  0%| F|  |TAMS 0x0000000083e00000, 0x0000000083e00000| Untracked 
|  27|0x0000000083f00000, 0x0000000083f00000, 0x0000000084000000|  0%| F|  |TAMS 0x0000000083f00000, 0x0000000083f00000| Untracked 
|  28|0x0000000084000000, 0x0000000084000000, 0x0000000084100000|  0%| F|  |TAMS 0x0000000084000000, 0x0000000084000000| Untracked 
|  29|0x0000000084100000, 0x0000000084100000, 0x0000000084200000|  0%| F|  |TAMS 0x0000000084100000, 0x0000000084100000| Untracked 
|  30|0x0000000084200000, 0x0000000084200000, 0x0000000084300000|  0%| F|  |TAMS 0x0000000084200000, 0x0000000084200000| Untracked 
|  31|0x0000000084300000, 0x0000000084300000, 0x0000000084400000|  0%| F|  |TAMS 0x0000000084300000, 0x0000000084300000| Untracked 
|  32|0x0000000084400000, 0x0000000084400000, 0x0000000084500000|  0%| F|  |TAMS 0x0000000084400000, 0x0000000084400000| Untracked 
|  33|0x0000000084500000, 0x0000000084500000, 0x0000000084600000|  0%| F|  |TAMS 0x0000000084500000, 0x0000000084500000| Untracked 
|  34|0x0000000084600000, 0x0000000084600000, 0x0000000084700000|  0%| F|  |TAMS 0x0000000084600000, 0x0000000084600000| Untracked 
|  35|0x0000000084700000, 0x0000000084700000, 0x0000000084800000|  0%| F|  |TAMS 0x0000000084700000, 0x0000000084700000| Untracked 
|  36|0x0000000084800000, 0x0000000084800000, 0x0000000084900000|  0%| F|  |TAMS 0x0000000084800000, 0x0000000084800000| Untracked 
|  37|0x0000000084900000, 0x0000000084900000, 0x0000000084a00000|  0%| F|  |TAMS 0x0000000084900000, 0x0000000084900000| Untracked 
|  38|0x0000000084a00000, 0x0000000084a00000, 0x0000000084b00000|  0%| F|  |TAMS 0x0000000084a00000, 0x0000000084a00000| Untracked 
|  39|0x0000000084b00000, 0x0000000084b00000, 0x0000000084c00000|  0%| F|  |TAMS 0x0000000084b00000, 0x0000000084b00000| Untracked 
|  40|0x0000000084c00000, 0x0000000084c00000, 0x0000000084d00000|  0%| F|  |TAMS 0x0000000084c00000, 0x0000000084c00000| Untracked 
|  41|0x0000000084d00000, 0x0000000084e00000, 0x0000000084e00000|100%| S|CS|TAMS 0x0000000084d00000, 0x0000000084d00000| Complete 
|  42|0x0000000084e00000, 0x0000000084f00000, 0x0000000084f00000|100%| S|CS|TAMS 0x0000000084e00000, 0x0000000084e00000| Complete 
|  43|0x0000000084f00000, 0x0000000085000000, 0x0000000085000000|100%| S|CS|TAMS 0x0000000084f00000, 0x0000000084f00000| Complete 
|  44|0x0000000085000000, 0x0000000085100000, 0x0000000085100000|100%| S|CS|TAMS 0x0000000085000000, 0x0000000085000000| Complete 
|  45|0x0000000085100000, 0x0000000085200000, 0x0000000085200000|100%| S|CS|TAMS 0x0000000085100000, 0x0000000085100000| Complete 
|  46|0x0000000085200000, 0x0000000085300000, 0x0000000085300000|100%| S|CS|TAMS 0x0000000085200000, 0x0000000085200000| Complete 
|  47|0x0000000085300000, 0x0000000085400000, 0x0000000085400000|100%| S|CS|TAMS 0x0000000085300000, 0x0000000085300000| Complete 
|  48|0x0000000085400000, 0x0000000085500000, 0x0000000085500000|100%| S|CS|TAMS 0x0000000085400000, 0x0000000085400000| Complete 
|  49|0x0000000085500000, 0x0000000085600000, 0x0000000085600000|100%| S|CS|TAMS 0x0000000085500000, 0x0000000085500000| Complete 
|  50|0x0000000085600000, 0x0000000085700000, 0x0000000085700000|100%| S|CS|TAMS 0x0000000085600000, 0x0000000085600000| Complete 
|  51|0x0000000085700000, 0x0000000085700000, 0x0000000085800000|  0%| F|  |TAMS 0x0000000085700000, 0x0000000085700000| Untracked 
|  52|0x0000000085800000, 0x0000000085800000, 0x0000000085900000|  0%| F|  |TAMS 0x0000000085800000, 0x0000000085800000| Untracked 
|  53|0x0000000085900000, 0x0000000085900000, 0x0000000085a00000|  0%| F|  |TAMS 0x0000000085900000, 0x0000000085900000| Untracked 
|  54|0x0000000085a00000, 0x0000000085a00000, 0x0000000085b00000|  0%| F|  |TAMS 0x0000000085a00000, 0x0000000085a00000| Untracked 
|  55|0x0000000085b00000, 0x0000000085b00000, 0x0000000085c00000|  0%| F|  |TAMS 0x0000000085b00000, 0x0000000085b00000| Untracked 
|  56|0x0000000085c00000, 0x0000000085c00000, 0x0000000085d00000|  0%| F|  |TAMS 0x0000000085c00000, 0x0000000085c00000| Untracked 
|  57|0x0000000085d00000, 0x0000000085d00000, 0x0000000085e00000|  0%| F|  |TAMS 0x0000000085d00000, 0x0000000085d00000| Untracked 
|  58|0x0000000085e00000, 0x0000000085e00000, 0x0000000085f00000|  0%| F|  |TAMS 0x0000000085e00000, 0x0000000085e00000| Untracked 
|  59|0x0000000085f00000, 0x0000000085f00000, 0x0000000086000000|  0%| F|  |TAMS 0x0000000085f00000, 0x0000000085f00000| Untracked 
|  60|0x0000000086000000, 0x0000000086000000, 0x0000000086100000|  0%| F|  |TAMS 0x0000000086000000, 0x0000000086000000| Untracked 
|  61|0x0000000086100000, 0x0000000086100000, 0x0000000086200000|  0%| F|  |TAMS 0x0000000086100000, 0x0000000086100000| Untracked 
|  62|0x0000000086200000, 0x0000000086200000, 0x0000000086300000|  0%| F|  |TAMS 0x0000000086200000, 0x0000000086200000| Untracked 
|  63|0x0000000086300000, 0x0000000086300000, 0x0000000086400000|  0%| F|  |TAMS 0x0000000086300000, 0x0000000086300000| Untracked 
|  64|0x0000000086400000, 0x0000000086400000, 0x0000000086500000|  0%| F|  |TAMS 0x0000000086400000, 0x0000000086400000| Untracked 
|  65|0x0000000086500000, 0x0000000086500000, 0x0000000086600000|  0%| F|  |TAMS 0x0000000086500000, 0x0000000086500000| Untracked 
|  66|0x0000000086600000, 0x0000000086600000, 0x0000000086700000|  0%| F|  |TAMS 0x0000000086600000, 0x0000000086600000| Untracked 
|  67|0x0000000086700000, 0x0000000086700000, 0x0000000086800000|  0%| F|  |TAMS 0x0000000086700000, 0x0000000086700000| Untracked 
|  68|0x0000000086800000, 0x0000000086800000, 0x0000000086900000|  0%| F|  |TAMS 0x0000000086800000, 0x0000000086800000| Untracked 
|  69|0x0000000086900000, 0x0000000086900000, 0x0000000086a00000|  0%| F|  |TAMS 0x0000000086900000, 0x0000000086900000| Untracked 
|  70|0x0000000086a00000, 0x0000000086a00000, 0x0000000086b00000|  0%| F|  |TAMS 0x0000000086a00000, 0x0000000086a00000| Untracked 
|  71|0x0000000086b00000, 0x0000000086b00000, 0x0000000086c00000|  0%| F|  |TAMS 0x0000000086b00000, 0x0000000086b00000| Untracked 
|  72|0x0000000086c00000, 0x0000000086c00000, 0x0000000086d00000|  0%| F|  |TAMS 0x0000000086c00000, 0x0000000086c00000| Untracked 
|  73|0x0000000086d00000, 0x0000000086d00000, 0x0000000086e00000|  0%| F|  |TAMS 0x0000000086d00000, 0x0000000086d00000| Untracked 
|  74|0x0000000086e00000, 0x0000000086e00000, 0x0000000086f00000|  0%| F|  |TAMS 0x0000000086e00000, 0x0000000086e00000| Untracked 
|  75|0x0000000086f00000, 0x0000000086f00000, 0x0000000087000000|  0%| F|  |TAMS 0x0000000086f00000, 0x0000000086f00000| Untracked 
|  76|0x0000000087000000, 0x0000000087000000, 0x0000000087100000|  0%| F|  |TAMS 0x0000000087000000, 0x0000000087000000| Untracked 
|  77|0x0000000087100000, 0x0000000087100000, 0x0000000087200000|  0%| F|  |TAMS 0x0000000087100000, 0x0000000087100000| Untracked 
|  78|0x0000000087200000, 0x0000000087200000, 0x0000000087300000|  0%| F|  |TAMS 0x0000000087200000, 0x0000000087200000| Untracked 
|  79|0x0000000087300000, 0x0000000087300000, 0x0000000087400000|  0%| F|  |TAMS 0x0000000087300000, 0x0000000087300000| Untracked 
|  80|0x0000000087400000, 0x0000000087400000, 0x0000000087500000|  0%| F|  |TAMS 0x0000000087400000, 0x0000000087400000| Untracked 
|  81|0x0000000087500000, 0x0000000087500000, 0x0000000087600000|  0%| F|  |TAMS 0x0000000087500000, 0x0000000087500000| Untracked 
|  82|0x0000000087600000, 0x0000000087600000, 0x0000000087700000|  0%| F|  |TAMS 0x0000000087600000, 0x0000000087600000| Untracked 
|  83|0x0000000087700000, 0x0000000087700000, 0x0000000087800000|  0%| F|  |TAMS 0x0000000087700000, 0x0000000087700000| Untracked 
|  84|0x0000000087800000, 0x0000000087800000, 0x0000000087900000|  0%| F|  |TAMS 0x0000000087800000, 0x0000000087800000| Untracked 
|  85|0x0000000087900000, 0x0000000087900000, 0x0000000087a00000|  0%| F|  |TAMS 0x0000000087900000, 0x0000000087900000| Untracked 
|  86|0x0000000087a00000, 0x0000000087a00000, 0x0000000087b00000|  0%| F|  |TAMS 0x0000000087a00000, 0x0000000087a00000| Untracked 
|  87|0x0000000087b00000, 0x0000000087b00000, 0x0000000087c00000|  0%| F|  |TAMS 0x0000000087b00000, 0x0000000087b00000| Untracked 
|  88|0x0000000087c00000, 0x0000000087c00000, 0x0000000087d00000|  0%| F|  |TAMS 0x0000000087c00000, 0x0000000087c00000| Untracked 
|  89|0x0000000087d00000, 0x0000000087d00000, 0x0000000087e00000|  0%| F|  |TAMS 0x0000000087d00000, 0x0000000087d00000| Untracked 
|  90|0x0000000087e00000, 0x0000000087e00000, 0x0000000087f00000|  0%| F|  |TAMS 0x0000000087e00000, 0x0000000087e00000| Untracked 
|  91|0x0000000087f00000, 0x0000000087f00000, 0x0000000088000000|  0%| F|  |TAMS 0x0000000087f00000, 0x0000000087f00000| Untracked 
|  92|0x0000000088000000, 0x0000000088000000, 0x0000000088100000|  0%| F|  |TAMS 0x0000000088000000, 0x0000000088000000| Untracked 
|  93|0x0000000088100000, 0x0000000088100000, 0x0000000088200000|  0%| F|  |TAMS 0x0000000088100000, 0x0000000088100000| Untracked 
|  94|0x0000000088200000, 0x0000000088200000, 0x0000000088300000|  0%| F|  |TAMS 0x0000000088200000, 0x0000000088200000| Untracked 
|  95|0x0000000088300000, 0x0000000088300000, 0x0000000088400000|  0%| F|  |TAMS 0x0000000088300000, 0x0000000088300000| Untracked 
|  96|0x0000000088400000, 0x0000000088400000, 0x0000000088500000|  0%| F|  |TAMS 0x0000000088400000, 0x0000000088400000| Untracked 
|  97|0x0000000088500000, 0x0000000088500000, 0x0000000088600000|  0%| F|  |TAMS 0x0000000088500000, 0x0000000088500000| Untracked 
|  98|0x0000000088600000, 0x0000000088600000, 0x0000000088700000|  0%| F|  |TAMS 0x0000000088600000, 0x0000000088600000| Untracked 
|  99|0x0000000088700000, 0x0000000088700000, 0x0000000088800000|  0%| F|  |TAMS 0x0000000088700000, 0x0000000088700000| Untracked 
| 100|0x0000000088800000, 0x0000000088800000, 0x0000000088900000|  0%| F|  |TAMS 0x0000000088800000, 0x0000000088800000| Untracked 
| 101|0x0000000088900000, 0x0000000088900000, 0x0000000088a00000|  0%| F|  |TAMS 0x0000000088900000, 0x0000000088900000| Untracked 
| 102|0x0000000088a00000, 0x0000000088a00000, 0x0000000088b00000|  0%| F|  |TAMS 0x0000000088a00000, 0x0000000088a00000| Untracked 
| 103|0x0000000088b00000, 0x0000000088b00000, 0x0000000088c00000|  0%| F|  |TAMS 0x0000000088b00000, 0x0000000088b00000| Untracked 
| 104|0x0000000088c00000, 0x0000000088c00000, 0x0000000088d00000|  0%| F|  |TAMS 0x0000000088c00000, 0x0000000088c00000| Untracked 
| 105|0x0000000088d00000, 0x0000000088d00000, 0x0000000088e00000|  0%| F|  |TAMS 0x0000000088d00000, 0x0000000088d00000| Untracked 
| 106|0x0000000088e00000, 0x0000000088e00000, 0x0000000088f00000|  0%| F|  |TAMS 0x0000000088e00000, 0x0000000088e00000| Untracked 
| 107|0x0000000088f00000, 0x0000000088f00000, 0x0000000089000000|  0%| F|  |TAMS 0x0000000088f00000, 0x0000000088f00000| Untracked 
| 108|0x0000000089000000, 0x0000000089000000, 0x0000000089100000|  0%| F|  |TAMS 0x0000000089000000, 0x0000000089000000| Untracked 
| 109|0x0000000089100000, 0x0000000089100000, 0x0000000089200000|  0%| F|  |TAMS 0x0000000089100000, 0x0000000089100000| Untracked 
| 110|0x0000000089200000, 0x0000000089200000, 0x0000000089300000|  0%| F|  |TAMS 0x0000000089200000, 0x0000000089200000| Untracked 
| 111|0x0000000089300000, 0x0000000089300000, 0x0000000089400000|  0%| F|  |TAMS 0x0000000089300000, 0x0000000089300000| Untracked 
| 112|0x0000000089400000, 0x0000000089400000, 0x0000000089500000|  0%| F|  |TAMS 0x0000000089400000, 0x0000000089400000| Untracked 
| 113|0x0000000089500000, 0x0000000089500000, 0x0000000089600000|  0%| F|  |TAMS 0x0000000089500000, 0x0000000089500000| Untracked 
| 114|0x0000000089600000, 0x0000000089600000, 0x0000000089700000|  0%| F|  |TAMS 0x0000000089600000, 0x0000000089600000| Untracked 
| 115|0x0000000089700000, 0x0000000089700000, 0x0000000089800000|  0%| F|  |TAMS 0x0000000089700000, 0x0000000089700000| Untracked 
| 116|0x0000000089800000, 0x0000000089800000, 0x0000000089900000|  0%| F|  |TAMS 0x0000000089800000, 0x0000000089800000| Untracked 
| 117|0x0000000089900000, 0x0000000089900000, 0x0000000089a00000|  0%| F|  |TAMS 0x0000000089900000, 0x0000000089900000| Untracked 
| 118|0x0000000089a00000, 0x0000000089a00000, 0x0000000089b00000|  0%| F|  |TAMS 0x0000000089a00000, 0x0000000089a00000| Untracked 
| 119|0x0000000089b00000, 0x0000000089b00000, 0x0000000089c00000|  0%| F|  |TAMS 0x0000000089b00000, 0x0000000089b00000| Untracked 
| 120|0x0000000089c00000, 0x0000000089c00000, 0x0000000089d00000|  0%| F|  |TAMS 0x0000000089c00000, 0x0000000089c00000| Untracked 
| 121|0x0000000089d00000, 0x0000000089d00000, 0x0000000089e00000|  0%| F|  |TAMS 0x0000000089d00000, 0x0000000089d00000| Untracked 
| 122|0x0000000089e00000, 0x0000000089e00000, 0x0000000089f00000|  0%| F|  |TAMS 0x0000000089e00000, 0x0000000089e00000| Untracked 
| 123|0x0000000089f00000, 0x0000000089f00000, 0x000000008a000000|  0%| F|  |TAMS 0x0000000089f00000, 0x0000000089f00000| Untracked 
| 124|0x000000008a000000, 0x000000008a000000, 0x000000008a100000|  0%| F|  |TAMS 0x000000008a000000, 0x000000008a000000| Untracked 
| 125|0x000000008a100000, 0x000000008a100000, 0x000000008a200000|  0%| F|  |TAMS 0x000000008a100000, 0x000000008a100000| Untracked 

Card table byte_map: [0x000001d739e40000,0x000001d73a230000] _byte_map_base: 0x000001d739a2e000

Marking Bits (Prev, Next): (CMBitMap*) 0x000001d7222e5b90, (CMBitMap*) 0x000001d7222e5b58
 Prev Bits: [0x000001d73c590000, 0x000001d73e500000)
 Next Bits: [0x000001d73a620000, 0x000001d73c590000)

Polling page: 0x000001d721a80000

Metaspace:

Usage:
  Non-class:     27.84 MB capacity,    27.33 MB ( 98%) used,   479.59 KB (  2%) free+waste,    45.06 KB ( <1%) overhead. 
      Class:      3.45 MB capacity,     3.23 MB ( 94%) used,   209.55 KB (  6%) free+waste,    18.63 KB ( <1%) overhead. 
       Both:     31.29 MB capacity,    30.56 MB ( 98%) used,   689.13 KB (  2%) free+waste,    63.69 KB ( <1%) overhead. 

Virtual space:
  Non-class space:       28.00 MB reserved,      27.92 MB (>99%) committed 
      Class space:        1.00 GB reserved,       3.50 MB ( <1%) committed 
             Both:        1.03 GB reserved,      31.42 MB (  3%) committed 

Chunk freelists:
   Non-Class:  2.25 KB
       Class:  2.13 KB
        Both:  4.38 KB

CodeHeap 'non-profiled nmethods': size=120000Kb used=2719Kb max_used=2719Kb free=117280Kb
 bounds [0x000001d7321f0000, 0x000001d7324b0000, 0x000001d739720000]
CodeHeap 'profiled nmethods': size=120000Kb used=10638Kb max_used=10828Kb free=109361Kb
 bounds [0x000001d72acc0000, 0x000001d72b790000, 0x000001d7321f0000]
CodeHeap 'non-nmethods': size=5760Kb used=1134Kb max_used=1171Kb free=4625Kb
 bounds [0x000001d72a720000, 0x000001d72a990000, 0x000001d72acc0000]
 total_blobs=4832 nmethods=4374 adapters=369
 compilation: enabled
              stopped_count=0, restarted_count=0
 full_count=0

Compilation events (10 events):
Event: 10.599 Thread 0x000001d742ac1000 nmethod 4705 0x000001d73224d090 code [0x000001d73224d220, 0x000001d73224d2f8]
Event: 10.599 Thread 0x000001d742ac1000 4708       4       com.sun.tools.javac.parser.UnicodeReader::putChar (41 bytes)
Event: 10.607 Thread 0x000001d742ac1000 nmethod 4708 0x000001d73224e210 code [0x000001d73224e3c0, 0x000001d73224e8a8]
Event: 10.607 Thread 0x000001d742ac1000 4737       4       com.sun.tools.javac.util.Name$Table::hashValue (36 bytes)
Event: 10.615 Thread 0x000001d742ac1000 nmethod 4737 0x000001d73224dd10 code [0x000001d73224dea0, 0x000001d73224e118]
Event: 10.615 Thread 0x000001d742ac1000 4739       4       com.sun.tools.javac.util.Convert::chars2utf (159 bytes)
Event: 10.619 Thread 0x000001d7417fe000 nmethod 4730 0x000001d72b766a90 code [0x000001d72b768640, 0x000001d72b77a170]
Event: 10.619 Thread 0x000001d7417fe000 4741       3       com.sun.tools.javac.parser.JavacParser::term3Rest (706 bytes)
Event: 10.623 Thread 0x000001d742ac1000 nmethod 4739 0x000001d73224d790 code [0x000001d73224d920, 0x000001d73224db58]
Event: 10.623 Thread 0x000001d742ac1000 4710       4       com.sun.tools.javac.parser.UnicodeReader::putChar (10 bytes)

GC Heap History (10 events):
Event: 1.184 GC heap after
{Heap after GC invocations=1 (full 0):
 garbage-first heap   total 129024K, used 3683K [0x0000000082400000, 0x0000000100000000)
  region size 1024K, 3 young (3072K), 3 survivors (3072K)
 Metaspace       used 12491K, capacity 12661K, committed 12928K, reserved 1060864K
  class space    used 1261K, capacity 1348K, committed 1408K, reserved 1048576K
}
Event: 3.312 GC heap before
{Heap before GC invocations=1 (full 0):
 garbage-first heap   total 129024K, used 50787K [0x0000000082400000, 0x0000000100000000)
  region size 1024K, 50 young (51200K), 3 survivors (3072K)
 Metaspace       used 20839K, capacity 21173K, committed 21296K, reserved 1069056K
  class space    used 2252K, capacity 2379K, committed 2432K, reserved 1048576K
}
Event: 3.322 GC heap after
{Heap after GC invocations=2 (full 0):
 garbage-first heap   total 129024K, used 7121K [0x0000000082400000, 0x0000000100000000)
  region size 1024K, 7 young (7168K), 7 survivors (7168K)
 Metaspace       used 20839K, capacity 21173K, committed 21296K, reserved 1069056K
  class space    used 2252K, capacity 2379K, committed 2432K, reserved 1048576K
}
Event: 4.265 GC heap before
{Heap before GC invocations=3 (full 0):
 garbage-first heap   total 129024K, used 63441K [0x0000000082400000, 0x0000000100000000)
  region size 1024K, 62 young (63488K), 7 survivors (7168K)
 Metaspace       used 21960K, capacity 22367K, committed 22704K, reserved 1069056K
  class space    used 2306K, capacity 2456K, committed 2560K, reserved 1048576K
}
Event: 4.294 GC heap after
{Heap after GC invocations=4 (full 0):
 garbage-first heap   total 129024K, used 12911K [0x0000000082400000, 0x0000000100000000)
  region size 1024K, 8 young (8192K), 8 survivors (8192K)
 Metaspace       used 21960K, capacity 22367K, committed 22704K, reserved 1069056K
  class space    used 2306K, capacity 2456K, committed 2560K, reserved 1048576K
}
Event: 5.557 GC heap before
{Heap before GC invocations=4 (full 0):
 garbage-first heap   total 129024K, used 81519K [0x0000000082400000, 0x0000000100000000)
  region size 1024K, 75 young (76800K), 8 survivors (8192K)
 Metaspace       used 22751K, capacity 23114K, committed 23472K, reserved 1071104K
  class space    used 2320K, capacity 2491K, committed 2560K, reserved 1048576K
}
Event: 5.578 GC heap after
{Heap after GC invocations=5 (full 0):
 garbage-first heap   total 129024K, used 18103K [0x0000000082400000, 0x0000000100000000)
  region size 1024K, 10 young (10240K), 10 survivors (10240K)
 Metaspace       used 22751K, capacity 23114K, committed 23472K, reserved 1071104K
  class space    used 2320K, capacity 2491K, committed 2560K, reserved 1048576K
}
Event: 7.668 GC heap before
{Heap before GC invocations=5 (full 0):
 garbage-first heap   total 129024K, used 84663K [0x0000000082400000, 0x0000000100000000)
  region size 1024K, 75 young (76800K), 10 survivors (10240K)
 Metaspace       used 24578K, capacity 25138K, committed 25392K, reserved 1073152K
  class space    used 2487K, capacity 2678K, committed 2688K, reserved 1048576K
}
Event: 7.689 GC heap after
{Heap after GC invocations=6 (full 0):
 garbage-first heap   total 129024K, used 20411K [0x0000000082400000, 0x0000000100000000)
  region size 1024K, 7 young (7168K), 7 survivors (7168K)
 Metaspace       used 24578K, capacity 25138K, committed 25392K, reserved 1073152K
  class space    used 2487K, capacity 2678K, committed 2688K, reserved 1048576K
}
Event: 10.624 GC heap before
{Heap before GC invocations=6 (full 0):
 garbage-first heap   total 129024K, used 93115K [0x0000000082400000, 0x0000000100000000)
  region size 1024K, 75 young (76800K), 7 survivors (7168K)
 Metaspace       used 31292K, capacity 32045K, committed 32176K, reserved 1077248K
  class space    used 3306K, capacity 3535K, committed 3584K, reserved 1048576K
}

Deoptimization events (10 events):
Event: 10.326 Thread 0x000001d7222a8000 Uncommon trap: reason=class_check action=maybe_recompile pc=0x000001d7322205b4 method=jdk.internal.loader.URLClassPath.getLoader(I)Ljdk/internal/loader/URLClassPath$Loader; @ 88 c2
Event: 10.469 Thread 0x000001d7222a8000 Uncommon trap: reason=unloaded action=reinterpret pc=0x000001d732227e14 method=jdk.internal.loader.URLClassPath$JarLoader.ensureOpen()V @ 26 c2
Event: 10.511 Thread 0x000001d7222a8000 Uncommon trap: reason=bimorphic_or_optimized_type_check action=maybe_recompile pc=0x000001d73234e6dc method=java.util.regex.Matcher.match(II)Z @ 121 c2
Event: 10.554 Thread 0x000001d7222a8000 Uncommon trap: reason=bimorphic_or_optimized_type_check action=maybe_recompile pc=0x000001d73234e6dc method=java.util.regex.Matcher.match(II)Z @ 121 c2
Event: 10.554 Thread 0x000001d7222a8000 Uncommon trap: reason=bimorphic_or_optimized_type_check action=maybe_recompile pc=0x000001d7322dad08 method=java.util.regex.Pattern$CharPropertyGreedy.match(Ljava/util/regex/Matcher;ILjava/lang/CharSequence;)Z @ 28 c2
Event: 10.555 Thread 0x000001d7222a8000 Uncommon trap: reason=bimorphic_or_optimized_type_check action=maybe_recompile pc=0x000001d73234e6dc method=java.util.regex.Matcher.match(II)Z @ 121 c2
Event: 10.555 Thread 0x000001d7222a8000 Uncommon trap: reason=bimorphic_or_optimized_type_check action=maybe_recompile pc=0x000001d7322dad08 method=java.util.regex.Pattern$CharPropertyGreedy.match(Ljava/util/regex/Matcher;ILjava/lang/CharSequence;)Z @ 28 c2
Event: 10.558 Thread 0x000001d7222a8000 Uncommon trap: reason=bimorphic_or_optimized_type_check action=maybe_recompile pc=0x000001d73234e6dc method=java.util.regex.Matcher.match(II)Z @ 121 c2
Event: 10.559 Thread 0x000001d7222a8000 Uncommon trap: reason=bimorphic_or_optimized_type_check action=maybe_recompile pc=0x000001d7322dad08 method=java.util.regex.Pattern$CharPropertyGreedy.match(Ljava/util/regex/Matcher;ILjava/lang/CharSequence;)Z @ 28 c2
Event: 10.560 Thread 0x000001d7222a8000 Uncommon trap: reason=bimorphic_or_optimized_type_check action=maybe_recompile pc=0x000001d7322dad08 method=java.util.regex.Pattern$CharPropertyGreedy.match(Ljava/util/regex/Matcher;ILjava/lang/CharSequence;)Z @ 28 c2

Classes redefined (0 events):
No events

Internal exceptions (10 events):
Event: 10.472 Thread 0x000001d7222a8000 Exception <a 'java/security/PrivilegedActionException'{0x00000000861b8f98}> (0x00000000861b8f98) thrown at [./open/src/hotspot/share/prims/jvm.cpp, line 1296]
Event: 10.472 Thread 0x000001d7222a8000 Exception <a 'java/security/PrivilegedActionException'{0x00000000861b9510}> (0x00000000861b9510) thrown at [./open/src/hotspot/share/prims/jvm.cpp, line 1296]
Event: 10.472 Thread 0x000001d7222a8000 Exception <a 'java/security/PrivilegedActionException'{0x00000000861ba5a8}> (0x00000000861ba5a8) thrown at [./open/src/hotspot/share/prims/jvm.cpp, line 1296]
Event: 10.472 Thread 0x000001d7222a8000 Exception <a 'java/security/PrivilegedActionException'{0x00000000861bab20}> (0x00000000861bab20) thrown at [./open/src/hotspot/share/prims/jvm.cpp, line 1296]
Event: 10.472 Thread 0x000001d7222a8000 Exception <a 'java/security/PrivilegedActionException'{0x00000000861bbbb8}> (0x00000000861bbbb8) thrown at [./open/src/hotspot/share/prims/jvm.cpp, line 1296]
Event: 10.472 Thread 0x000001d7222a8000 Exception <a 'java/security/PrivilegedActionException'{0x00000000861bc130}> (0x00000000861bc130) thrown at [./open/src/hotspot/share/prims/jvm.cpp, line 1296]
Event: 10.472 Thread 0x000001d7222a8000 Exception <a 'java/security/PrivilegedActionException'{0x00000000861bd200}> (0x00000000861bd200) thrown at [./open/src/hotspot/share/prims/jvm.cpp, line 1296]
Event: 10.472 Thread 0x000001d7222a8000 Exception <a 'java/security/PrivilegedActionException'{0x00000000861bd778}> (0x00000000861bd778) thrown at [./open/src/hotspot/share/prims/jvm.cpp, line 1296]
Event: 10.472 Thread 0x000001d7222a8000 Exception <a 'java/security/PrivilegedActionException'{0x00000000861be848}> (0x00000000861be848) thrown at [./open/src/hotspot/share/prims/jvm.cpp, line 1296]
Event: 10.472 Thread 0x000001d7222a8000 Exception <a 'java/security/PrivilegedActionException'{0x00000000861bedc0}> (0x00000000861bedc0) thrown at [./open/src/hotspot/share/prims/jvm.cpp, line 1296]

Events (10 events):
Event: 10.560 Thread 0x000001d7222a8000 Uncommon trap: trap_request=0xffffffc6 fr.pc=0x000001d7322dad08 relative=0x0000000000000d08
Event: 10.560 Thread 0x000001d7222a8000 DEOPT PACKING pc=0x000001d7322dad08 sp=0x0000003c8bafd300
Event: 10.561 Thread 0x000001d7222a8000 DEOPT UNPACKING pc=0x000001d72a748f2f sp=0x0000003c8bafd2c0 mode 2
Event: 10.606 loading class java/util/Spliterators$IteratorSpliterator
Event: 10.606 loading class java/util/Spliterators$IteratorSpliterator done
Event: 10.607 loading class com/sun/tools/javac/tree/JCTree$JCLiteral
Event: 10.607 loading class com/sun/tools/javac/tree/JCTree$JCLiteral done
Event: 10.607 loading class com/sun/tools/javac/tree/JCTree$JCLiteral
Event: 10.607 loading class com/sun/tools/javac/tree/JCTree$JCLiteral done
Event: 10.624 Executing VM operation: G1CollectForAllocation


Dynamic libraries:
0x00007ff657020000 - 0x00007ff65702f000 	C:\Program Files\Java\jdk-11.0.9\bin\java.exe
0x00007ffb57b60000 - 0x00007ffb57d50000 	C:\Windows\SYSTEM32\ntdll.dll
0x00007ffb57a60000 - 0x00007ffb57b12000 	C:\Windows\System32\KERNEL32.DLL
0x00007ffb54b30000 - 0x00007ffb54dd5000 	C:\Windows\System32\KERNELBASE.dll
0x00007ffb55770000 - 0x00007ffb5586a000 	C:\Windows\System32\ucrtbase.dll
0x00007ffb4c530000 - 0x00007ffb4c545000 	C:\Program Files\Java\jdk-11.0.9\bin\VCRUNTIME140.dll
0x00007ffb4c3b0000 - 0x00007ffb4c3c8000 	C:\Program Files\Java\jdk-11.0.9\bin\jli.dll
0x00007ffb57230000 - 0x00007ffb572d3000 	C:\Windows\System32\ADVAPI32.dll
0x00007ffb56090000 - 0x00007ffb5612e000 	C:\Windows\System32\msvcrt.dll
0x00007ffb574a0000 - 0x00007ffb57537000 	C:\Windows\System32\sechost.dll
0x00007ffb56210000 - 0x00007ffb5632f000 	C:\Windows\System32\RPCRT4.dll
0x00007ffb56ad0000 - 0x00007ffb56c64000 	C:\Windows\System32\USER32.dll
0x00007ffb54e10000 - 0x00007ffb54e31000 	C:\Windows\System32\win32u.dll
0x00007ffb56060000 - 0x00007ffb56086000 	C:\Windows\System32\GDI32.dll
0x00007ffb55a70000 - 0x00007ffb55c08000 	C:\Windows\System32\gdi32full.dll
0x00007ffb389a0000 - 0x00007ffb38c24000 	C:\Windows\WinSxS\amd64_microsoft.windows.common-controls_6595b64144ccf1df_6.0.18362.1379_none_9e7ff3b3e45cc0c4\COMCTL32.dll
0x00007ffb54ef0000 - 0x00007ffb54f8e000 	C:\Windows\System32\msvcp_win.dll
0x00007ffb57540000 - 0x00007ffb57877000 	C:\Windows\System32\combase.dll
0x00007ffb55870000 - 0x00007ffb558f1000 	C:\Windows\System32\bcryptPrimitives.dll
0x00007ffb4bfe0000 - 0x00007ffb4bfea000 	C:\Windows\SYSTEM32\VERSION.dll
0x00007ffb57a30000 - 0x00007ffb57a5e000 	C:\Windows\System32\IMM32.DLL
0x00007ffb2f6e0000 - 0x00007ffb2f77b000 	C:\Program Files\Java\jdk-11.0.9\bin\msvcp140.dll
0x00007ffaf5040000 - 0x00007ffaf5b37000 	C:\Program Files\Java\jdk-11.0.9\bin\server\jvm.dll
0x00007ffb56200000 - 0x00007ffb56208000 	C:\Windows\System32\PSAPI.DLL
0x00007ffb52570000 - 0x00007ffb52594000 	C:\Windows\SYSTEM32\WINMM.dll
0x00007ffb35870000 - 0x00007ffb35879000 	C:\Windows\SYSTEM32\WSOCK32.dll
0x00007ffb56190000 - 0x00007ffb561ff000 	C:\Windows\System32\WS2_32.dll
0x00007ffb52540000 - 0x00007ffb5256d000 	C:\Windows\SYSTEM32\WINMMBASE.dll
0x00007ffb54ae0000 - 0x00007ffb54b2a000 	C:\Windows\System32\cfgmgr32.dll
0x00007ffb54aa0000 - 0x00007ffb54ab1000 	C:\Windows\System32\kernel.appcore.dll
0x00007ffb4c420000 - 0x00007ffb4c430000 	C:\Program Files\Java\jdk-11.0.9\bin\verify.dll
0x00007ffb532c0000 - 0x00007ffb534b4000 	C:\Windows\SYSTEM32\DBGHELP.DLL
0x00007ffb3bd40000 - 0x00007ffb3bd6a000 	C:\Windows\SYSTEM32\dbgcore.DLL
0x00007ffb4c380000 - 0x00007ffb4c3a8000 	C:\Program Files\Java\jdk-11.0.9\bin\java.dll
0x00007ffb480e0000 - 0x00007ffb480ea000 	C:\Program Files\Java\jdk-11.0.9\bin\jimage.dll
0x00007ffb44ca0000 - 0x00007ffb44cb6000 	C:\Program Files\Java\jdk-11.0.9\bin\zip.dll
0x00007ffb563e0000 - 0x00007ffb56ac8000 	C:\Windows\System32\SHELL32.dll
0x00007ffb56330000 - 0x00007ffb563d7000 	C:\Windows\System32\shcore.dll
0x00007ffb54ff0000 - 0x00007ffb5576b000 	C:\Windows\System32\windows.storage.dll
0x00007ffb54a70000 - 0x00007ffb54a93000 	C:\Windows\System32\profapi.dll
0x00007ffb54a20000 - 0x00007ffb54a6a000 	C:\Windows\System32\powrprof.dll
0x00007ffb54a10000 - 0x00007ffb54a20000 	C:\Windows\System32\UMPDC.dll
0x00007ffb55c10000 - 0x00007ffb55c62000 	C:\Windows\System32\shlwapi.dll
0x00007ffb55900000 - 0x00007ffb55917000 	C:\Windows\System32\cryptsp.dll
0x00007ffb44c80000 - 0x00007ffb44c99000 	C:\Program Files\Java\jdk-11.0.9\bin\net.dll
0x00007ffb46c70000 - 0x00007ffb46d60000 	C:\Windows\SYSTEM32\WINHTTP.dll
0x00007ffb54220000 - 0x00007ffb54287000 	C:\Windows\system32\mswsock.dll
0x00007ffb443f0000 - 0x00007ffb44402000 	C:\Program Files\Java\jdk-11.0.9\bin\nio.dll
0x00007ffb44c70000 - 0x00007ffb44c7a000 	D:\apache-maven-3.6.3\apache-maven-3.6.3\lib\jansi-native\windows64\jansi.dll
0x00007ffb3f8e0000 - 0x00007ffb3f905000 	C:\Program Files\Java\jdk-11.0.9\bin\sunec.dll

dbghelp: loaded successfully - version: 4.0.5 - missing functions: none
symbol engine: initialized successfully - sym options: 0x614 - pdb path: .;C:\Program Files\Java\jdk-11.0.9\bin;C:\Windows\SYSTEM32;C:\Windows\WinSxS\amd64_microsoft.windows.common-controls_6595b64144ccf1df_6.0.18362.1379_none_9e7ff3b3e45cc0c4;C:\Program Files\Java\jdk-11.0.9\bin\server;D:\apache-maven-3.6.3\apache-maven-3.6.3\lib\jansi-native\windows64

VM Arguments:
jvm_args: -Dclassworlds.conf=D:\apache-maven-3.6.3\apache-maven-3.6.3\bin\..\bin\m2.conf -Dmaven.home=D:\apache-maven-3.6.3\apache-maven-3.6.3\bin\.. -Dlibrary.jansi.path=D:\apache-maven-3.6.3\apache-maven-3.6.3\bin\..\lib\jansi-native -Dmaven.multiModuleProjectDirectory=D:\codigo\siniestros 
java_command: org.codehaus.plexus.classworlds.launcher.Launcher clean install -DskipTests
java_class_path (initial): D:\apache-maven-3.6.3\apache-maven-3.6.3\bin\..\boot\plexus-classworlds-2.6.0.jar
Launcher Type: SUN_STANDARD

[Global flags]
     intx CICompilerCount                          = 4                                         {product} {ergonomic}
     uint ConcGCThreads                            = 2                                         {product} {ergonomic}
     uint G1ConcRefinementThreads                  = 8                                         {product} {ergonomic}
   size_t G1HeapRegionSize                         = 1048576                                   {product} {ergonomic}
    uintx GCDrainStackTargetSize                   = 64                                        {product} {ergonomic}
   size_t InitialHeapSize                          = 132120576                                 {product} {ergonomic}
   size_t MarkStackSize                            = 4194304                                   {product} {ergonomic}
   size_t MaxHeapSize                              = 2109734912                                {product} {ergonomic}
   size_t MaxNewSize                               = 1265631232                                {product} {ergonomic}
   size_t MinHeapDeltaBytes                        = 1048576                                   {product} {ergonomic}
    uintx NonNMethodCodeHeapSize                   = 5836300                                {pd product} {ergonomic}
    uintx NonProfiledCodeHeapSize                  = 122910970                              {pd product} {ergonomic}
    uintx ProfiledCodeHeapSize                     = 122910970                              {pd product} {ergonomic}
    uintx ReservedCodeCacheSize                    = 251658240                              {pd product} {ergonomic}
     bool SegmentedCodeCache                       = true                                      {product} {ergonomic}
     bool UseCompressedClassPointers               = true                                 {lp64_product} {ergonomic}
     bool UseCompressedOops                        = true                                 {lp64_product} {ergonomic}
     bool UseG1GC                                  = true                                      {product} {ergonomic}
     bool UseLargePagesIndividualAllocation        = false                                  {pd product} {ergonomic}

Logging:
Log output configuration:
 #0: stdout all=warning uptime,level,tags
 #1: stderr all=off uptime,level,tags

Environment Variables:
CLASSPATH=.
PATH=C:\Program Files\Common Files\Oracle\Java\javapath;C:\Program Files\Java\jdk-11.0.9\bin;D:\apache-maven-3.6.3\apache-maven-3.6.3\bin;D:\app\Diego\product\18.0.0\dbhomeXE\bin;C:\Windows\system32;C:\Windows;C:\Windows\System32\Wbem;C:\Windows\System32\WindowsPowerShell\v1.0\;C:\Windows\System32\OpenSSH\;C:\Program Files\Git\cmd;C:\Program Files\TortoiseSVN\bin;C:\Program Files\RabbitMQ Server\rabbitmq_server-3.8.5\sbin;C:\Program Files\ibm\gsk8\lib64;C:\Program Files (x86)\ibm\gsk8\lib;C:\Program Files (x86)\Google\Cloud SDK\google-cloud-sdk\bin;C:\Program Files\nodejs\;C:\Program Files\dotnet\;C:\Program Files\Microsoft SQL Server\130\Tools\Binn\;C:\Program Files\Microsoft SQL Server\Client SDK\ODBC\170\Tools\Binn\;C:\Python\Python38-32;C:\Program Files\PuTTY\;C:\Program Files\Amazon\AWSCLI\bin\;C:\Program Files\Docker\Docker\resources\bin;C:\ProgramData\DockerDesktop\version-bin;C:\Program Files\MySQL\MySQL Shell 8.0\bin\;C:\Users\Diego\AppData\Local\Microsoft\WindowsApps;D:\apache-maven-3.6.3\apache-maven-3.6.3\bin;C:\Users\Diego\AppData\Roaming\npm;C:\Users\Diego\AppData\Local\Programs\Microsoft VS Code\bin;C:\Users\Diego\.dotnet\tools;C:\Program Files (x86)\Sophos\Sophos SSL VPN Client\bin
USERNAME=Diego
OS=Windows_NT
PROCESSOR_IDENTIFIER=Intel64 Family 6 Model 142 Stepping 12, GenuineIntel



---------------  S Y S T E M  ---------------

OS: Windows 10 , 64 bit Build 18362 (10.0.18362.1350)
HyperV virtualization detected

CPU:total 8 (initial active 8) (4 cores per cpu, 2 threads per core) family 6 model 142 stepping 12, cmov, cx8, fxsr, mmx, sse, sse2, sse3, ssse3, sse4.1, sse4.2, popcnt, avx, avx2, aes, clmul, erms, 3dnowpref, lzcnt, ht, tsc, tscinvbit, bmi1, bmi2, adx, fma

Memory: 4k page, system-wide physical 8043M (505M free)
TotalPageFile size 25951M (AvailPageFile size 9M)
current process WorkingSet (physical memory assigned to process): 228M, peak: 228M
current process commit charge ("private bytes"): 290M, peak: 315M

vm_info: Java HotSpot(TM) 64-Bit Server VM (11.0.9+7-LTS) for windows-amd64 JRE (11.0.9+7-LTS), built on Sep 15 2020 16:47:03 by "mach5one" with MS VC++ 15.9 (VS2017)

END.
