#
# There is insufficient memory for the Java Runtime Environment to continue.
# Native memory allocation (mmap) failed to map 77594624 bytes for Failed to commit area from 0x000000008db00000 to 0x0000000092500000 of length 77594624.
# Possible reasons:
#   The system is out of physical RAM or swap space
#   The process is running with CompressedOops enabled, and the Java Heap may be blocking the growth of the native heap
# Possible solutions:
#   Reduce memory load on the system
#   Increase physical memory or swap space
#   Check if swap backing store is full
#   Decrease Java heap size (-Xmx/-Xms)
#   Decrease number of Java threads
#   Decrease Java thread stack sizes (-Xss)
#   Set larger code cache with -XX:ReservedCodeCacheSize=
#   JVM is running with Unscaled Compressed Oops mode in which the Java heap is
#     placed in the first 4GB address space. The Java Heap base address is the
#     maximum limit for the native heap growth. Please use -XX:HeapBaseMinAddress
#     to set the Java Heap base and to place the Java Heap above 4GB virtual address.
# This output file may be truncated or incomplete.
#
#  Out of Memory Error (./open/src/hotspot/os/windows/os_windows.cpp:3275), pid=20452, tid=16308
#
# JRE version: Java(TM) SE Runtime Environment 18.9 (11.0.9+7) (build 11.0.9+7-LTS)
# Java VM: Java HotSpot(TM) 64-Bit Server VM 18.9 (11.0.9+7-LTS, mixed mode, tiered, compressed oops, g1 gc, windows-amd64)
# No core dump will be written. Minidumps are not enabled by default on client versions of Windows
#

---------------  S U M M A R Y ------------

Command Line: -Dmaven.home=D:\apache-maven-3.6.3\apache-maven-3.6.3 -Dclassworlds.conf=C:\Users\Diego\Documents\workspace-spring-tool-suite-4-4.7.0.RELEASE\.metadata\.plugins\org.eclipse.m2e.launching\launches\m2conf4046939301384269051.tmp -Dmaven.multiModuleProjectDirectory=D:\codigo\siniestros -Djansi.force=true -Djansi.passthrough=true -Dfile.encoding=Cp1252 org.codehaus.plexus.classworlds.launcher.Launcher -B -Dmaven.test.skip=true -DskipTests -s D:\apache-maven-3.6.3\apache-maven-3.6.3\conf\settings.xml clean install -Dstyle.color=always

Host: Intel(R) Core(TM) i5-10210U CPU @ 1.60GHz, 8 cores, 7G,  Windows 10 , 64 bit Build 18362 (10.0.18362.1350)
Time: Wed Mar  3 11:34:39 2021 Hora est. Pacífico, Sudamérica elapsed time: 12.443194 seconds (0d 0h 0m 12s)

---------------  T H R E A D  ---------------

Current thread (0x000001fddd84f000):  VMThread "VM Thread" [stack: 0x000000c58cd00000,0x000000c58ce00000] [id=16308]

Stack: [0x000000c58cd00000,0x000000c58ce00000]
[error occurred during error reporting (printing stack bounds), id 0xc0000005, EXCEPTION_ACCESS_VIOLATION (0xc0000005) at pc=0x000001fdc7030dad]

Native frames: (J=compiled Java code, j=interpreted, Vv=VM code, C=native code)
V  [jvm.dll+0x611a3a]
V  [jvm.dll+0x748aaf]
V  [jvm.dll+0x74a135]
V  [jvm.dll+0x74a715]
V  [jvm.dll+0x74a6cb]
V  [jvm.dll+0x611323]
V  [jvm.dll+0x6116e8]
C  [ntdll.dll+0xa1eef]
C  [ntdll.dll+0x6aad9]
C  [ntdll.dll+0xa0b5e]
C  0x000001fdc7030dad

VM_Operation (0x000000c58c7fc350): G1CollectForAllocation, mode: safepoint, requested by thread 0x000001fdbebbf800


---------------  P R O C E S S  ---------------

Threads class SMR info:
_java_thread_list=0x000001fddf12fb30, length=12, elements={
0x000001fdbebbf800, 0x000001fddd882800, 0x000001fddd879000, 0x000001fddd88b800,
0x000001fddd88d800, 0x000001fddd890000, 0x000001fdde1ca800, 0x000001fddd894000,
0x000001fdde36c800, 0x000001fdde382000, 0x000001fddf6b6800, 0x000001fde1d05800
}

Java Threads: ( => current thread )
  0x000001fdbebbf800 JavaThread "main" [_thread_blocked, id=22012, stack(0x000000c58c700000,0x000000c58c800000)]
  0x000001fddd882800 JavaThread "Reference Handler" daemon [_thread_blocked, id=6540, stack(0x000000c58ce00000,0x000000c58cf00000)]
  0x000001fddd879000 JavaThread "Finalizer" daemon [_thread_blocked, id=22732, stack(0x000000c58cf00000,0x000000c58d000000)]
  0x000001fddd88b800 JavaThread "Signal Dispatcher" daemon [_thread_blocked, id=14436, stack(0x000000c58d000000,0x000000c58d100000)]
  0x000001fddd88d800 JavaThread "Attach Listener" daemon [_thread_blocked, id=1704, stack(0x000000c58d100000,0x000000c58d200000)]
  0x000001fddd890000 JavaThread "C2 CompilerThread0" daemon [_thread_blocked, id=16852, stack(0x000000c58d200000,0x000000c58d300000)]
  0x000001fdde1ca800 JavaThread "C1 CompilerThread0" daemon [_thread_blocked, id=6960, stack(0x000000c58d300000,0x000000c58d400000)]
  0x000001fddd894000 JavaThread "Sweeper thread" daemon [_thread_blocked, id=24508, stack(0x000000c58d400000,0x000000c58d500000)]
  0x000001fdde36c800 JavaThread "Service Thread" daemon [_thread_blocked, id=14928, stack(0x000000c58d500000,0x000000c58d600000)]
  0x000001fdde382000 JavaThread "Common-Cleaner" daemon [_thread_blocked, id=23560, stack(0x000000c58d700000,0x000000c58d800000)]
  0x000001fddf6b6800 JavaThread "C2 CompilerThread1" daemon [_thread_blocked, id=29860, stack(0x000000c58d800000,0x000000c58d900000)]
  0x000001fde1d05800 JavaThread "C2 CompilerThread2" daemon [_thread_blocked, id=22764, stack(0x000000c58dc00000,0x000000c58dd00000)]

Other Threads:
=>0x000001fddd84f000 VMThread "VM Thread" [stack: 0x000000c58cd00000,0x000000c58ce00000] [id=16308]
  0x000001fdde36d800 WatcherThread [stack: 0x000000c58d600000,0x000000c58d700000] [id=15296]
  0x000001fdbebd0000 GCTaskThread "GC Thread#0" [stack: 0x000000c58c800000,0x000000c58c900000] [id=17080]
  0x000001fddf6e3800 GCTaskThread "GC Thread#1" [stack: 0x000000c58d900000,0x000000c58da00000] [id=28636]
  0x000001fddec79000 GCTaskThread "GC Thread#2" [stack: 0x000000c58da00000,0x000000c58db00000] [id=13468]
  0x000001fde1e0a800 GCTaskThread "GC Thread#3" [stack: 0x000000c58df00000,0x000000c58e000000] [id=22452]
  0x000001fdbec01800 ConcurrentGCThread "G1 Main Marker" [stack: 0x000000c58c900000,0x000000c58ca00000] [id=21560]
  0x000001fdbec03000 ConcurrentGCThread "G1 Conc#0" [stack: 0x000000c58ca00000,0x000000c58cb00000] [id=11468]
  0x000001fddf318800 ConcurrentGCThread "G1 Conc#1" [stack: 0x000000c58db00000,0x000000c58dc00000] [id=12000]
  0x000001fdbec87000 ConcurrentGCThread "G1 Refine#0" [stack: 0x000000c58cb00000,0x000000c58cc00000] [id=22660]
  0x000001fdde9b3800 ConcurrentGCThread "G1 Refine#1" [stack: 0x000000c58dd00000,0x000000c58de00000] [id=27652]
  0x000001fddf3b3800 ConcurrentGCThread "G1 Refine#2" [stack: 0x000000c58de00000,0x000000c58df00000] [id=14816]
  0x000001fde3b9e000 ConcurrentGCThread "G1 Refine#3" [stack: 0x000000c58e000000,0x000000c58e100000] [id=3712]
  0x000001fde1b65000 ConcurrentGCThread "G1 Refine#4" [stack: 0x000000c58e100000,0x000000c58e200000] [id=26924]
  0x000001fddd6c0800 ConcurrentGCThread "G1 Young RemSet Sampling" [stack: 0x000000c58cc00000,0x000000c58cd00000] [id=24808]

Threads with active compile tasks:
C2 CompilerThread0  12461 7662       4       com.sun.tools.javac.code.Type$ErrorType::<init> (31 bytes)
C2 CompilerThread1  12461 7745       4       lombok.javac.JavacNode::traverse (774 bytes)
C2 CompilerThread2  12461 7744       4       com.sun.tools.javac.comp.Check::validateAnnotation (310 bytes)

VM state:at safepoint (normal execution)

VM Mutex/Monitor currently owned by a thread:  ([mutex/lock_event])
[0x000001fdbebbbe50] Threads_lock - owner thread: 0x000001fddd84f000
[0x000001fdbebbd050] Heap_lock - owner thread: 0x000001fdbebbf800

Heap address: 0x0000000082400000, size: 2012 MB, Compressed Oops mode: 32-bit
Narrow klass base: 0x0000000000000000, Narrow klass shift: 3
Compressed class space size: 1073741824 Address: 0x0000000100000000

Heap:
 garbage-first heap   total 263168K, used 74479K [0x0000000082400000, 0x0000000100000000)
  region size 1024K, 6 young (6144K), 6 survivors (6144K)
 Metaspace       used 36360K, capacity 37130K, committed 37296K, reserved 1083392K
  class space    used 3695K, capacity 3983K, committed 4096K, reserved 1048576K
Heap Regions: E=young(eden), S=young(survivor), O=old, HS=humongous(starts), HC=humongous(continues), CS=collection set, F=free, A=archive, TAMS=top-at-mark-start (previous, next)
|   0|0x0000000082400000, 0x0000000082500000, 0x0000000082500000|100%| O|  |TAMS 0x0000000082500000, 0x0000000082400000| Untracked 
|   1|0x0000000082500000, 0x0000000082600000, 0x0000000082600000|100%| O|  |TAMS 0x0000000082600000, 0x0000000082500000| Untracked 
|   2|0x0000000082600000, 0x0000000082700000, 0x0000000082700000|100%| O|  |TAMS 0x0000000082700000, 0x0000000082600000| Untracked 
|   3|0x0000000082700000, 0x0000000082800000, 0x0000000082800000|100%| O|  |TAMS 0x0000000082800000, 0x0000000082700000| Untracked 
|   4|0x0000000082800000, 0x0000000082900000, 0x0000000082900000|100%| O|  |TAMS 0x0000000082900000, 0x0000000082800000| Untracked 
|   5|0x0000000082900000, 0x0000000082a00000, 0x0000000082a00000|100%| O|  |TAMS 0x0000000082a00000, 0x0000000082900000| Untracked 
|   6|0x0000000082a00000, 0x0000000082b00000, 0x0000000082b00000|100%| O|  |TAMS 0x0000000082b00000, 0x0000000082a00000| Untracked 
|   7|0x0000000082b00000, 0x0000000082c00000, 0x0000000082c00000|100%| O|  |TAMS 0x0000000082c00000, 0x0000000082b00000| Untracked 
|   8|0x0000000082c00000, 0x0000000082d00000, 0x0000000082d00000|100%| O|  |TAMS 0x0000000082d00000, 0x0000000082c00000| Untracked 
|   9|0x0000000082d00000, 0x0000000082e00000, 0x0000000082e00000|100%|HS|  |TAMS 0x0000000082e00000, 0x0000000082d00000| Complete 
|  10|0x0000000082e00000, 0x0000000082f00000, 0x0000000082f00000|100%|HS|  |TAMS 0x0000000082f00000, 0x0000000082e00000| Complete 
|  11|0x0000000082f00000, 0x0000000083000000, 0x0000000083000000|100%| O|  |TAMS 0x0000000083000000, 0x0000000082f00000| Untracked 
|  12|0x0000000083000000, 0x0000000083100000, 0x0000000083100000|100%| O|  |TAMS 0x0000000083100000, 0x0000000083000000| Untracked 
|  13|0x0000000083100000, 0x0000000083200000, 0x0000000083200000|100%| O|  |TAMS 0x0000000083200000, 0x0000000083100000| Untracked 
|  14|0x0000000083200000, 0x0000000083300000, 0x0000000083300000|100%| O|  |TAMS 0x0000000083300000, 0x0000000083200000| Untracked 
|  15|0x0000000083300000, 0x0000000083400000, 0x0000000083400000|100%| O|  |TAMS 0x0000000083400000, 0x0000000083300000| Untracked 
|  16|0x0000000083400000, 0x0000000083500000, 0x0000000083500000|100%|HS|  |TAMS 0x0000000083500000, 0x0000000083400000| Complete 
|  17|0x0000000083500000, 0x0000000083600000, 0x0000000083600000|100%|HS|  |TAMS 0x0000000083600000, 0x0000000083500000| Complete 
|  18|0x0000000083600000, 0x0000000083700000, 0x0000000083700000|100%|HS|  |TAMS 0x0000000083700000, 0x0000000083600000| Complete 
|  19|0x0000000083700000, 0x0000000083800000, 0x0000000083800000|100%| O|  |TAMS 0x0000000083800000, 0x0000000083700000| Untracked 
|  20|0x0000000083800000, 0x0000000083900000, 0x0000000083900000|100%| O|  |TAMS 0x0000000083900000, 0x0000000083800000| Untracked 
|  21|0x0000000083900000, 0x0000000083a00000, 0x0000000083a00000|100%| O|  |TAMS 0x0000000083a00000, 0x0000000083900000| Untracked 
|  22|0x0000000083a00000, 0x0000000083b00000, 0x0000000083b00000|100%| O|  |TAMS 0x0000000083b00000, 0x0000000083a00000| Untracked 
|  23|0x0000000083b00000, 0x0000000083c00000, 0x0000000083c00000|100%| O|  |TAMS 0x0000000083c00000, 0x0000000083b00000| Untracked 
|  24|0x0000000083c00000, 0x0000000083d00000, 0x0000000083d00000|100%| O|  |TAMS 0x0000000083d00000, 0x0000000083c00000| Untracked 
|  25|0x0000000083d00000, 0x0000000083e00000, 0x0000000083e00000|100%| O|  |TAMS 0x0000000083e00000, 0x0000000083d00000| Untracked 
|  26|0x0000000083e00000, 0x0000000083f00000, 0x0000000083f00000|100%| O|  |TAMS 0x0000000083f00000, 0x0000000083e00000| Untracked 
|  27|0x0000000083f00000, 0x0000000084000000, 0x0000000084000000|100%| O|  |TAMS 0x0000000084000000, 0x0000000083f00000| Untracked 
|  28|0x0000000084000000, 0x0000000084100000, 0x0000000084100000|100%| O|  |TAMS 0x0000000084100000, 0x0000000084000000| Untracked 
|  29|0x0000000084100000, 0x0000000084200000, 0x0000000084200000|100%| O|  |TAMS 0x0000000084200000, 0x0000000084100000| Untracked 
|  30|0x0000000084200000, 0x0000000084300000, 0x0000000084300000|100%| O|  |TAMS 0x0000000084300000, 0x0000000084200000| Untracked 
|  31|0x0000000084300000, 0x0000000084400000, 0x0000000084400000|100%| O|  |TAMS 0x0000000084400000, 0x0000000084300000| Untracked 
|  32|0x0000000084400000, 0x0000000084500000, 0x0000000084500000|100%| O|  |TAMS 0x0000000084500000, 0x0000000084400000| Untracked 
|  33|0x0000000084500000, 0x0000000084600000, 0x0000000084600000|100%| O|  |TAMS 0x0000000084600000, 0x0000000084500000| Untracked 
|  34|0x0000000084600000, 0x0000000084700000, 0x0000000084700000|100%| O|  |TAMS 0x0000000084700000, 0x0000000084600000| Untracked 
|  35|0x0000000084700000, 0x0000000084800000, 0x0000000084800000|100%| O|  |TAMS 0x0000000084800000, 0x0000000084700000| Untracked 
|  36|0x0000000084800000, 0x0000000084900000, 0x0000000084900000|100%| O|  |TAMS 0x0000000084900000, 0x0000000084800000| Untracked 
|  37|0x0000000084900000, 0x0000000084a00000, 0x0000000084a00000|100%| O|  |TAMS 0x0000000084a00000, 0x0000000084900000| Untracked 
|  38|0x0000000084a00000, 0x0000000084b00000, 0x0000000084b00000|100%| O|  |TAMS 0x0000000084b00000, 0x0000000084a00000| Untracked 
|  39|0x0000000084b00000, 0x0000000084c00000, 0x0000000084c00000|100%| O|  |TAMS 0x0000000084c00000, 0x0000000084b00000| Untracked 
|  40|0x0000000084c00000, 0x0000000084d00000, 0x0000000084d00000|100%| O|  |TAMS 0x0000000084d00000, 0x0000000084c00000| Untracked 
|  41|0x0000000084d00000, 0x0000000084e00000, 0x0000000084e00000|100%| O|  |TAMS 0x0000000084e00000, 0x0000000084d00000| Untracked 
|  42|0x0000000084e00000, 0x0000000084f00000, 0x0000000084f00000|100%| O|  |TAMS 0x0000000084f00000, 0x0000000084e00000| Untracked 
|  43|0x0000000084f00000, 0x0000000085000000, 0x0000000085000000|100%| O|  |TAMS 0x0000000085000000, 0x0000000084f00000| Untracked 
|  44|0x0000000085000000, 0x0000000085100000, 0x0000000085100000|100%| O|  |TAMS 0x0000000085100000, 0x0000000085000000| Untracked 
|  45|0x0000000085100000, 0x0000000085200000, 0x0000000085200000|100%| O|  |TAMS 0x0000000085200000, 0x0000000085100000| Untracked 
|  46|0x0000000085200000, 0x0000000085300000, 0x0000000085300000|100%| O|  |TAMS 0x0000000085300000, 0x0000000085200000| Untracked 
|  47|0x0000000085300000, 0x0000000085400000, 0x0000000085400000|100%| O|  |TAMS 0x0000000085400000, 0x0000000085300000| Untracked 
|  48|0x0000000085400000, 0x0000000085500000, 0x0000000085500000|100%| O|  |TAMS 0x0000000085500000, 0x0000000085400000| Untracked 
|  49|0x0000000085500000, 0x0000000085600000, 0x0000000085600000|100%| O|  |TAMS 0x0000000085600000, 0x0000000085500000| Untracked 
|  50|0x0000000085600000, 0x0000000085700000, 0x0000000085700000|100%| O|  |TAMS 0x0000000085700000, 0x0000000085600000| Untracked 
|  51|0x0000000085700000, 0x0000000085800000, 0x0000000085800000|100%| O|  |TAMS 0x0000000085800000, 0x0000000085700000| Untracked 
|  52|0x0000000085800000, 0x0000000085900000, 0x0000000085900000|100%| O|  |TAMS 0x0000000085900000, 0x0000000085800000| Untracked 
|  53|0x0000000085900000, 0x0000000085a00000, 0x0000000085a00000|100%| O|  |TAMS 0x0000000085a00000, 0x0000000085900000| Untracked 
|  54|0x0000000085a00000, 0x0000000085b00000, 0x0000000085b00000|100%| O|  |TAMS 0x0000000085b00000, 0x0000000085a00000| Untracked 
|  55|0x0000000085b00000, 0x0000000085c00000, 0x0000000085c00000|100%| O|  |TAMS 0x0000000085c00000, 0x0000000085b00000| Untracked 
|  56|0x0000000085c00000, 0x0000000085d00000, 0x0000000085d00000|100%| O|  |TAMS 0x0000000085d00000, 0x0000000085c00000| Untracked 
|  57|0x0000000085d00000, 0x0000000085e00000, 0x0000000085e00000|100%| O|  |TAMS 0x0000000085e00000, 0x0000000085d00000| Untracked 
|  58|0x0000000085e00000, 0x0000000085f00000, 0x0000000085f00000|100%| O|  |TAMS 0x0000000085e80000, 0x0000000085e00000| Untracked 
|  59|0x0000000085f00000, 0x0000000086000000, 0x0000000086000000|100%|HS|  |TAMS 0x0000000085f00000, 0x0000000085f00000| Complete 
|  60|0x0000000086000000, 0x0000000086100000, 0x0000000086100000|100%| O|  |TAMS 0x0000000086000000, 0x0000000086000000| Untracked 
|  61|0x0000000086100000, 0x0000000086200000, 0x0000000086200000|100%| O|  |TAMS 0x0000000086100000, 0x0000000086100000| Untracked 
|  62|0x0000000086200000, 0x0000000086300000, 0x0000000086300000|100%| O|  |TAMS 0x0000000086200000, 0x0000000086200000| Untracked 
|  63|0x0000000086300000, 0x0000000086400000, 0x0000000086400000|100%| O|  |TAMS 0x0000000086300000, 0x0000000086300000| Untracked 
|  64|0x0000000086400000, 0x0000000086500000, 0x0000000086500000|100%| O|  |TAMS 0x0000000086400000, 0x0000000086400000| Untracked 
|  65|0x0000000086500000, 0x0000000086600000, 0x0000000086600000|100%| O|  |TAMS 0x0000000086500000, 0x0000000086500000| Untracked 
|  66|0x0000000086600000, 0x00000000866bbe00, 0x0000000086700000| 73%| O|  |TAMS 0x0000000086600000, 0x0000000086600000| Untracked 
|  67|0x0000000086700000, 0x0000000086700000, 0x0000000086800000|  0%| F|  |TAMS 0x0000000086700000, 0x0000000086700000| Untracked 
|  68|0x0000000086800000, 0x0000000086800000, 0x0000000086900000|  0%| F|  |TAMS 0x0000000086800000, 0x0000000086800000| Untracked 
|  69|0x0000000086900000, 0x0000000086900000, 0x0000000086a00000|  0%| F|  |TAMS 0x0000000086900000, 0x0000000086900000| Untracked 
|  70|0x0000000086a00000, 0x0000000086a00000, 0x0000000086b00000|  0%| F|  |TAMS 0x0000000086a00000, 0x0000000086a00000| Untracked 
|  71|0x0000000086b00000, 0x0000000086b00000, 0x0000000086c00000|  0%| F|  |TAMS 0x0000000086b00000, 0x0000000086b00000| Untracked 
|  72|0x0000000086c00000, 0x0000000086c00000, 0x0000000086d00000|  0%| F|  |TAMS 0x0000000086c00000, 0x0000000086c00000| Untracked 
|  73|0x0000000086d00000, 0x0000000086d00000, 0x0000000086e00000|  0%| F|  |TAMS 0x0000000086d00000, 0x0000000086d00000| Untracked 
|  74|0x0000000086e00000, 0x0000000086e00000, 0x0000000086f00000|  0%| F|  |TAMS 0x0000000086e00000, 0x0000000086e00000| Untracked 
|  75|0x0000000086f00000, 0x0000000086f00000, 0x0000000087000000|  0%| F|  |TAMS 0x0000000086f00000, 0x0000000086f00000| Untracked 
|  76|0x0000000087000000, 0x0000000087000000, 0x0000000087100000|  0%| F|  |TAMS 0x0000000087000000, 0x0000000087000000| Untracked 
|  77|0x0000000087100000, 0x0000000087100000, 0x0000000087200000|  0%| F|  |TAMS 0x0000000087100000, 0x0000000087100000| Untracked 
|  78|0x0000000087200000, 0x0000000087200000, 0x0000000087300000|  0%| F|  |TAMS 0x0000000087200000, 0x0000000087200000| Untracked 
|  79|0x0000000087300000, 0x0000000087300000, 0x0000000087400000|  0%| F|  |TAMS 0x0000000087300000, 0x0000000087300000| Untracked 
|  80|0x0000000087400000, 0x0000000087400000, 0x0000000087500000|  0%| F|  |TAMS 0x0000000087400000, 0x0000000087400000| Untracked 
|  81|0x0000000087500000, 0x0000000087500000, 0x0000000087600000|  0%| F|  |TAMS 0x0000000087500000, 0x0000000087500000| Untracked 
|  82|0x0000000087600000, 0x0000000087600000, 0x0000000087700000|  0%| F|  |TAMS 0x0000000087600000, 0x0000000087600000| Untracked 
|  83|0x0000000087700000, 0x0000000087700000, 0x0000000087800000|  0%| F|  |TAMS 0x0000000087700000, 0x0000000087700000| Untracked 
|  84|0x0000000087800000, 0x0000000087800000, 0x0000000087900000|  0%| F|  |TAMS 0x0000000087800000, 0x0000000087800000| Untracked 
|  85|0x0000000087900000, 0x0000000087900000, 0x0000000087a00000|  0%| F|  |TAMS 0x0000000087900000, 0x0000000087900000| Untracked 
|  86|0x0000000087a00000, 0x0000000087a00000, 0x0000000087b00000|  0%| F|  |TAMS 0x0000000087a00000, 0x0000000087a00000| Untracked 
|  87|0x0000000087b00000, 0x0000000087b00000, 0x0000000087c00000|  0%| F|  |TAMS 0x0000000087b00000, 0x0000000087b00000| Untracked 
|  88|0x0000000087c00000, 0x0000000087c00000, 0x0000000087d00000|  0%| F|  |TAMS 0x0000000087c00000, 0x0000000087c00000| Untracked 
|  89|0x0000000087d00000, 0x0000000087d00000, 0x0000000087e00000|  0%| F|  |TAMS 0x0000000087d00000, 0x0000000087d00000| Untracked 
|  90|0x0000000087e00000, 0x0000000087e00000, 0x0000000087f00000|  0%| F|  |TAMS 0x0000000087e00000, 0x0000000087e00000| Untracked 
|  91|0x0000000087f00000, 0x0000000087f00000, 0x0000000088000000|  0%| F|  |TAMS 0x0000000087f00000, 0x0000000087f00000| Untracked 
|  92|0x0000000088000000, 0x0000000088000000, 0x0000000088100000|  0%| F|  |TAMS 0x0000000088000000, 0x0000000088000000| Untracked 
|  93|0x0000000088100000, 0x0000000088100000, 0x0000000088200000|  0%| F|  |TAMS 0x0000000088100000, 0x0000000088100000| Untracked 
|  94|0x0000000088200000, 0x0000000088300000, 0x0000000088300000|100%| S|CS|TAMS 0x0000000088200000, 0x0000000088200000| Complete 
|  95|0x0000000088300000, 0x0000000088400000, 0x0000000088400000|100%| S|CS|TAMS 0x0000000088300000, 0x0000000088300000| Complete 
|  96|0x0000000088400000, 0x0000000088500000, 0x0000000088500000|100%| S|CS|TAMS 0x0000000088400000, 0x0000000088400000| Complete 
|  97|0x0000000088500000, 0x0000000088600000, 0x0000000088600000|100%| S|CS|TAMS 0x0000000088500000, 0x0000000088500000| Complete 
|  98|0x0000000088600000, 0x0000000088700000, 0x0000000088700000|100%| S|CS|TAMS 0x0000000088600000, 0x0000000088600000| Complete 
|  99|0x0000000088700000, 0x0000000088700000, 0x0000000088800000|  0%| F|  |TAMS 0x0000000088700000, 0x0000000088700000| Untracked 
| 100|0x0000000088800000, 0x0000000088800000, 0x0000000088900000|  0%| F|  |TAMS 0x0000000088800000, 0x0000000088800000| Untracked 
| 101|0x0000000088900000, 0x0000000088900000, 0x0000000088a00000|  0%| F|  |TAMS 0x0000000088900000, 0x0000000088900000| Untracked 
| 102|0x0000000088a00000, 0x0000000088a00000, 0x0000000088b00000|  0%| F|  |TAMS 0x0000000088a00000, 0x0000000088a00000| Untracked 
| 103|0x0000000088b00000, 0x0000000088b00000, 0x0000000088c00000|  0%| F|  |TAMS 0x0000000088b00000, 0x0000000088b00000| Untracked 
| 104|0x0000000088c00000, 0x0000000088c00000, 0x0000000088d00000|  0%| F|  |TAMS 0x0000000088c00000, 0x0000000088c00000| Untracked 
| 105|0x0000000088d00000, 0x0000000088e00000, 0x0000000088e00000|100%| S|CS|TAMS 0x0000000088d00000, 0x0000000088d00000| Complete 
| 106|0x0000000088e00000, 0x0000000088e00000, 0x0000000088f00000|  0%| F|  |TAMS 0x0000000088e00000, 0x0000000088e00000| Untracked 
| 107|0x0000000088f00000, 0x0000000088f00000, 0x0000000089000000|  0%| F|  |TAMS 0x0000000088f00000, 0x0000000088f00000| Untracked 
| 108|0x0000000089000000, 0x0000000089000000, 0x0000000089100000|  0%| F|  |TAMS 0x0000000089000000, 0x0000000089000000| Untracked 
| 109|0x0000000089100000, 0x0000000089100000, 0x0000000089200000|  0%| F|  |TAMS 0x0000000089100000, 0x0000000089100000| Untracked 
| 110|0x0000000089200000, 0x0000000089200000, 0x0000000089300000|  0%| F|  |TAMS 0x0000000089200000, 0x0000000089200000| Untracked 
| 111|0x0000000089300000, 0x0000000089300000, 0x0000000089400000|  0%| F|  |TAMS 0x0000000089300000, 0x0000000089300000| Untracked 
| 112|0x0000000089400000, 0x0000000089400000, 0x0000000089500000|  0%| F|  |TAMS 0x0000000089400000, 0x0000000089400000| Untracked 
| 113|0x0000000089500000, 0x0000000089500000, 0x0000000089600000|  0%| F|  |TAMS 0x0000000089500000, 0x0000000089500000| Untracked 
| 114|0x0000000089600000, 0x0000000089600000, 0x0000000089700000|  0%| F|  |TAMS 0x0000000089600000, 0x0000000089600000| Untracked 
| 115|0x0000000089700000, 0x0000000089700000, 0x0000000089800000|  0%| F|  |TAMS 0x0000000089700000, 0x0000000089700000| Untracked 
| 116|0x0000000089800000, 0x0000000089800000, 0x0000000089900000|  0%| F|  |TAMS 0x0000000089800000, 0x0000000089800000| Untracked 
| 117|0x0000000089900000, 0x0000000089900000, 0x0000000089a00000|  0%| F|  |TAMS 0x0000000089900000, 0x0000000089900000| Untracked 
| 118|0x0000000089a00000, 0x0000000089a00000, 0x0000000089b00000|  0%| F|  |TAMS 0x0000000089a00000, 0x0000000089a00000| Untracked 
| 119|0x0000000089b00000, 0x0000000089b00000, 0x0000000089c00000|  0%| F|  |TAMS 0x0000000089b00000, 0x0000000089b00000| Untracked 
| 120|0x0000000089c00000, 0x0000000089c00000, 0x0000000089d00000|  0%| F|  |TAMS 0x0000000089c00000, 0x0000000089c00000| Untracked 
| 121|0x0000000089d00000, 0x0000000089d00000, 0x0000000089e00000|  0%| F|  |TAMS 0x0000000089d00000, 0x0000000089d00000| Untracked 
| 122|0x0000000089e00000, 0x0000000089e00000, 0x0000000089f00000|  0%| F|  |TAMS 0x0000000089e00000, 0x0000000089e00000| Untracked 
| 123|0x0000000089f00000, 0x0000000089f00000, 0x000000008a000000|  0%| F|  |TAMS 0x0000000089f00000, 0x0000000089f00000| Untracked 
| 124|0x000000008a000000, 0x000000008a000000, 0x000000008a100000|  0%| F|  |TAMS 0x000000008a000000, 0x000000008a000000| Untracked 
| 125|0x000000008a100000, 0x000000008a100000, 0x000000008a200000|  0%| F|  |TAMS 0x000000008a100000, 0x000000008a100000| Untracked 
| 126|0x000000008a200000, 0x000000008a200000, 0x000000008a300000|  0%| F|  |TAMS 0x000000008a200000, 0x000000008a200000| Untracked 
| 127|0x000000008a300000, 0x000000008a300000, 0x000000008a400000|  0%| F|  |TAMS 0x000000008a300000, 0x000000008a300000| Untracked 
| 128|0x000000008a400000, 0x000000008a400000, 0x000000008a500000|  0%| F|  |TAMS 0x000000008a400000, 0x000000008a400000| Untracked 
| 129|0x000000008a500000, 0x000000008a500000, 0x000000008a600000|  0%| F|  |TAMS 0x000000008a500000, 0x000000008a500000| Untracked 
| 130|0x000000008a600000, 0x000000008a600000, 0x000000008a700000|  0%| F|  |TAMS 0x000000008a600000, 0x000000008a600000| Untracked 
| 131|0x000000008a700000, 0x000000008a700000, 0x000000008a800000|  0%| F|  |TAMS 0x000000008a700000, 0x000000008a700000| Untracked 
| 132|0x000000008a800000, 0x000000008a800000, 0x000000008a900000|  0%| F|  |TAMS 0x000000008a800000, 0x000000008a800000| Untracked 
| 133|0x000000008a900000, 0x000000008a900000, 0x000000008aa00000|  0%| F|  |TAMS 0x000000008a900000, 0x000000008a900000| Untracked 
| 134|0x000000008aa00000, 0x000000008aa00000, 0x000000008ab00000|  0%| F|  |TAMS 0x000000008aa00000, 0x000000008aa00000| Untracked 
| 135|0x000000008ab00000, 0x000000008ab00000, 0x000000008ac00000|  0%| F|  |TAMS 0x000000008ab00000, 0x000000008ab00000| Untracked 
| 136|0x000000008ac00000, 0x000000008ac00000, 0x000000008ad00000|  0%| F|  |TAMS 0x000000008ac00000, 0x000000008ac00000| Untracked 
| 137|0x000000008ad00000, 0x000000008ad00000, 0x000000008ae00000|  0%| F|  |TAMS 0x000000008ad00000, 0x000000008ad00000| Untracked 
| 138|0x000000008ae00000, 0x000000008ae00000, 0x000000008af00000|  0%| F|  |TAMS 0x000000008ae00000, 0x000000008ae00000| Untracked 
| 139|0x000000008af00000, 0x000000008af00000, 0x000000008b000000|  0%| F|  |TAMS 0x000000008af00000, 0x000000008af00000| Untracked 
| 140|0x000000008b000000, 0x000000008b000000, 0x000000008b100000|  0%| F|  |TAMS 0x000000008b000000, 0x000000008b000000| Untracked 
| 141|0x000000008b100000, 0x000000008b100000, 0x000000008b200000|  0%| F|  |TAMS 0x000000008b100000, 0x000000008b100000| Untracked 
| 142|0x000000008b200000, 0x000000008b200000, 0x000000008b300000|  0%| F|  |TAMS 0x000000008b200000, 0x000000008b200000| Untracked 
| 143|0x000000008b300000, 0x000000008b300000, 0x000000008b400000|  0%| F|  |TAMS 0x000000008b300000, 0x000000008b300000| Untracked 
| 144|0x000000008b400000, 0x000000008b400000, 0x000000008b500000|  0%| F|  |TAMS 0x000000008b400000, 0x000000008b400000| Untracked 
| 145|0x000000008b500000, 0x000000008b500000, 0x000000008b600000|  0%| F|  |TAMS 0x000000008b500000, 0x000000008b500000| Untracked 
| 146|0x000000008b600000, 0x000000008b600000, 0x000000008b700000|  0%| F|  |TAMS 0x000000008b600000, 0x000000008b600000| Untracked 
| 147|0x000000008b700000, 0x000000008b700000, 0x000000008b800000|  0%| F|  |TAMS 0x000000008b700000, 0x000000008b700000| Untracked 
| 148|0x000000008b800000, 0x000000008b800000, 0x000000008b900000|  0%| F|  |TAMS 0x000000008b800000, 0x000000008b800000| Untracked 
| 149|0x000000008b900000, 0x000000008b900000, 0x000000008ba00000|  0%| F|  |TAMS 0x000000008b900000, 0x000000008b900000| Untracked 
| 150|0x000000008ba00000, 0x000000008ba00000, 0x000000008bb00000|  0%| F|  |TAMS 0x000000008ba00000, 0x000000008ba00000| Untracked 
| 151|0x000000008bb00000, 0x000000008bb00000, 0x000000008bc00000|  0%| F|  |TAMS 0x000000008bb00000, 0x000000008bb00000| Untracked 
| 152|0x000000008bc00000, 0x000000008bc00000, 0x000000008bd00000|  0%| F|  |TAMS 0x000000008bc00000, 0x000000008bc00000| Untracked 
| 153|0x000000008bd00000, 0x000000008bd00000, 0x000000008be00000|  0%| F|  |TAMS 0x000000008bd00000, 0x000000008bd00000| Untracked 
| 154|0x000000008be00000, 0x000000008be00000, 0x000000008bf00000|  0%| F|  |TAMS 0x000000008be00000, 0x000000008be00000| Untracked 
| 155|0x000000008bf00000, 0x000000008bf00000, 0x000000008c000000|  0%| F|  |TAMS 0x000000008bf00000, 0x000000008bf00000| Untracked 
| 156|0x000000008c000000, 0x000000008c000000, 0x000000008c100000|  0%| F|  |TAMS 0x000000008c000000, 0x000000008c000000| Untracked 
| 157|0x000000008c100000, 0x000000008c100000, 0x000000008c200000|  0%| F|  |TAMS 0x000000008c100000, 0x000000008c100000| Untracked 
| 158|0x000000008c200000, 0x000000008c200000, 0x000000008c300000|  0%| F|  |TAMS 0x000000008c200000, 0x000000008c200000| Untracked 
| 159|0x000000008c300000, 0x000000008c300000, 0x000000008c400000|  0%| F|  |TAMS 0x000000008c300000, 0x000000008c300000| Untracked 
| 160|0x000000008c400000, 0x000000008c400000, 0x000000008c500000|  0%| F|  |TAMS 0x000000008c400000, 0x000000008c400000| Untracked 
| 161|0x000000008c500000, 0x000000008c500000, 0x000000008c600000|  0%| F|  |TAMS 0x000000008c500000, 0x000000008c500000| Untracked 
| 162|0x000000008c600000, 0x000000008c600000, 0x000000008c700000|  0%| F|  |TAMS 0x000000008c600000, 0x000000008c600000| Untracked 
| 163|0x000000008c700000, 0x000000008c700000, 0x000000008c800000|  0%| F|  |TAMS 0x000000008c700000, 0x000000008c700000| Untracked 
| 164|0x000000008c800000, 0x000000008c800000, 0x000000008c900000|  0%| F|  |TAMS 0x000000008c800000, 0x000000008c800000| Untracked 
| 165|0x000000008c900000, 0x000000008c900000, 0x000000008ca00000|  0%| F|  |TAMS 0x000000008c900000, 0x000000008c900000| Untracked 
| 166|0x000000008ca00000, 0x000000008ca00000, 0x000000008cb00000|  0%| F|  |TAMS 0x000000008ca00000, 0x000000008ca00000| Untracked 
| 167|0x000000008cb00000, 0x000000008cb00000, 0x000000008cc00000|  0%| F|  |TAMS 0x000000008cb00000, 0x000000008cb00000| Untracked 
| 168|0x000000008cc00000, 0x000000008cc00000, 0x000000008cd00000|  0%| F|  |TAMS 0x000000008cc00000, 0x000000008cc00000| Untracked 
| 169|0x000000008cd00000, 0x000000008cd00000, 0x000000008ce00000|  0%| F|  |TAMS 0x000000008cd00000, 0x000000008cd00000| Untracked 
| 170|0x000000008ce00000, 0x000000008ce00000, 0x000000008cf00000|  0%| F|  |TAMS 0x000000008ce00000, 0x000000008ce00000| Untracked 
| 171|0x000000008cf00000, 0x000000008cf00000, 0x000000008d000000|  0%| F|  |TAMS 0x000000008cf00000, 0x000000008cf00000| Untracked 
| 172|0x000000008d000000, 0x000000008d000000, 0x000000008d100000|  0%| F|  |TAMS 0x000000008d000000, 0x000000008d000000| Untracked 
| 173|0x000000008d100000, 0x000000008d100000, 0x000000008d200000|  0%| F|  |TAMS 0x000000008d100000, 0x000000008d100000| Untracked 
| 174|0x000000008d200000, 0x000000008d200000, 0x000000008d300000|  0%| F|  |TAMS 0x000000008d200000, 0x000000008d200000| Untracked 
| 175|0x000000008d300000, 0x000000008d300000, 0x000000008d400000|  0%| F|  |TAMS 0x000000008d300000, 0x000000008d300000| Untracked 
| 176|0x000000008d400000, 0x000000008d400000, 0x000000008d500000|  0%| F|  |TAMS 0x000000008d400000, 0x000000008d400000| Untracked 
| 177|0x000000008d500000, 0x000000008d500000, 0x000000008d600000|  0%| F|  |TAMS 0x000000008d500000, 0x000000008d500000| Untracked 
| 178|0x000000008d600000, 0x000000008d600000, 0x000000008d700000|  0%| F|  |TAMS 0x000000008d600000, 0x000000008d600000| Untracked 
| 179|0x000000008d700000, 0x000000008d700000, 0x000000008d800000|  0%| F|  |TAMS 0x000000008d700000, 0x000000008d700000| Untracked 
| 180|0x000000008d800000, 0x000000008d800000, 0x000000008d900000|  0%| F|  |TAMS 0x000000008d800000, 0x000000008d800000| Untracked 
| 181|0x000000008d900000, 0x000000008d900000, 0x000000008da00000|  0%| F|  |TAMS 0x000000008d900000, 0x000000008d900000| Untracked 
| 182|0x000000008da00000, 0x000000008da00000, 0x000000008db00000|  0%| F|  |TAMS 0x000000008da00000, 0x000000008da00000| Untracked 

Card table byte_map: [0x000001fdd6750000,0x000001fdd6b40000] _byte_map_base: 0x000001fdd633e000

Marking Bits (Prev, Next): (CMBitMap*) 0x000001fdbebf91e8, (CMBitMap*) 0x000001fdbebf9220
 Prev Bits: [0x000001fdd6f30000, 0x000001fdd8ea0000)
 Next Bits: [0x000001fdd8ea0000, 0x000001fddae10000)

Polling page: 0x000001fdbcd60000

Metaspace:

Usage:
  Non-class:     32.37 MB capacity,    31.90 MB ( 99%) used,   413.74 KB (  1%) free+waste,    68.25 KB ( <1%) overhead. 
      Class:      3.89 MB capacity,     3.61 MB ( 93%) used,   260.40 KB (  7%) free+waste,    26.88 KB ( <1%) overhead. 
       Both:     36.26 MB capacity,    35.51 MB ( 98%) used,   674.14 KB (  2%) free+waste,    95.13 KB ( <1%) overhead. 

Virtual space:
  Non-class space:       34.00 MB reserved,      32.42 MB ( 95%) committed 
      Class space:        1.00 GB reserved,       4.00 MB ( <1%) committed 
             Both:        1.03 GB reserved,      36.42 MB (  3%) committed 

Chunk freelists:
   Non-Class:  6.63 KB
       Class:  0 bytes
        Both:  6.63 KB

CodeHeap 'non-profiled nmethods': size=120000Kb used=4861Kb max_used=4861Kb free=115138Kb
 bounds [0x000001fdceb00000, 0x000001fdcefc0000, 0x000001fdd6030000]
CodeHeap 'profiled nmethods': size=120000Kb used=16321Kb max_used=16321Kb free=103678Kb
 bounds [0x000001fdc75d0000, 0x000001fdc85d0000, 0x000001fdceb00000]
CodeHeap 'non-nmethods': size=5760Kb used=1149Kb max_used=1213Kb free=4610Kb
 bounds [0x000001fdc7030000, 0x000001fdc72a0000, 0x000001fdc75d0000]
 total_blobs=7438 nmethods=6959 adapters=390
 compilation: enabled
              stopped_count=0, restarted_count=0
 full_count=0

Compilation events (10 events):
Event: 12.412 Thread 0x000001fddd890000 nmethod 7769 0x000001fdcefbf410 code [0x000001fdcefbf5a0, 0x000001fdcefbf5f8]
Event: 12.412 Thread 0x000001fddd890000 7748       4       lombok.core.LombokNode::up (26 bytes)
Event: 12.413 Thread 0x000001fddd890000 nmethod 7748 0x000001fdcefbf690 code [0x000001fdcefbf820, 0x000001fdcefbf8b8]
Event: 12.413 Thread 0x000001fddd890000 7506       4       com.sun.tools.javac.tree.TreeScanner::visitSelect (9 bytes)
Event: 12.413 Thread 0x000001fddd890000 nmethod 7506 0x000001fdcefbf990 code [0x000001fdcefbfb20, 0x000001fdcefbfbf8]
Event: 12.413 Thread 0x000001fddd890000 7636       4       com.sun.tools.javac.util.Name::isEmpty (13 bytes)
Event: 12.414 Thread 0x000001fddd890000 nmethod 7636 0x000001fdcefbfd10 code [0x000001fdcefbfea0, 0x000001fdcefbff18]
Event: 12.414 Thread 0x000001fddd890000 7662       4       com.sun.tools.javac.code.Type$ErrorType::<init> (31 bytes)
Event: 12.417 Thread 0x000001fdde1ca800 7777   !   3       com.sun.tools.javac.tree.Pretty::visitTypeIdent (175 bytes)
Event: 12.418 Thread 0x000001fdde1ca800 nmethod 7777 0x000001fdc85c7a10 code [0x000001fdc85c7e00, 0x000001fdc85c9510]

GC Heap History (10 events):
Event: 11.283 GC heap after
{Heap after GC invocations=16 (full 0):
 garbage-first heap   total 155648K, used 65431K [0x0000000082400000, 0x0000000100000000)
  region size 1024K, 6 young (6144K), 6 survivors (6144K)
 Metaspace       used 36114K, capacity 36919K, committed 37040K, reserved 1083392K
  class space    used 3692K, capacity 3979K, committed 4096K, reserved 1048576K
}
Event: 11.397 GC heap before
{Heap before GC invocations=16 (full 0):
 garbage-first heap   total 155648K, used 126871K [0x0000000082400000, 0x0000000100000000)
  region size 1024K, 66 young (67584K), 6 survivors (6144K)
 Metaspace       used 36160K, capacity 36984K, committed 37296K, reserved 1083392K
  class space    used 3692K, capacity 3979K, committed 4096K, reserved 1048576K
}
Event: 11.408 GC heap after
{Heap after GC invocations=17 (full 0):
 garbage-first heap   total 187392K, used 66450K [0x0000000082400000, 0x0000000100000000)
  region size 1024K, 6 young (6144K), 6 survivors (6144K)
 Metaspace       used 36160K, capacity 36984K, committed 37296K, reserved 1083392K
  class space    used 3692K, capacity 3979K, committed 4096K, reserved 1048576K
}
Event: 11.539 GC heap before
{Heap before GC invocations=17 (full 0):
 garbage-first heap   total 187392K, used 145298K [0x0000000082400000, 0x0000000100000000)
  region size 1024K, 82 young (83968K), 6 survivors (6144K)
 Metaspace       used 36171K, capacity 36984K, committed 37296K, reserved 1083392K
  class space    used 3692K, capacity 3979K, committed 4096K, reserved 1048576K
}
Event: 11.552 GC heap after
{Heap after GC invocations=18 (full 0):
 garbage-first heap   total 187392K, used 68742K [0x0000000082400000, 0x0000000100000000)
  region size 1024K, 8 young (8192K), 8 survivors (8192K)
 Metaspace       used 36171K, capacity 36984K, committed 37296K, reserved 1083392K
  class space    used 3692K, capacity 3979K, committed 4096K, reserved 1048576K
}
Event: 11.674 GC heap before
{Heap before GC invocations=18 (full 0):
 garbage-first heap   total 187392K, used 146566K [0x0000000082400000, 0x0000000100000000)
  region size 1024K, 84 young (86016K), 8 survivors (8192K)
 Metaspace       used 36171K, capacity 36984K, committed 37296K, reserved 1083392K
  class space    used 3692K, capacity 3979K, committed 4096K, reserved 1048576K
}
Event: 11.687 GC heap after
{Heap after GC invocations=19 (full 0):
 garbage-first heap   total 187392K, used 69422K [0x0000000082400000, 0x0000000100000000)
  region size 1024K, 6 young (6144K), 6 survivors (6144K)
 Metaspace       used 36171K, capacity 36984K, committed 37296K, reserved 1083392K
  class space    used 3692K, capacity 3979K, committed 4096K, reserved 1048576K
}
Event: 12.119 GC heap before
{Heap before GC invocations=19 (full 0):
 garbage-first heap   total 187392K, used 149294K [0x0000000082400000, 0x0000000100000000)
  region size 1024K, 84 young (86016K), 6 survivors (6144K)
 Metaspace       used 36272K, capacity 37061K, committed 37296K, reserved 1083392K
  class space    used 3695K, capacity 3983K, committed 4096K, reserved 1048576K
}
Event: 12.132 GC heap after
{Heap after GC invocations=20 (full 0):
 garbage-first heap   total 187392K, used 73228K [0x0000000082400000, 0x0000000100000000)
  region size 1024K, 9 young (9216K), 9 survivors (9216K)
 Metaspace       used 36272K, capacity 37061K, committed 37296K, reserved 1083392K
  class space    used 3695K, capacity 3983K, committed 4096K, reserved 1048576K
}
Event: 12.418 GC heap before
{Heap before GC invocations=20 (full 0):
 garbage-first heap   total 187392K, used 152076K [0x0000000082400000, 0x0000000100000000)
  region size 1024K, 86 young (88064K), 9 survivors (9216K)
 Metaspace       used 36360K, capacity 37130K, committed 37296K, reserved 1083392K
  class space    used 3695K, capacity 3983K, committed 4096K, reserved 1048576K
}

Deoptimization events (10 events):
Event: 11.987 Thread 0x000001fdbebbf800 Uncommon trap: reason=unstable_if action=reinterpret pc=0x000001fdcef65154 method=java.util.HashMap.computeIfAbsent(Ljava/lang/Object;Ljava/util/function/Function;)Ljava/lang/Object; @ 132 c2
Event: 12.177 Thread 0x000001fdbebbf800 Uncommon trap: reason=unstable_if action=reinterpret pc=0x000001fdcef78a58 method=com.sun.tools.javac.util.Iterators$CompoundIterator.hasNext()Z @ 4 c2
Event: 12.371 Thread 0x000001fdbebbf800 Uncommon trap: reason=unstable_if action=reinterpret pc=0x000001fdcece6e8c method=lombok.core.configuration.FileSystemSourceCache.parseIfNeccesary(Llombok/core/configuration/ConfigurationFile;Llombok/core/configuration/ConfigurationParser;)Llombok/core/co
Event: 12.372 Thread 0x000001fdbebbf800 Uncommon trap: reason=unstable_if action=reinterpret pc=0x000001fdcecddb2c method=lombok.core.configuration.FileSystemSourceCache.parseIfNeccesary(Llombok/core/configuration/ConfigurationFile;Llombok/core/configuration/ConfigurationParser;)Llombok/core/co
Event: 12.372 Thread 0x000001fdbebbf800 Uncommon trap: reason=bimorphic_or_optimized_type_check action=maybe_recompile pc=0x000001fdcec3f58c method=lombok.javac.JavacNode.traverse(Llombok/javac/JavacASTVisitor;)V @ 73 c2
Event: 12.372 Thread 0x000001fdbebbf800 Uncommon trap: reason=bimorphic_or_optimized_type_check action=maybe_recompile pc=0x000001fdcec3fae4 method=lombok.javac.JavacNode.traverse(Llombok/javac/JavacASTVisitor;)V @ 113 c2
Event: 12.372 Thread 0x000001fdbebbf800 Uncommon trap: reason=bimorphic_or_optimized_type_check action=maybe_recompile pc=0x000001fdcec3f518 method=lombok.javac.JavacNode.traverse(Llombok/javac/JavacASTVisitor;)V @ 490 c2
Event: 12.372 Thread 0x000001fdbebbf800 Uncommon trap: reason=bimorphic_or_optimized_type_check action=maybe_recompile pc=0x000001fdcec3f2dc method=lombok.javac.JavacNode.traverse(Llombok/javac/JavacASTVisitor;)V @ 193 c2
Event: 12.372 Thread 0x000001fdbebbf800 Uncommon trap: reason=bimorphic_or_optimized_type_check action=maybe_recompile pc=0x000001fdcec3edf8 method=lombok.javac.JavacNode.traverse(Llombok/javac/JavacASTVisitor;)V @ 369 c2
Event: 12.372 Thread 0x000001fdbebbf800 Uncommon trap: reason=bimorphic_or_optimized_type_check action=maybe_recompile pc=0x000001fdcec3edf8 method=lombok.javac.JavacNode.traverse(Llombok/javac/JavacASTVisitor;)V @ 369 c2

Classes redefined (0 events):
No events

Internal exceptions (10 events):
Event: 11.846 Thread 0x000001fdbebbf800 Exception <a 'sun/nio/fs/WindowsException'{0x000000008bba3ed0}> (0x000000008bba3ed0) thrown at [./open/src/hotspot/share/prims/jni.cpp, line 611]
Event: 11.846 Thread 0x000001fdbebbf800 Exception <a 'sun/nio/fs/WindowsException'{0x000000008bba41d0}> (0x000000008bba41d0) thrown at [./open/src/hotspot/share/prims/jni.cpp, line 611]
Event: 11.846 Thread 0x000001fdbebbf800 Exception <a 'sun/nio/fs/WindowsException'{0x000000008bba6340}> (0x000000008bba6340) thrown at [./open/src/hotspot/share/prims/jni.cpp, line 611]
Event: 11.846 Thread 0x000001fdbebbf800 Exception <a 'sun/nio/fs/WindowsException'{0x000000008bba65e0}> (0x000000008bba65e0) thrown at [./open/src/hotspot/share/prims/jni.cpp, line 611]
Event: 11.846 Thread 0x000001fdbebbf800 Exception <a 'sun/nio/fs/WindowsException'{0x000000008bbab490}> (0x000000008bbab490) thrown at [./open/src/hotspot/share/prims/jni.cpp, line 611]
Event: 11.846 Thread 0x000001fdbebbf800 Exception <a 'sun/nio/fs/WindowsException'{0x000000008bbab6e0}> (0x000000008bbab6e0) thrown at [./open/src/hotspot/share/prims/jni.cpp, line 611]
Event: 11.847 Thread 0x000001fdbebbf800 Exception <a 'sun/nio/fs/WindowsException'{0x000000008bbb7230}> (0x000000008bbb7230) thrown at [./open/src/hotspot/share/prims/jni.cpp, line 611]
Event: 11.847 Thread 0x000001fdbebbf800 Exception <a 'sun/nio/fs/WindowsException'{0x000000008bbb74c8}> (0x000000008bbb74c8) thrown at [./open/src/hotspot/share/prims/jni.cpp, line 611]
Event: 11.847 Thread 0x000001fdbebbf800 Exception <a 'sun/nio/fs/WindowsException'{0x000000008bbb8960}> (0x000000008bbb8960) thrown at [./open/src/hotspot/share/prims/jni.cpp, line 611]
Event: 11.847 Thread 0x000001fdbebbf800 Exception <a 'sun/nio/fs/WindowsException'{0x000000008bbb8c80}> (0x000000008bbb8c80) thrown at [./open/src/hotspot/share/prims/jni.cpp, line 611]

Events (10 events):
Event: 12.372 Thread 0x000001fdbebbf800 Uncommon trap: trap_request=0xffffffc6 fr.pc=0x000001fdcec3f2dc relative=0x0000000000000c3c
Event: 12.372 Thread 0x000001fdbebbf800 DEOPT PACKING pc=0x000001fdcec3f2dc sp=0x000000c58c7fcf50
Event: 12.372 Thread 0x000001fdbebbf800 DEOPT UNPACKING pc=0x000001fdc7058f2f sp=0x000000c58c7fced8 mode 2
Event: 12.372 Thread 0x000001fdbebbf800 Uncommon trap: trap_request=0xffffffc6 fr.pc=0x000001fdcec3edf8 relative=0x0000000000000758
Event: 12.372 Thread 0x000001fdbebbf800 DEOPT PACKING pc=0x000001fdcec3edf8 sp=0x000000c58c7fce70
Event: 12.372 Thread 0x000001fdbebbf800 DEOPT UNPACKING pc=0x000001fdc7058f2f sp=0x000000c58c7fcdf8 mode 2
Event: 12.372 Thread 0x000001fdbebbf800 Uncommon trap: trap_request=0xffffffc6 fr.pc=0x000001fdcec3edf8 relative=0x0000000000000758
Event: 12.372 Thread 0x000001fdbebbf800 DEOPT PACKING pc=0x000001fdcec3edf8 sp=0x000000c58c7fcd90
Event: 12.372 Thread 0x000001fdbebbf800 DEOPT UNPACKING pc=0x000001fdc7058f2f sp=0x000000c58c7fcd18 mode 2
Event: 12.418 Executing VM operation: G1CollectForAllocation


Dynamic libraries:
0x00007ff7ed150000 - 0x00007ff7ed15f000 	C:\Program Files\Java\jdk-11.0.9\bin\javaw.exe
0x00007ffb5e500000 - 0x00007ffb5e6f0000 	C:\Windows\SYSTEM32\ntdll.dll
0x00007ffb5d290000 - 0x00007ffb5d342000 	C:\Windows\System32\KERNEL32.DLL
0x00007ffb5b730000 - 0x00007ffb5b9d5000 	C:\Windows\System32\KERNELBASE.dll
0x00007ffb5c4b0000 - 0x00007ffb5c5aa000 	C:\Windows\System32\ucrtbase.dll
0x00007ffb4a560000 - 0x00007ffb4a575000 	C:\Program Files\Java\jdk-11.0.9\bin\VCRUNTIME140.dll
0x00007ffb18c30000 - 0x00007ffb18c48000 	C:\Program Files\Java\jdk-11.0.9\bin\jli.dll
0x00007ffb5d820000 - 0x00007ffb5d8c3000 	C:\Windows\System32\ADVAPI32.dll
0x00007ffb5d8d0000 - 0x00007ffb5d96e000 	C:\Windows\System32\msvcrt.dll
0x00007ffb5c650000 - 0x00007ffb5c6e7000 	C:\Windows\System32\sechost.dll
0x00007ffb5c7a0000 - 0x00007ffb5c8bf000 	C:\Windows\System32\RPCRT4.dll
0x00007ffb5c8c0000 - 0x00007ffb5ca54000 	C:\Windows\System32\USER32.dll
0x00007ffb5b4a0000 - 0x00007ffb5b4c1000 	C:\Windows\System32\win32u.dll
0x00007ffb5c5b0000 - 0x00007ffb5c5d6000 	C:\Windows\System32\GDI32.dll
0x00007ffb5b590000 - 0x00007ffb5b728000 	C:\Windows\System32\gdi32full.dll
0x00007ffb3daa0000 - 0x00007ffb3dd24000 	C:\Windows\WinSxS\amd64_microsoft.windows.common-controls_6595b64144ccf1df_6.0.18362.1379_none_9e7ff3b3e45cc0c4\COMCTL32.dll
0x00007ffb5c1b0000 - 0x00007ffb5c24e000 	C:\Windows\System32\msvcp_win.dll
0x00007ffb5d4b0000 - 0x00007ffb5d7e7000 	C:\Windows\System32\combase.dll
0x00007ffb5b4d0000 - 0x00007ffb5b551000 	C:\Windows\System32\bcryptPrimitives.dll
0x00007ffb51430000 - 0x00007ffb5143a000 	C:\Windows\SYSTEM32\VERSION.dll
0x00007ffb5d7f0000 - 0x00007ffb5d81e000 	C:\Windows\System32\IMM32.DLL
0x00007ffb03670000 - 0x00007ffb0370b000 	C:\Program Files\Java\jdk-11.0.9\bin\msvcp140.dll
0x00007ffafbdf0000 - 0x00007ffafc8e7000 	C:\Program Files\Java\jdk-11.0.9\bin\server\jvm.dll
0x00007ffb5e4b0000 - 0x00007ffb5e4b8000 	C:\Windows\System32\PSAPI.DLL
0x00007ffb40300000 - 0x00007ffb40309000 	C:\Windows\SYSTEM32\WSOCK32.dll
0x00007ffb51f20000 - 0x00007ffb51f44000 	C:\Windows\SYSTEM32\WINMM.dll
0x00007ffb5dd50000 - 0x00007ffb5ddbf000 	C:\Windows\System32\WS2_32.dll
0x00007ffb519a0000 - 0x00007ffb519cd000 	C:\Windows\SYSTEM32\winmmbase.dll
0x00007ffb5c160000 - 0x00007ffb5c1aa000 	C:\Windows\System32\cfgmgr32.dll
0x00007ffb5b410000 - 0x00007ffb5b421000 	C:\Windows\System32\kernel.appcore.dll
0x00007ffb3d490000 - 0x00007ffb3d4a0000 	C:\Program Files\Java\jdk-11.0.9\bin\verify.dll
0x00007ffb59c60000 - 0x00007ffb59e54000 	C:\Windows\SYSTEM32\DBGHELP.DLL
0x00007ffb415f0000 - 0x00007ffb4161a000 	C:\Windows\SYSTEM32\dbgcore.DLL
0x00007ffb11c00000 - 0x00007ffb11c28000 	C:\Program Files\Java\jdk-11.0.9\bin\java.dll
0x00007ffb18b60000 - 0x00007ffb18b6a000 	C:\Program Files\Java\jdk-11.0.9\bin\jimage.dll
0x00007ffb14150000 - 0x00007ffb14166000 	C:\Program Files\Java\jdk-11.0.9\bin\zip.dll
0x00007ffb5ddc0000 - 0x00007ffb5e4a8000 	C:\Windows\System32\SHELL32.dll
0x00007ffb5d1c0000 - 0x00007ffb5d267000 	C:\Windows\System32\shcore.dll
0x00007ffb5b9e0000 - 0x00007ffb5c15b000 	C:\Windows\System32\windows.storage.dll
0x00007ffb5b450000 - 0x00007ffb5b473000 	C:\Windows\System32\profapi.dll
0x00007ffb5b3c0000 - 0x00007ffb5b40a000 	C:\Windows\System32\powrprof.dll
0x00007ffb5b3b0000 - 0x00007ffb5b3c0000 	C:\Windows\System32\UMPDC.dll
0x00007ffb5ca60000 - 0x00007ffb5cab2000 	C:\Windows\System32\shlwapi.dll
0x00007ffb5b480000 - 0x00007ffb5b497000 	C:\Windows\System32\cryptsp.dll
0x00007ffb12ec0000 - 0x00007ffb12ed9000 	C:\Program Files\Java\jdk-11.0.9\bin\net.dll
0x00007ffb4ec50000 - 0x00007ffb4ed40000 	C:\Windows\SYSTEM32\WINHTTP.dll
0x00007ffb5abb0000 - 0x00007ffb5ac17000 	C:\Windows\system32\mswsock.dll
0x00007ffb12dd0000 - 0x00007ffb12de2000 	C:\Program Files\Java\jdk-11.0.9\bin\nio.dll
0x00007ffb5a730000 - 0x00007ffb5a763000 	C:\Windows\system32\rsaenh.dll
0x00007ffb5b560000 - 0x00007ffb5b586000 	C:\Windows\System32\bcrypt.dll
0x00007ffb5b2d0000 - 0x00007ffb5b2f5000 	C:\Windows\SYSTEM32\USERENV.dll
0x00007ffb5ada0000 - 0x00007ffb5adac000 	C:\Windows\SYSTEM32\CRYPTBASE.dll
0x00007ffb5a8d0000 - 0x00007ffb5a90a000 	C:\Windows\SYSTEM32\IPHLPAPI.DLL
0x00007ffb5d270000 - 0x00007ffb5d278000 	C:\Windows\System32\NSI.dll
0x00007ffb50c20000 - 0x00007ffb50c36000 	C:\Windows\SYSTEM32\dhcpcsvc6.DLL
0x00007ffb50b50000 - 0x00007ffb50b6c000 	C:\Windows\SYSTEM32\dhcpcsvc.DLL
0x00007ffb5a910000 - 0x00007ffb5a9db000 	C:\Windows\SYSTEM32\DNSAPI.dll
0x00007ffb18a40000 - 0x00007ffb18a4a000 	C:\Users\Diego\AppData\Local\Temp\jansi-1.17.1-14707200644485317605.dll

dbghelp: loaded successfully - version: 4.0.5 - missing functions: none
symbol engine: initialized successfully - sym options: 0x614 - pdb path: .;C:\Program Files\Java\jdk-11.0.9\bin;C:\Windows\SYSTEM32;C:\Windows\WinSxS\amd64_microsoft.windows.common-controls_6595b64144ccf1df_6.0.18362.1379_none_9e7ff3b3e45cc0c4;C:\Program Files\Java\jdk-11.0.9\bin\server;C:\Users\Diego\AppData\Local\Temp

VM Arguments:
jvm_args: -Dmaven.home=D:\apache-maven-3.6.3\apache-maven-3.6.3 -Dclassworlds.conf=C:\Users\Diego\Documents\workspace-spring-tool-suite-4-4.7.0.RELEASE\.metadata\.plugins\org.eclipse.m2e.launching\launches\m2conf4046939301384269051.tmp -Dmaven.multiModuleProjectDirectory=D:\codigo\siniestros -Djansi.force=true -Djansi.passthrough=true -Dfile.encoding=Cp1252 
java_command: org.codehaus.plexus.classworlds.launcher.Launcher -B -Dmaven.test.skip=true -DskipTests -s D:\apache-maven-3.6.3\apache-maven-3.6.3\conf\settings.xml clean install -Dstyle.color=always
java_class_path (initial): D:\apache-maven-3.6.3\apache-maven-3.6.3\boot\plexus-classworlds-2.6.0.jar
Launcher Type: SUN_STANDARD

[Global flags]
     intx CICompilerCount                          = 4                                         {product} {ergonomic}
     uint ConcGCThreads                            = 2                                         {product} {ergonomic}
     uint G1ConcRefinementThreads                  = 8                                         {product} {ergonomic}
   size_t G1HeapRegionSize                         = 1048576                                   {product} {ergonomic}
    uintx GCDrainStackTargetSize                   = 64                                        {product} {ergonomic}
   size_t InitialHeapSize                          = 132120576                                 {product} {ergonomic}
   size_t MarkStackSize                            = 4194304                                   {product} {ergonomic}
   size_t MaxHeapSize                              = 2109734912                                {product} {ergonomic}
   size_t MaxNewSize                               = 1265631232                                {product} {ergonomic}
   size_t MinHeapDeltaBytes                        = 1048576                                   {product} {ergonomic}
    uintx NonNMethodCodeHeapSize                   = 5836300                                {pd product} {ergonomic}
    uintx NonProfiledCodeHeapSize                  = 122910970                              {pd product} {ergonomic}
    uintx ProfiledCodeHeapSize                     = 122910970                              {pd product} {ergonomic}
    uintx ReservedCodeCacheSize                    = 251658240                              {pd product} {ergonomic}
     bool SegmentedCodeCache                       = true                                      {product} {ergonomic}
     bool UseCompressedClassPointers               = true                                 {lp64_product} {ergonomic}
     bool UseCompressedOops                        = true                                 {lp64_product} {ergonomic}
     bool UseG1GC                                  = true                                      {product} {ergonomic}
     bool UseLargePagesIndividualAllocation        = false                                  {pd product} {ergonomic}

Logging:
Log output configuration:
 #0: stdout all=warning uptime,level,tags
 #1: stderr all=off uptime,level,tags

Environment Variables:
CLASSPATH=.;D:\IBM\SQLLIB\java\db2java.zip;D:\IBM\SQLLIB\java\db2jcc4.jar;D:\IBM\SQLLIB\java\sqlj4.zip;D:\IBM\SQLLIB\java\db2jcc_license_cu.jar;D:\IBM\SQLLIB\bin;D:\IBM\SQLLIB\java\common.jar
PATH=C:/Program Files/Java/jre1.8.0_251/bin/server;C:/Program Files/Java/jre1.8.0_251/bin;C:/Program Files/Java/jre1.8.0_251/lib/amd64;C:\Program Files\Common Files\Oracle\Java\javapath;C:\Program Files\Java\jdk-11.0.9\bin;D:\apache-maven-3.6.3\apache-maven-3.6.3\bin;D:\app\Diego\product\18.0.0\dbhomeXE\bin;C:\Windows\system32;C:\Windows;C:\Windows\System32\Wbem;C:\Windows\System32\WindowsPowerShell\v1.0\;C:\Windows\System32\OpenSSH\;C:\Program Files\Git\cmd;C:\Program Files\TortoiseSVN\bin;C:\Program Files\RabbitMQ Server\rabbitmq_server-3.8.5\sbin;C:\Program Files\ibm\gsk8\lib64;C:\Program Files (x86)\ibm\gsk8\lib;D:\IBM\SQLLIB\BIN;D:\IBM\SQLLIB\FUNCTION;D:\IBM\SQLLIB\SAMPLES\REPL;C:\Program Files (x86)\Google\Cloud SDK\google-cloud-sdk\bin;C:\Program Files\nodejs\;C:\Program Files\dotnet\;C:\Program Files\Microsoft SQL Server\130\Tools\Binn\;C:\Program Files\Microsoft SQL Server\Client SDK\ODBC\170\Tools\Binn\;C:\Python\Python38-32;C:\Program Files\PuTTY\;C:\Program Files\Amazon\AWSCLI\bin\;C:\Program Files\Docker\Docker\resources\bin;C:\ProgramData\DockerDesktop\version-bin;C:\Program Files\MySQL\MySQL Shell 8.0\bin\;C:\Users\Diego\AppData\Local\Microsoft\WindowsApps;D:\apache-maven-3.6.3\apache-maven-3.6.3\bin;C:\Users\Diego\AppData\Roaming\npm;C:\Users\Diego\AppData\Local\Programs\Microsoft VS Code\bin;C:\Users\Diego\.dotnet\tools;C:\Program Files (x86)\Sophos\Sophos SSL VPN Client\bin;D:\sts-4.7.0.RELEASE;
USERNAME=Diego
OS=Windows_NT
PROCESSOR_IDENTIFIER=Intel64 Family 6 Model 142 Stepping 12, GenuineIntel



---------------  S Y S T E M  ---------------

OS: Windows 10 , 64 bit Build 18362 (10.0.18362.1350)
HyperV virtualization detected

CPU:total 8 (initial active 8) (4 cores per cpu, 2 threads per core) family 6 model 142 stepping 12, cmov, cx8, fxsr, mmx, sse, sse2, sse3, ssse3, sse4.1, sse4.2, popcnt, avx, avx2, aes, clmul, erms, 3dnowpref, lzcnt, ht, tsc, tscinvbit, bmi1, bmi2, adx, fma

Memory: 4k page, system-wide physical 8043M (530M free)
TotalPageFile size 25951M (AvailPageFile size 53M)
current process WorkingSet (physical memory assigned to process): 363M, peak: 371M
current process commit charge ("private bytes"): 401M, peak: 475M

vm_info: Java HotSpot(TM) 64-Bit Server VM (11.0.9+7-LTS) for windows-amd64 JRE (11.0.9+7-LTS), built on Sep 15 2020 16:47:03 by "mach5one" with MS VC++ 15.9 (VS2017)

END.
