#
# There is insufficient memory for the Java Runtime Environment to continue.
# Native memory allocation (mmap) failed to map 110100480 bytes for Failed to commit area from 0x000000008db00000 to 0x0000000094400000 of length 110100480.
# Possible reasons:
#   The system is out of physical RAM or swap space
#   The process is running with CompressedOops enabled, and the Java Heap may be blocking the growth of the native heap
# Possible solutions:
#   Reduce memory load on the system
#   Increase physical memory or swap space
#   Check if swap backing store is full
#   Decrease Java heap size (-Xmx/-Xms)
#   Decrease number of Java threads
#   Decrease Java thread stack sizes (-Xss)
#   Set larger code cache with -XX:ReservedCodeCacheSize=
#   JVM is running with Unscaled Compressed Oops mode in which the Java heap is
#     placed in the first 4GB address space. The Java Heap base address is the
#     maximum limit for the native heap growth. Please use -XX:HeapBaseMinAddress
#     to set the Java Heap base and to place the Java Heap above 4GB virtual address.
# This output file may be truncated or incomplete.
#
#  Out of Memory Error (./open/src/hotspot/os/windows/os_windows.cpp:3275), pid=15764, tid=25052
#
# JRE version: Java(TM) SE Runtime Environment 18.9 (11.0.9+7) (build 11.0.9+7-LTS)
# Java VM: Java HotSpot(TM) 64-Bit Server VM 18.9 (11.0.9+7-LTS, mixed mode, tiered, compressed oops, g1 gc, windows-amd64)
# No core dump will be written. Minidumps are not enabled by default on client versions of Windows
#

---------------  S U M M A R Y ------------

Command Line: -Dmaven.home=D:\apache-maven-3.6.3\apache-maven-3.6.3 -Dclassworlds.conf=C:\Users\Diego\Documents\workspace-spring-tool-suite-4-4.7.0.RELEASE\.metadata\.plugins\org.eclipse.m2e.launching\launches\m2conf4507689608233782414.tmp -Dmaven.multiModuleProjectDirectory=D:\codigo\siniestros -Djansi.force=true -Djansi.passthrough=true -Dfile.encoding=Cp1252 org.codehaus.plexus.classworlds.launcher.Launcher -B -Dmaven.test.skip=true -DskipTests -s D:\apache-maven-3.6.3\apache-maven-3.6.3\conf\settings.xml clean install -Dstyle.color=always

Host: Intel(R) Core(TM) i5-10210U CPU @ 1.60GHz, 8 cores, 7G,  Windows 10 , 64 bit Build 18362 (10.0.18362.1350)
Time: Wed Mar 10 11:29:52 2021 Hora est. Pacífico, Sudamérica elapsed time: 38.169713 seconds (0d 0h 0m 38s)

---------------  T H R E A D  ---------------

Current thread (0x000001f5e142e000):  VMThread "VM Thread" [stack: 0x00000094ca700000,0x00000094ca800000] [id=25052]

Stack: [0x00000094ca700000,0x00000094ca800000]
[error occurred during error reporting (printing stack bounds), id 0xc0000005, EXCEPTION_ACCESS_VIOLATION (0xc0000005) at pc=0x000001f5ca450dad]

Native frames: (J=compiled Java code, j=interpreted, Vv=VM code, C=native code)
V  [jvm.dll+0x611a3a]
V  [jvm.dll+0x748aaf]
V  [jvm.dll+0x74a135]
V  [jvm.dll+0x74a715]
V  [jvm.dll+0x74a6cb]
V  [jvm.dll+0x611323]
V  [jvm.dll+0x6116e8]
C  [ntdll.dll+0xa1eef]
C  [ntdll.dll+0x6aad9]
C  [ntdll.dll+0xa0b5e]
C  0x000001f5ca450dad

VM_Operation (0x00000094ca1faad0): G1CollectForAllocation, mode: safepoint, requested by thread 0x000001f5c07af000


---------------  P R O C E S S  ---------------

Threads class SMR info:
_java_thread_list=0x000001f5e25af8e0, length=10, elements={
0x000001f5c07af000, 0x000001f5e1461800, 0x000001f5e1458000, 0x000001f5e146b800,
0x000001f5e146c800, 0x000001f5e1da1000, 0x000001f5e1dae800, 0x000001f5e147a800,
0x000001f5e1f6d000, 0x000001f5e1f72800
}

Java Threads: ( => current thread )
  0x000001f5c07af000 JavaThread "main" [_thread_blocked, id=24652, stack(0x00000094ca100000,0x00000094ca200000)]
  0x000001f5e1461800 JavaThread "Reference Handler" daemon [_thread_blocked, id=25984, stack(0x00000094ca800000,0x00000094ca900000)]
  0x000001f5e1458000 JavaThread "Finalizer" daemon [_thread_blocked, id=4832, stack(0x00000094ca900000,0x00000094caa00000)]
  0x000001f5e146b800 JavaThread "Signal Dispatcher" daemon [_thread_blocked, id=25460, stack(0x00000094caa00000,0x00000094cab00000)]
  0x000001f5e146c800 JavaThread "Attach Listener" daemon [_thread_blocked, id=22560, stack(0x00000094cab00000,0x00000094cac00000)]
  0x000001f5e1da1000 JavaThread "C2 CompilerThread0" daemon [_thread_blocked, id=21916, stack(0x00000094cac00000,0x00000094cad00000)]
  0x000001f5e1dae800 JavaThread "C1 CompilerThread0" daemon [_thread_blocked, id=22776, stack(0x00000094cad00000,0x00000094cae00000)]
  0x000001f5e147a800 JavaThread "Sweeper thread" daemon [_thread_blocked, id=27416, stack(0x00000094cae00000,0x00000094caf00000)]
  0x000001f5e1f6d000 JavaThread "Service Thread" daemon [_thread_blocked, id=25316, stack(0x00000094caf00000,0x00000094cb000000)]
  0x000001f5e1f72800 JavaThread "Common-Cleaner" daemon [_thread_blocked, id=29084, stack(0x00000094cb100000,0x00000094cb200000)]

Other Threads:
=>0x000001f5e142e000 VMThread "VM Thread" [stack: 0x00000094ca700000,0x00000094ca800000] [id=25052]
  0x000001f5e1f71800 WatcherThread [stack: 0x00000094cb000000,0x00000094cb100000] [id=18152]
  0x000001f5c07be000 GCTaskThread "GC Thread#0" [stack: 0x00000094ca200000,0x00000094ca300000] [id=23640]
  0x000001f5e26e9000 GCTaskThread "GC Thread#1" [stack: 0x00000094cb200000,0x00000094cb300000] [id=28296]
  0x000001f5e26e9800 GCTaskThread "GC Thread#2" [stack: 0x00000094cb300000,0x00000094cb400000] [id=20992]
  0x000001f5e5abd800 GCTaskThread "GC Thread#3" [stack: 0x00000094cbb00000,0x00000094cbc00000] [id=27612]
  0x000001f5c07f0000 ConcurrentGCThread "G1 Main Marker" [stack: 0x00000094ca300000,0x00000094ca400000] [id=28384]
  0x000001f5c07f1800 ConcurrentGCThread "G1 Conc#0" [stack: 0x00000094ca400000,0x00000094ca500000] [id=20752]
  0x000001f5e2ef8800 ConcurrentGCThread "G1 Conc#1" [stack: 0x00000094cb400000,0x00000094cb500000] [id=12776]
  0x000001f5c087e000 ConcurrentGCThread "G1 Refine#0" [stack: 0x00000094ca500000,0x00000094ca600000] [id=15772]
  0x000001f5e39f5000 ConcurrentGCThread "G1 Refine#1" [stack: 0x00000094cb500000,0x00000094cb600000] [id=8892]
  0x000001f5e4eec000 ConcurrentGCThread "G1 Refine#2" [stack: 0x00000094cb600000,0x00000094cb700000] [id=26944]
  0x000001f5e3e2c800 ConcurrentGCThread "G1 Refine#3" [stack: 0x00000094cb700000,0x00000094cb800000] [id=17208]
  0x000001f5e506c000 ConcurrentGCThread "G1 Refine#4" [stack: 0x00000094cb800000,0x00000094cb900000] [id=5092]
  0x000001f5e1298800 ConcurrentGCThread "G1 Young RemSet Sampling" [stack: 0x00000094ca600000,0x00000094ca700000] [id=26796]

Threads with active compile tasks:
C2 CompilerThread0  38273 8104   !   4       lombok.javac.JavacAST::drill (146 bytes)

VM state:at safepoint (normal execution)

VM Mutex/Monitor currently owned by a thread:  ([mutex/lock_event])
[0x000001f5c07ac4c0] Threads_lock - owner thread: 0x000001f5e142e000
[0x000001f5c07ac550] Heap_lock - owner thread: 0x000001f5c07af000

Heap address: 0x0000000082400000, size: 2012 MB, Compressed Oops mode: 32-bit
Narrow klass base: 0x0000000000000000, Narrow klass shift: 3
Compressed class space size: 1073741824 Address: 0x0000000100000000

Heap:
 garbage-first heap   total 294912K, used 83279K [0x0000000082400000, 0x0000000100000000)
  region size 1024K, 8 young (8192K), 8 survivors (8192K)
 Metaspace       used 43521K, capacity 44433K, committed 44624K, reserved 1089536K
  class space    used 4543K, capacity 4849K, committed 4864K, reserved 1048576K
Heap Regions: E=young(eden), S=young(survivor), O=old, HS=humongous(starts), HC=humongous(continues), CS=collection set, F=free, A=archive, TAMS=top-at-mark-start (previous, next)
|   0|0x0000000082400000, 0x0000000082500000, 0x0000000082500000|100%| O|  |TAMS 0x0000000082500000, 0x0000000082400000| Untracked 
|   1|0x0000000082500000, 0x0000000082600000, 0x0000000082600000|100%| O|  |TAMS 0x0000000082600000, 0x0000000082500000| Untracked 
|   2|0x0000000082600000, 0x0000000082700000, 0x0000000082700000|100%| O|  |TAMS 0x0000000082700000, 0x0000000082600000| Untracked 
|   3|0x0000000082700000, 0x0000000082800000, 0x0000000082800000|100%| O|  |TAMS 0x0000000082800000, 0x0000000082700000| Untracked 
|   4|0x0000000082800000, 0x0000000082900000, 0x0000000082900000|100%| O|  |TAMS 0x0000000082900000, 0x0000000082800000| Untracked 
|   5|0x0000000082900000, 0x0000000082a00000, 0x0000000082a00000|100%| O|  |TAMS 0x0000000082a00000, 0x0000000082900000| Untracked 
|   6|0x0000000082a00000, 0x0000000082b00000, 0x0000000082b00000|100%| O|  |TAMS 0x0000000082b00000, 0x0000000082a00000| Untracked 
|   7|0x0000000082b00000, 0x0000000082c00000, 0x0000000082c00000|100%| O|  |TAMS 0x0000000082c00000, 0x0000000082b00000| Untracked 
|   8|0x0000000082c00000, 0x0000000082d00000, 0x0000000082d00000|100%| O|  |TAMS 0x0000000082d00000, 0x0000000082c00000| Untracked 
|   9|0x0000000082d00000, 0x0000000082e00000, 0x0000000082e00000|100%| O|  |TAMS 0x0000000082e00000, 0x0000000082d00000| Untracked 
|  10|0x0000000082e00000, 0x0000000082f00000, 0x0000000082f00000|100%| O|  |TAMS 0x0000000082f00000, 0x0000000082e00000| Untracked 
|  11|0x0000000082f00000, 0x0000000083000000, 0x0000000083000000|100%| O|  |TAMS 0x0000000083000000, 0x0000000082f00000| Untracked 
|  12|0x0000000083000000, 0x0000000083100000, 0x0000000083100000|100%| O|  |TAMS 0x0000000083100000, 0x0000000083000000| Untracked 
|  13|0x0000000083100000, 0x0000000083200000, 0x0000000083200000|100%| O|  |TAMS 0x0000000083200000, 0x0000000083100000| Untracked 
|  14|0x0000000083200000, 0x0000000083300000, 0x0000000083300000|100%| O|  |TAMS 0x0000000083300000, 0x0000000083200000| Untracked 
|  15|0x0000000083300000, 0x0000000083400000, 0x0000000083400000|100%| O|  |TAMS 0x0000000083400000, 0x0000000083300000| Untracked 
|  16|0x0000000083400000, 0x0000000083500000, 0x0000000083500000|100%| O|  |TAMS 0x0000000083500000, 0x0000000083400000| Untracked 
|  17|0x0000000083500000, 0x0000000083600000, 0x0000000083600000|100%| O|  |TAMS 0x0000000083600000, 0x0000000083500000| Untracked 
|  18|0x0000000083600000, 0x0000000083700000, 0x0000000083700000|100%| O|  |TAMS 0x0000000083700000, 0x0000000083600000| Untracked 
|  19|0x0000000083700000, 0x0000000083800000, 0x0000000083800000|100%|HS|  |TAMS 0x0000000083800000, 0x0000000083700000| Complete 
|  20|0x0000000083800000, 0x0000000083900000, 0x0000000083900000|100%|HS|  |TAMS 0x0000000083900000, 0x0000000083800000| Complete 
|  21|0x0000000083900000, 0x0000000083a00000, 0x0000000083a00000|100%|HS|  |TAMS 0x0000000083a00000, 0x0000000083900000| Complete 
|  22|0x0000000083a00000, 0x0000000083b00000, 0x0000000083b00000|100%|HS|  |TAMS 0x0000000083b00000, 0x0000000083a00000| Complete 
|  23|0x0000000083b00000, 0x0000000083c00000, 0x0000000083c00000|100%| O|  |TAMS 0x0000000083c00000, 0x0000000083b00000| Untracked 
|  24|0x0000000083c00000, 0x0000000083d00000, 0x0000000083d00000|100%| O|  |TAMS 0x0000000083d00000, 0x0000000083c00000| Untracked 
|  25|0x0000000083d00000, 0x0000000083e00000, 0x0000000083e00000|100%| O|  |TAMS 0x0000000083e00000, 0x0000000083d00000| Untracked 
|  26|0x0000000083e00000, 0x0000000083f00000, 0x0000000083f00000|100%| O|  |TAMS 0x0000000083f00000, 0x0000000083e00000| Untracked 
|  27|0x0000000083f00000, 0x0000000084000000, 0x0000000084000000|100%| O|  |TAMS 0x0000000084000000, 0x0000000083f00000| Untracked 
|  28|0x0000000084000000, 0x0000000084100000, 0x0000000084100000|100%| O|  |TAMS 0x0000000084100000, 0x0000000084000000| Untracked 
|  29|0x0000000084100000, 0x0000000084200000, 0x0000000084200000|100%| O|  |TAMS 0x0000000084200000, 0x0000000084100000| Untracked 
|  30|0x0000000084200000, 0x0000000084300000, 0x0000000084300000|100%| O|  |TAMS 0x0000000084300000, 0x0000000084200000| Untracked 
|  31|0x0000000084300000, 0x0000000084400000, 0x0000000084400000|100%| O|  |TAMS 0x0000000084400000, 0x0000000084300000| Untracked 
|  32|0x0000000084400000, 0x0000000084500000, 0x0000000084500000|100%| O|  |TAMS 0x0000000084500000, 0x0000000084400000| Untracked 
|  33|0x0000000084500000, 0x0000000084600000, 0x0000000084600000|100%| O|  |TAMS 0x0000000084600000, 0x0000000084500000| Untracked 
|  34|0x0000000084600000, 0x0000000084700000, 0x0000000084700000|100%| O|  |TAMS 0x0000000084700000, 0x0000000084600000| Untracked 
|  35|0x0000000084700000, 0x0000000084800000, 0x0000000084800000|100%| O|  |TAMS 0x0000000084800000, 0x0000000084700000| Untracked 
|  36|0x0000000084800000, 0x0000000084900000, 0x0000000084900000|100%| O|  |TAMS 0x0000000084900000, 0x0000000084800000| Untracked 
|  37|0x0000000084900000, 0x0000000084a00000, 0x0000000084a00000|100%| O|  |TAMS 0x0000000084a00000, 0x0000000084900000| Untracked 
|  38|0x0000000084a00000, 0x0000000084b00000, 0x0000000084b00000|100%| O|  |TAMS 0x0000000084b00000, 0x0000000084a00000| Untracked 
|  39|0x0000000084b00000, 0x0000000084c00000, 0x0000000084c00000|100%| O|  |TAMS 0x0000000084c00000, 0x0000000084b00000| Untracked 
|  40|0x0000000084c00000, 0x0000000084d00000, 0x0000000084d00000|100%| O|  |TAMS 0x0000000084d00000, 0x0000000084c00000| Untracked 
|  41|0x0000000084d00000, 0x0000000084e00000, 0x0000000084e00000|100%| O|  |TAMS 0x0000000084e00000, 0x0000000084d00000| Untracked 
|  42|0x0000000084e00000, 0x0000000084f00000, 0x0000000084f00000|100%| O|  |TAMS 0x0000000084f00000, 0x0000000084e00000| Untracked 
|  43|0x0000000084f00000, 0x0000000085000000, 0x0000000085000000|100%| O|  |TAMS 0x0000000085000000, 0x0000000084f00000| Untracked 
|  44|0x0000000085000000, 0x0000000085100000, 0x0000000085100000|100%| O|  |TAMS 0x0000000085100000, 0x0000000085000000| Untracked 
|  45|0x0000000085100000, 0x0000000085200000, 0x0000000085200000|100%| O|  |TAMS 0x0000000085200000, 0x0000000085100000| Untracked 
|  46|0x0000000085200000, 0x0000000085300000, 0x0000000085300000|100%| O|  |TAMS 0x0000000085300000, 0x0000000085200000| Untracked 
|  47|0x0000000085300000, 0x0000000085400000, 0x0000000085400000|100%| O|  |TAMS 0x0000000085400000, 0x0000000085300000| Untracked 
|  48|0x0000000085400000, 0x0000000085500000, 0x0000000085500000|100%| O|  |TAMS 0x0000000085500000, 0x0000000085400000| Untracked 
|  49|0x0000000085500000, 0x0000000085600000, 0x0000000085600000|100%| O|  |TAMS 0x0000000085600000, 0x0000000085500000| Untracked 
|  50|0x0000000085600000, 0x0000000085700000, 0x0000000085700000|100%|HS|  |TAMS 0x0000000085700000, 0x0000000085600000| Complete 
|  51|0x0000000085700000, 0x0000000085800000, 0x0000000085800000|100%| O|  |TAMS 0x0000000085800000, 0x0000000085700000| Untracked 
|  52|0x0000000085800000, 0x0000000085900000, 0x0000000085900000|100%| O|  |TAMS 0x0000000085900000, 0x0000000085800000| Untracked 
|  53|0x0000000085900000, 0x0000000085a00000, 0x0000000085a00000|100%| O|  |TAMS 0x0000000085a00000, 0x0000000085900000| Untracked 
|  54|0x0000000085a00000, 0x0000000085b00000, 0x0000000085b00000|100%| O|  |TAMS 0x0000000085b00000, 0x0000000085a00000| Untracked 
|  55|0x0000000085b00000, 0x0000000085c00000, 0x0000000085c00000|100%| O|  |TAMS 0x0000000085c00000, 0x0000000085b00000| Untracked 
|  56|0x0000000085c00000, 0x0000000085d00000, 0x0000000085d00000|100%| O|  |TAMS 0x0000000085d00000, 0x0000000085c00000| Untracked 
|  57|0x0000000085d00000, 0x0000000085e00000, 0x0000000085e00000|100%| O|  |TAMS 0x0000000085e00000, 0x0000000085d00000| Untracked 
|  58|0x0000000085e00000, 0x0000000085f00000, 0x0000000085f00000|100%| O|  |TAMS 0x0000000085f00000, 0x0000000085e00000| Untracked 
|  59|0x0000000085f00000, 0x0000000086000000, 0x0000000086000000|100%| O|  |TAMS 0x0000000086000000, 0x0000000085f00000| Untracked 
|  60|0x0000000086000000, 0x0000000086100000, 0x0000000086100000|100%| O|  |TAMS 0x0000000086100000, 0x0000000086000000| Untracked 
|  61|0x0000000086100000, 0x0000000086200000, 0x0000000086200000|100%| O|  |TAMS 0x0000000086200000, 0x0000000086100000| Untracked 
|  62|0x0000000086200000, 0x0000000086300000, 0x0000000086300000|100%| O|  |TAMS 0x0000000086300000, 0x0000000086200000| Untracked 
|  63|0x0000000086300000, 0x0000000086400000, 0x0000000086400000|100%| O|  |TAMS 0x0000000086400000, 0x0000000086300000| Untracked 
|  64|0x0000000086400000, 0x0000000086500000, 0x0000000086500000|100%| O|  |TAMS 0x0000000086500000, 0x0000000086400000| Untracked 
|  65|0x0000000086500000, 0x0000000086600000, 0x0000000086600000|100%| O|  |TAMS 0x0000000086600000, 0x0000000086500000| Untracked 
|  66|0x0000000086600000, 0x0000000086700000, 0x0000000086700000|100%| O|  |TAMS 0x0000000086700000, 0x0000000086600000| Untracked 
|  67|0x0000000086700000, 0x0000000086800000, 0x0000000086800000|100%| O|  |TAMS 0x0000000086800000, 0x0000000086700000| Untracked 
|  68|0x0000000086800000, 0x0000000086900000, 0x0000000086900000|100%| O|  |TAMS 0x00000000868cac00, 0x0000000086800000| Untracked 
|  69|0x0000000086900000, 0x0000000086a00000, 0x0000000086a00000|100%| O|  |TAMS 0x0000000086900000, 0x0000000086900000| Untracked 
|  70|0x0000000086a00000, 0x0000000086b00000, 0x0000000086b00000|100%|HS|  |TAMS 0x0000000086a00000, 0x0000000086a00000| Complete 
|  71|0x0000000086b00000, 0x0000000086c00000, 0x0000000086c00000|100%| O|  |TAMS 0x0000000086b00000, 0x0000000086b00000| Untracked 
|  72|0x0000000086c00000, 0x0000000086d00000, 0x0000000086d00000|100%| O|  |TAMS 0x0000000086c00000, 0x0000000086c00000| Untracked 
|  73|0x0000000086d00000, 0x0000000086e00000, 0x0000000086e00000|100%| O|  |TAMS 0x0000000086d00000, 0x0000000086d00000| Untracked 
|  74|0x0000000086e00000, 0x0000000086e14e00, 0x0000000086f00000|  8%| O|  |TAMS 0x0000000086e00000, 0x0000000086e00000| Untracked 
|  75|0x0000000086f00000, 0x0000000086f00000, 0x0000000087000000|  0%| F|  |TAMS 0x0000000086f00000, 0x0000000086f00000| Untracked 
|  76|0x0000000087000000, 0x0000000087000000, 0x0000000087100000|  0%| F|  |TAMS 0x0000000087000000, 0x0000000087000000| Untracked 
|  77|0x0000000087100000, 0x0000000087100000, 0x0000000087200000|  0%| F|  |TAMS 0x0000000087100000, 0x0000000087100000| Untracked 
|  78|0x0000000087200000, 0x0000000087200000, 0x0000000087300000|  0%| F|  |TAMS 0x0000000087200000, 0x0000000087200000| Untracked 
|  79|0x0000000087300000, 0x0000000087300000, 0x0000000087400000|  0%| F|  |TAMS 0x0000000087300000, 0x0000000087300000| Untracked 
|  80|0x0000000087400000, 0x0000000087400000, 0x0000000087500000|  0%| F|  |TAMS 0x0000000087400000, 0x0000000087400000| Untracked 
|  81|0x0000000087500000, 0x0000000087500000, 0x0000000087600000|  0%| F|  |TAMS 0x0000000087500000, 0x0000000087500000| Untracked 
|  82|0x0000000087600000, 0x0000000087600000, 0x0000000087700000|  0%| F|  |TAMS 0x0000000087600000, 0x0000000087600000| Untracked 
|  83|0x0000000087700000, 0x0000000087700000, 0x0000000087800000|  0%| F|  |TAMS 0x0000000087700000, 0x0000000087700000| Untracked 
|  84|0x0000000087800000, 0x0000000087800000, 0x0000000087900000|  0%| F|  |TAMS 0x0000000087800000, 0x0000000087800000| Untracked 
|  85|0x0000000087900000, 0x0000000087900000, 0x0000000087a00000|  0%| F|  |TAMS 0x0000000087900000, 0x0000000087900000| Untracked 
|  86|0x0000000087a00000, 0x0000000087a00000, 0x0000000087b00000|  0%| F|  |TAMS 0x0000000087a00000, 0x0000000087a00000| Untracked 
|  87|0x0000000087b00000, 0x0000000087b00000, 0x0000000087c00000|  0%| F|  |TAMS 0x0000000087b00000, 0x0000000087b00000| Untracked 
|  88|0x0000000087c00000, 0x0000000087c00000, 0x0000000087d00000|  0%| F|  |TAMS 0x0000000087c00000, 0x0000000087c00000| Untracked 
|  89|0x0000000087d00000, 0x0000000087d00000, 0x0000000087e00000|  0%| F|  |TAMS 0x0000000087d00000, 0x0000000087d00000| Untracked 
|  90|0x0000000087e00000, 0x0000000087e00000, 0x0000000087f00000|  0%| F|  |TAMS 0x0000000087e00000, 0x0000000087e00000| Untracked 
|  91|0x0000000087f00000, 0x0000000087f00000, 0x0000000088000000|  0%| F|  |TAMS 0x0000000087f00000, 0x0000000087f00000| Untracked 
|  92|0x0000000088000000, 0x0000000088000000, 0x0000000088100000|  0%| F|  |TAMS 0x0000000088000000, 0x0000000088000000| Untracked 
|  93|0x0000000088100000, 0x0000000088100000, 0x0000000088200000|  0%| F|  |TAMS 0x0000000088100000, 0x0000000088100000| Untracked 
|  94|0x0000000088200000, 0x0000000088200000, 0x0000000088300000|  0%| F|  |TAMS 0x0000000088200000, 0x0000000088200000| Untracked 
|  95|0x0000000088300000, 0x0000000088300000, 0x0000000088400000|  0%| F|  |TAMS 0x0000000088300000, 0x0000000088300000| Untracked 
|  96|0x0000000088400000, 0x0000000088400000, 0x0000000088500000|  0%| F|  |TAMS 0x0000000088400000, 0x0000000088400000| Untracked 
|  97|0x0000000088500000, 0x0000000088500000, 0x0000000088600000|  0%| F|  |TAMS 0x0000000088500000, 0x0000000088500000| Untracked 
|  98|0x0000000088600000, 0x0000000088600000, 0x0000000088700000|  0%| F|  |TAMS 0x0000000088600000, 0x0000000088600000| Untracked 
|  99|0x0000000088700000, 0x0000000088700000, 0x0000000088800000|  0%| F|  |TAMS 0x0000000088700000, 0x0000000088700000| Untracked 
| 100|0x0000000088800000, 0x0000000088800000, 0x0000000088900000|  0%| F|  |TAMS 0x0000000088800000, 0x0000000088800000| Untracked 
| 101|0x0000000088900000, 0x0000000088900000, 0x0000000088a00000|  0%| F|  |TAMS 0x0000000088900000, 0x0000000088900000| Untracked 
| 102|0x0000000088a00000, 0x0000000088a00000, 0x0000000088b00000|  0%| F|  |TAMS 0x0000000088a00000, 0x0000000088a00000| Untracked 
| 103|0x0000000088b00000, 0x0000000088b3ef70, 0x0000000088c00000| 24%| S|CS|TAMS 0x0000000088b00000, 0x0000000088b00000| Complete 
| 104|0x0000000088c00000, 0x0000000088d00000, 0x0000000088d00000|100%| S|CS|TAMS 0x0000000088c00000, 0x0000000088c00000| Complete 
| 105|0x0000000088d00000, 0x0000000088e00000, 0x0000000088e00000|100%| S|CS|TAMS 0x0000000088d00000, 0x0000000088d00000| Complete 
| 106|0x0000000088e00000, 0x0000000088f00000, 0x0000000088f00000|100%| S|CS|TAMS 0x0000000088e00000, 0x0000000088e00000| Complete 
| 107|0x0000000088f00000, 0x0000000089000000, 0x0000000089000000|100%| S|CS|TAMS 0x0000000088f00000, 0x0000000088f00000| Complete 
| 108|0x0000000089000000, 0x0000000089000000, 0x0000000089100000|  0%| F|  |TAMS 0x0000000089000000, 0x0000000089000000| Untracked 
| 109|0x0000000089100000, 0x0000000089200000, 0x0000000089200000|100%| S|CS|TAMS 0x0000000089100000, 0x0000000089100000| Complete 
| 110|0x0000000089200000, 0x0000000089300000, 0x0000000089300000|100%| S|CS|TAMS 0x0000000089200000, 0x0000000089200000| Complete 
| 111|0x0000000089300000, 0x0000000089400000, 0x0000000089400000|100%| S|CS|TAMS 0x0000000089300000, 0x0000000089300000| Complete 
| 112|0x0000000089400000, 0x0000000089400000, 0x0000000089500000|  0%| F|  |TAMS 0x0000000089400000, 0x0000000089400000| Untracked 
| 113|0x0000000089500000, 0x0000000089500000, 0x0000000089600000|  0%| F|  |TAMS 0x0000000089500000, 0x0000000089500000| Untracked 
| 114|0x0000000089600000, 0x0000000089600000, 0x0000000089700000|  0%| F|  |TAMS 0x0000000089600000, 0x0000000089600000| Untracked 
| 115|0x0000000089700000, 0x0000000089700000, 0x0000000089800000|  0%| F|  |TAMS 0x0000000089700000, 0x0000000089700000| Untracked 
| 116|0x0000000089800000, 0x0000000089800000, 0x0000000089900000|  0%| F|  |TAMS 0x0000000089800000, 0x0000000089800000| Untracked 
| 117|0x0000000089900000, 0x0000000089900000, 0x0000000089a00000|  0%| F|  |TAMS 0x0000000089900000, 0x0000000089900000| Untracked 
| 118|0x0000000089a00000, 0x0000000089a00000, 0x0000000089b00000|  0%| F|  |TAMS 0x0000000089a00000, 0x0000000089a00000| Untracked 
| 119|0x0000000089b00000, 0x0000000089b00000, 0x0000000089c00000|  0%| F|  |TAMS 0x0000000089b00000, 0x0000000089b00000| Untracked 
| 120|0x0000000089c00000, 0x0000000089c00000, 0x0000000089d00000|  0%| F|  |TAMS 0x0000000089c00000, 0x0000000089c00000| Untracked 
| 121|0x0000000089d00000, 0x0000000089d00000, 0x0000000089e00000|  0%| F|  |TAMS 0x0000000089d00000, 0x0000000089d00000| Untracked 
| 122|0x0000000089e00000, 0x0000000089e00000, 0x0000000089f00000|  0%| F|  |TAMS 0x0000000089e00000, 0x0000000089e00000| Untracked 
| 123|0x0000000089f00000, 0x0000000089f00000, 0x000000008a000000|  0%| F|  |TAMS 0x0000000089f00000, 0x0000000089f00000| Untracked 
| 124|0x000000008a000000, 0x000000008a000000, 0x000000008a100000|  0%| F|  |TAMS 0x000000008a000000, 0x000000008a000000| Untracked 
| 125|0x000000008a100000, 0x000000008a100000, 0x000000008a200000|  0%| F|  |TAMS 0x000000008a100000, 0x000000008a100000| Untracked 
| 126|0x000000008a200000, 0x000000008a200000, 0x000000008a300000|  0%| F|  |TAMS 0x000000008a200000, 0x000000008a200000| Untracked 
| 127|0x000000008a300000, 0x000000008a300000, 0x000000008a400000|  0%| F|  |TAMS 0x000000008a300000, 0x000000008a300000| Untracked 
| 128|0x000000008a400000, 0x000000008a400000, 0x000000008a500000|  0%| F|  |TAMS 0x000000008a400000, 0x000000008a400000| Untracked 
| 129|0x000000008a500000, 0x000000008a500000, 0x000000008a600000|  0%| F|  |TAMS 0x000000008a500000, 0x000000008a500000| Untracked 
| 130|0x000000008a600000, 0x000000008a600000, 0x000000008a700000|  0%| F|  |TAMS 0x000000008a600000, 0x000000008a600000| Untracked 
| 131|0x000000008a700000, 0x000000008a700000, 0x000000008a800000|  0%| F|  |TAMS 0x000000008a700000, 0x000000008a700000| Untracked 
| 132|0x000000008a800000, 0x000000008a800000, 0x000000008a900000|  0%| F|  |TAMS 0x000000008a800000, 0x000000008a800000| Untracked 
| 133|0x000000008a900000, 0x000000008a900000, 0x000000008aa00000|  0%| F|  |TAMS 0x000000008a900000, 0x000000008a900000| Untracked 
| 134|0x000000008aa00000, 0x000000008aa00000, 0x000000008ab00000|  0%| F|  |TAMS 0x000000008aa00000, 0x000000008aa00000| Untracked 
| 135|0x000000008ab00000, 0x000000008ab00000, 0x000000008ac00000|  0%| F|  |TAMS 0x000000008ab00000, 0x000000008ab00000| Untracked 
| 136|0x000000008ac00000, 0x000000008ac00000, 0x000000008ad00000|  0%| F|  |TAMS 0x000000008ac00000, 0x000000008ac00000| Untracked 
| 137|0x000000008ad00000, 0x000000008ad00000, 0x000000008ae00000|  0%| F|  |TAMS 0x000000008ad00000, 0x000000008ad00000| Untracked 
| 138|0x000000008ae00000, 0x000000008ae00000, 0x000000008af00000|  0%| F|  |TAMS 0x000000008ae00000, 0x000000008ae00000| Untracked 
| 139|0x000000008af00000, 0x000000008af00000, 0x000000008b000000|  0%| F|  |TAMS 0x000000008af00000, 0x000000008af00000| Untracked 
| 140|0x000000008b000000, 0x000000008b000000, 0x000000008b100000|  0%| F|  |TAMS 0x000000008b000000, 0x000000008b000000| Untracked 
| 141|0x000000008b100000, 0x000000008b100000, 0x000000008b200000|  0%| F|  |TAMS 0x000000008b100000, 0x000000008b100000| Untracked 
| 142|0x000000008b200000, 0x000000008b200000, 0x000000008b300000|  0%| F|  |TAMS 0x000000008b200000, 0x000000008b200000| Untracked 
| 143|0x000000008b300000, 0x000000008b300000, 0x000000008b400000|  0%| F|  |TAMS 0x000000008b300000, 0x000000008b300000| Untracked 
| 144|0x000000008b400000, 0x000000008b400000, 0x000000008b500000|  0%| F|  |TAMS 0x000000008b400000, 0x000000008b400000| Untracked 
| 145|0x000000008b500000, 0x000000008b500000, 0x000000008b600000|  0%| F|  |TAMS 0x000000008b500000, 0x000000008b500000| Untracked 
| 146|0x000000008b600000, 0x000000008b600000, 0x000000008b700000|  0%| F|  |TAMS 0x000000008b600000, 0x000000008b600000| Untracked 
| 147|0x000000008b700000, 0x000000008b700000, 0x000000008b800000|  0%| F|  |TAMS 0x000000008b700000, 0x000000008b700000| Untracked 
| 148|0x000000008b800000, 0x000000008b800000, 0x000000008b900000|  0%| F|  |TAMS 0x000000008b800000, 0x000000008b800000| Untracked 
| 149|0x000000008b900000, 0x000000008b900000, 0x000000008ba00000|  0%| F|  |TAMS 0x000000008b900000, 0x000000008b900000| Untracked 
| 150|0x000000008ba00000, 0x000000008ba00000, 0x000000008bb00000|  0%| F|  |TAMS 0x000000008ba00000, 0x000000008ba00000| Untracked 
| 151|0x000000008bb00000, 0x000000008bb00000, 0x000000008bc00000|  0%| F|  |TAMS 0x000000008bb00000, 0x000000008bb00000| Untracked 
| 152|0x000000008bc00000, 0x000000008bc00000, 0x000000008bd00000|  0%| F|  |TAMS 0x000000008bc00000, 0x000000008bc00000| Untracked 
| 153|0x000000008bd00000, 0x000000008bd00000, 0x000000008be00000|  0%| F|  |TAMS 0x000000008bd00000, 0x000000008bd00000| Untracked 
| 154|0x000000008be00000, 0x000000008be00000, 0x000000008bf00000|  0%| F|  |TAMS 0x000000008be00000, 0x000000008be00000| Untracked 
| 155|0x000000008bf00000, 0x000000008bf00000, 0x000000008c000000|  0%| F|  |TAMS 0x000000008bf00000, 0x000000008bf00000| Untracked 
| 156|0x000000008c000000, 0x000000008c000000, 0x000000008c100000|  0%| F|  |TAMS 0x000000008c000000, 0x000000008c000000| Untracked 
| 157|0x000000008c100000, 0x000000008c100000, 0x000000008c200000|  0%| F|  |TAMS 0x000000008c100000, 0x000000008c100000| Untracked 
| 158|0x000000008c200000, 0x000000008c200000, 0x000000008c300000|  0%| F|  |TAMS 0x000000008c200000, 0x000000008c200000| Untracked 
| 159|0x000000008c300000, 0x000000008c300000, 0x000000008c400000|  0%| F|  |TAMS 0x000000008c300000, 0x000000008c300000| Untracked 
| 160|0x000000008c400000, 0x000000008c400000, 0x000000008c500000|  0%| F|  |TAMS 0x000000008c400000, 0x000000008c400000| Untracked 
| 161|0x000000008c500000, 0x000000008c500000, 0x000000008c600000|  0%| F|  |TAMS 0x000000008c500000, 0x000000008c500000| Untracked 
| 162|0x000000008c600000, 0x000000008c600000, 0x000000008c700000|  0%| F|  |TAMS 0x000000008c600000, 0x000000008c600000| Untracked 
| 163|0x000000008c700000, 0x000000008c700000, 0x000000008c800000|  0%| F|  |TAMS 0x000000008c700000, 0x000000008c700000| Untracked 
| 164|0x000000008c800000, 0x000000008c800000, 0x000000008c900000|  0%| F|  |TAMS 0x000000008c800000, 0x000000008c800000| Untracked 
| 165|0x000000008c900000, 0x000000008c900000, 0x000000008ca00000|  0%| F|  |TAMS 0x000000008c900000, 0x000000008c900000| Untracked 
| 166|0x000000008ca00000, 0x000000008ca00000, 0x000000008cb00000|  0%| F|  |TAMS 0x000000008ca00000, 0x000000008ca00000| Untracked 
| 167|0x000000008cb00000, 0x000000008cb00000, 0x000000008cc00000|  0%| F|  |TAMS 0x000000008cb00000, 0x000000008cb00000| Untracked 
| 168|0x000000008cc00000, 0x000000008cc00000, 0x000000008cd00000|  0%| F|  |TAMS 0x000000008cc00000, 0x000000008cc00000| Untracked 
| 169|0x000000008cd00000, 0x000000008cd00000, 0x000000008ce00000|  0%| F|  |TAMS 0x000000008cd00000, 0x000000008cd00000| Untracked 
| 170|0x000000008ce00000, 0x000000008ce00000, 0x000000008cf00000|  0%| F|  |TAMS 0x000000008ce00000, 0x000000008ce00000| Untracked 
| 171|0x000000008cf00000, 0x000000008cf00000, 0x000000008d000000|  0%| F|  |TAMS 0x000000008cf00000, 0x000000008cf00000| Untracked 
| 172|0x000000008d000000, 0x000000008d000000, 0x000000008d100000|  0%| F|  |TAMS 0x000000008d000000, 0x000000008d000000| Untracked 
| 173|0x000000008d100000, 0x000000008d100000, 0x000000008d200000|  0%| F|  |TAMS 0x000000008d100000, 0x000000008d100000| Untracked 
| 174|0x000000008d200000, 0x000000008d200000, 0x000000008d300000|  0%| F|  |TAMS 0x000000008d200000, 0x000000008d200000| Untracked 
| 175|0x000000008d300000, 0x000000008d300000, 0x000000008d400000|  0%| F|  |TAMS 0x000000008d300000, 0x000000008d300000| Untracked 
| 176|0x000000008d400000, 0x000000008d400000, 0x000000008d500000|  0%| F|  |TAMS 0x000000008d400000, 0x000000008d400000| Untracked 
| 177|0x000000008d500000, 0x000000008d500000, 0x000000008d600000|  0%| F|  |TAMS 0x000000008d500000, 0x000000008d500000| Untracked 
| 178|0x000000008d600000, 0x000000008d600000, 0x000000008d700000|  0%| F|  |TAMS 0x000000008d600000, 0x000000008d600000| Untracked 
| 179|0x000000008d700000, 0x000000008d700000, 0x000000008d800000|  0%| F|  |TAMS 0x000000008d700000, 0x000000008d700000| Untracked 
| 180|0x000000008d800000, 0x000000008d800000, 0x000000008d900000|  0%| F|  |TAMS 0x000000008d800000, 0x000000008d800000| Untracked 
| 181|0x000000008d900000, 0x000000008d900000, 0x000000008da00000|  0%| F|  |TAMS 0x000000008d900000, 0x000000008d900000| Untracked 
| 182|0x000000008da00000, 0x000000008da00000, 0x000000008db00000|  0%| F|  |TAMS 0x000000008da00000, 0x000000008da00000| Untracked 

Card table byte_map: [0x000001f5da2a0000,0x000001f5da690000] _byte_map_base: 0x000001f5d9e8e000

Marking Bits (Prev, Next): (CMBitMap*) 0x000001f5c07e7680, (CMBitMap*) 0x000001f5c07e7648
 Prev Bits: [0x000001f5dc9f0000, 0x000001f5de960000)
 Next Bits: [0x000001f5daa80000, 0x000001f5dc9f0000)

Polling page: 0x000001f5c0880000

Metaspace:

Usage:
  Non-class:     38.66 MB capacity,    38.06 MB ( 98%) used,   526.71 KB (  1%) free+waste,    79.06 KB ( <1%) overhead. 
      Class:      4.74 MB capacity,     4.44 MB ( 94%) used,   274.66 KB (  6%) free+waste,    30.63 KB ( <1%) overhead. 
       Both:     43.39 MB capacity,    42.50 MB ( 98%) used,   801.38 KB (  2%) free+waste,   109.69 KB ( <1%) overhead. 

Virtual space:
  Non-class space:       40.00 MB reserved,      38.83 MB ( 97%) committed 
      Class space:        1.00 GB reserved,       4.75 MB ( <1%) committed 
             Both:        1.04 GB reserved,      43.58 MB (  4%) committed 

Chunk freelists:
   Non-Class:  6.00 KB
       Class:  0 bytes
        Both:  6.00 KB

CodeHeap 'non-profiled nmethods': size=120000Kb used=3407Kb max_used=3407Kb free=116592Kb
 bounds [0x000001f5d1f20000, 0x000001f5d2280000, 0x000001f5d9450000]
CodeHeap 'profiled nmethods': size=120000Kb used=17828Kb max_used=17828Kb free=102171Kb
 bounds [0x000001f5ca9f0000, 0x000001f5cbb70000, 0x000001f5d1f20000]
CodeHeap 'non-nmethods': size=5760Kb used=1190Kb max_used=1246Kb free=4569Kb
 bounds [0x000001f5ca450000, 0x000001f5ca6c0000, 0x000001f5ca9f0000]
 total_blobs=7828 nmethods=7295 adapters=444
 compilation: enabled
              stopped_count=0, restarted_count=0
 full_count=0

Compilation events (10 events):
Event: 36.197 Thread 0x000001f5e1dae800 8259       1       com.sun.tools.javac.code.Type$JCVoidType::isPrimitiveOrVoid (2 bytes)
Event: 36.197 Thread 0x000001f5e1dae800 nmethod 8259 0x000001f5d2273990 code [0x000001f5d2273b20, 0x000001f5d2273c38]
Event: 36.197 Thread 0x000001f5e1dae800 8260       1       com.sun.tools.javac.code.Type$JCPrimitiveType::isPrimitiveOrVoid (2 bytes)
Event: 36.198 Thread 0x000001f5e1dae800 nmethod 8260 0x000001f5d2273c90 code [0x000001f5d2273e20, 0x000001f5d2273f38]
Event: 36.201 Thread 0x000001f5e1dae800 8261       2       com.sun.tools.javac.comp.Attr$TypeAnnotationsValidator::visitClassDef (88 bytes)
Event: 36.202 Thread 0x000001f5e1dae800 nmethod 8261 0x000001f5cbb5ff10 code [0x000001f5cbb60160, 0x000001f5cbb608a0]
Event: 36.203 Thread 0x000001f5e1dae800 8262       2       com.sun.tools.javac.code.TypeAnnotations$$Lambda$199/0x000000010046d040::run (16 bytes)
Event: 36.203 Thread 0x000001f5e1dae800 nmethod 8262 0x000001f5cbb60d10 code [0x000001f5cbb60ec0, 0x000001f5cbb61050]
Event: 36.203 Thread 0x000001f5e1dae800 8263   !   2       com.sun.tools.javac.code.TypeAnnotations::lambda$validateTypeAnnotationsSignatures$1 (51 bytes)
Event: 36.204 Thread 0x000001f5e1dae800 nmethod 8263 0x000001f5cbb61110 code [0x000001f5cbb61300, 0x000001f5cbb61820]

GC Heap History (10 events):
Event: 34.339 GC heap after
{Heap after GC invocations=26 (full 0):
 garbage-first heap   total 155648K, used 75418K [0x0000000082400000, 0x0000000100000000)
  region size 1024K, 5 young (5120K), 5 survivors (5120K)
 Metaspace       used 43366K, capacity 44222K, committed 44368K, reserved 1089536K
  class space    used 4540K, capacity 4845K, committed 4864K, reserved 1048576K
}
Event: 34.575 GC heap before
{Heap before GC invocations=27 (full 0):
 garbage-first heap   total 155648K, used 124570K [0x0000000082400000, 0x0000000100000000)
  region size 1024K, 53 young (54272K), 5 survivors (5120K)
 Metaspace       used 43379K, capacity 44286K, committed 44368K, reserved 1089536K
  class space    used 4540K, capacity 4845K, committed 4864K, reserved 1048576K
}
Event: 34.593 GC heap after
{Heap after GC invocations=28 (full 0):
 garbage-first heap   total 187392K, used 76415K [0x0000000082400000, 0x0000000100000000)
  region size 1024K, 5 young (5120K), 5 survivors (5120K)
 Metaspace       used 43379K, capacity 44286K, committed 44368K, reserved 1089536K
  class space    used 4540K, capacity 4845K, committed 4864K, reserved 1048576K
}
Event: 34.791 GC heap before
{Heap before GC invocations=28 (full 0):
 garbage-first heap   total 187392K, used 139903K [0x0000000082400000, 0x0000000100000000)
  region size 1024K, 66 young (67584K), 5 survivors (5120K)
 Metaspace       used 43407K, capacity 44287K, committed 44368K, reserved 1089536K
  class space    used 4540K, capacity 4845K, committed 4864K, reserved 1048576K
}
Event: 34.805 GC heap after
{Heap after GC invocations=29 (full 0):
 garbage-first heap   total 187392K, used 78505K [0x0000000082400000, 0x0000000100000000)
  region size 1024K, 6 young (6144K), 6 survivors (6144K)
 Metaspace       used 43407K, capacity 44287K, committed 44368K, reserved 1089536K
  class space    used 4540K, capacity 4845K, committed 4864K, reserved 1048576K
}
Event: 34.954 GC heap before
{Heap before GC invocations=29 (full 0):
 garbage-first heap   total 187392K, used 141993K [0x0000000082400000, 0x0000000100000000)
  region size 1024K, 68 young (69632K), 6 survivors (6144K)
 Metaspace       used 43407K, capacity 44287K, committed 44368K, reserved 1089536K
  class space    used 4540K, capacity 4845K, committed 4864K, reserved 1048576K
}
Event: 34.970 GC heap after
{Heap after GC invocations=30 (full 0):
 garbage-first heap   total 187392K, used 79584K [0x0000000082400000, 0x0000000100000000)
  region size 1024K, 6 young (6144K), 6 survivors (6144K)
 Metaspace       used 43407K, capacity 44287K, committed 44368K, reserved 1089536K
  class space    used 4540K, capacity 4845K, committed 4864K, reserved 1048576K
}
Event: 35.329 GC heap before
{Heap before GC invocations=30 (full 0):
 garbage-first heap   total 187392K, used 144096K [0x0000000082400000, 0x0000000100000000)
  region size 1024K, 69 young (70656K), 6 survivors (6144K)
 Metaspace       used 43456K, capacity 44362K, committed 44624K, reserved 1089536K
  class space    used 4543K, capacity 4849K, committed 4864K, reserved 1048576K
}
Event: 35.347 GC heap after
{Heap after GC invocations=31 (full 0):
 garbage-first heap   total 187392K, used 80394K [0x0000000082400000, 0x0000000100000000)
  region size 1024K, 6 young (6144K), 6 survivors (6144K)
 Metaspace       used 43456K, capacity 44362K, committed 44624K, reserved 1089536K
  class space    used 4543K, capacity 4849K, committed 4864K, reserved 1048576K
}
Event: 36.291 GC heap before
{Heap before GC invocations=31 (full 0):
 garbage-first heap   total 187392K, used 147978K [0x0000000082400000, 0x0000000100000000)
  region size 1024K, 72 young (73728K), 6 survivors (6144K)
 Metaspace       used 43521K, capacity 44433K, committed 44624K, reserved 1089536K
  class space    used 4543K, capacity 4849K, committed 4864K, reserved 1048576K
}

Deoptimization events (10 events):
Event: 32.951 Thread 0x000001f5c07af000 Uncommon trap: reason=null_check action=maybe_recompile pc=0x000001f5d20590c0 method=java.util.regex.Matcher.getTextLength()I @ 4 c2
Event: 33.928 Thread 0x000001f5c07af000 Uncommon trap: reason=unstable_if action=reinterpret pc=0x000001f5d2237f84 method=java.util.regex.Matcher.reset()Ljava/util/regex/Matcher; @ 71 c2
Event: 33.928 Thread 0x000001f5c07af000 Uncommon trap: reason=unstable_if action=reinterpret pc=0x000001f5d20f15f0 method=java.util.regex.Matcher.match(II)Z @ 76 c2
Event: 34.417 Thread 0x000001f5c07af000 Uncommon trap: reason=unstable_if action=reinterpret pc=0x000001f5d223ae30 method=lombok.core.configuration.FileSystemSourceCache.parseIfNeccesary(Llombok/core/configuration/ConfigurationFile;Llombok/core/configuration/ConfigurationParser;)Llombok/core/co
Event: 34.717 Thread 0x000001f5c07af000 Uncommon trap: reason=unstable_if action=reinterpret pc=0x000001f5d2133a90 method=java.util.WeakHashMap.eq(Ljava/lang/Object;Ljava/lang/Object;)Z @ 10 c2
Event: 34.717 Thread 0x000001f5c07af000 Uncommon trap: reason=unstable_if action=reinterpret pc=0x000001f5d224ae3c method=java.util.WeakHashMap.eq(Ljava/lang/Object;Ljava/lang/Object;)Z @ 10 c2
Event: 35.008 Thread 0x000001f5c07af000 Uncommon trap: reason=unstable_if action=reinterpret pc=0x000001f5d222ae48 method=lombok.javac.JavacAST.buildStatementOrExpression(Lcom/sun/tools/javac/tree/JCTree;)Llombok/javac/JavacNode; @ 19 c2
Event: 35.461 Thread 0x000001f5c07af000 Uncommon trap: reason=unstable_if action=reinterpret pc=0x000001f5d21dbc00 method=java.time.LocalDate.create(III)Ljava/time/LocalDate; @ 10 c2
Event: 35.463 Thread 0x000001f5c07af000 Uncommon trap: reason=speculate_class_check action=maybe_recompile pc=0x000001f5d208778c method=java.util.zip.InflaterInputStream.read([BII)I @ 100 c2
Event: 35.510 Thread 0x000001f5c07af000 Uncommon trap: reason=speculate_class_check action=maybe_recompile pc=0x000001f5d208778c method=java.util.zip.InflaterInputStream.read([BII)I @ 100 c2

Classes redefined (0 events):
No events

Internal exceptions (10 events):
Event: 35.505 Thread 0x000001f5c07af000 Exception <a 'sun/nio/fs/WindowsException'{0x000000008cfba648}> (0x000000008cfba648) thrown at [./open/src/hotspot/share/prims/jni.cpp, line 611]
Event: 35.505 Thread 0x000001f5c07af000 Exception <a 'sun/nio/fs/WindowsException'{0x000000008cfba948}> (0x000000008cfba948) thrown at [./open/src/hotspot/share/prims/jni.cpp, line 611]
Event: 35.506 Thread 0x000001f5c07af000 Exception <a 'sun/nio/fs/WindowsException'{0x000000008cfbcae8}> (0x000000008cfbcae8) thrown at [./open/src/hotspot/share/prims/jni.cpp, line 611]
Event: 35.506 Thread 0x000001f5c07af000 Exception <a 'sun/nio/fs/WindowsException'{0x000000008cfbcd88}> (0x000000008cfbcd88) thrown at [./open/src/hotspot/share/prims/jni.cpp, line 611]
Event: 35.508 Thread 0x000001f5c07af000 Exception <a 'sun/nio/fs/WindowsException'{0x000000008cfc1830}> (0x000000008cfc1830) thrown at [./open/src/hotspot/share/prims/jni.cpp, line 611]
Event: 35.508 Thread 0x000001f5c07af000 Exception <a 'sun/nio/fs/WindowsException'{0x000000008cfc1a80}> (0x000000008cfc1a80) thrown at [./open/src/hotspot/share/prims/jni.cpp, line 611]
Event: 35.509 Thread 0x000001f5c07af000 Exception <a 'sun/nio/fs/WindowsException'{0x000000008cfcd930}> (0x000000008cfcd930) thrown at [./open/src/hotspot/share/prims/jni.cpp, line 611]
Event: 35.509 Thread 0x000001f5c07af000 Exception <a 'sun/nio/fs/WindowsException'{0x000000008cfcdbc8}> (0x000000008cfcdbc8) thrown at [./open/src/hotspot/share/prims/jni.cpp, line 611]
Event: 35.509 Thread 0x000001f5c07af000 Exception <a 'sun/nio/fs/WindowsException'{0x000000008cfcf060}> (0x000000008cfcf060) thrown at [./open/src/hotspot/share/prims/jni.cpp, line 611]
Event: 35.510 Thread 0x000001f5c07af000 Exception <a 'sun/nio/fs/WindowsException'{0x000000008cfcf380}> (0x000000008cfcf380) thrown at [./open/src/hotspot/share/prims/jni.cpp, line 611]

Events (10 events):
Event: 36.059 Thread 0x000001f5c07af000 DEOPT UNPACKING pc=0x000001f5ca478d4e sp=0x00000094ca1fbd68 mode 0
Event: 36.196 Thread 0x000001f5c07af000 DEOPT PACKING pc=0x000001f5cb8db981 sp=0x00000094ca1fcfc0
Event: 36.196 Thread 0x000001f5c07af000 DEOPT UNPACKING pc=0x000001f5ca478d4e sp=0x00000094ca1fc480 mode 0
Event: 36.228 Thread 0x000001f5c07af000 DEOPT PACKING pc=0x000001f5cbb0d6b1 sp=0x00000094ca1fccf0
Event: 36.228 Thread 0x000001f5c07af000 DEOPT UNPACKING pc=0x000001f5ca478d4e sp=0x00000094ca1fc240 mode 0
Event: 36.252 Thread 0x000001f5c07af000 DEOPT PACKING pc=0x000001f5cbb0d6b1 sp=0x00000094ca1fc750
Event: 36.252 Thread 0x000001f5c07af000 DEOPT UNPACKING pc=0x000001f5ca478d4e sp=0x00000094ca1fbca0 mode 0
Event: 36.280 Thread 0x000001f5c07af000 DEOPT PACKING pc=0x000001f5cbb0d6b1 sp=0x00000094ca1fcb60
Event: 36.280 Thread 0x000001f5c07af000 DEOPT UNPACKING pc=0x000001f5ca478d4e sp=0x00000094ca1fc0b0 mode 0
Event: 36.291 Executing VM operation: G1CollectForAllocation


Dynamic libraries:
0x00007ff656ec0000 - 0x00007ff656ecf000 	C:\Program Files\Java\jdk-11.0.9\bin\javaw.exe
0x00007ffb57b60000 - 0x00007ffb57d50000 	C:\Windows\SYSTEM32\ntdll.dll
0x00007ffb57a60000 - 0x00007ffb57b12000 	C:\Windows\System32\KERNEL32.DLL
0x00007ffb54b30000 - 0x00007ffb54dd5000 	C:\Windows\System32\KERNELBASE.dll
0x00007ffb55770000 - 0x00007ffb5586a000 	C:\Windows\System32\ucrtbase.dll
0x00007ffb3fcc0000 - 0x00007ffb3fcd8000 	C:\Program Files\Java\jdk-11.0.9\bin\jli.dll
0x00007ffb3fca0000 - 0x00007ffb3fcb5000 	C:\Program Files\Java\jdk-11.0.9\bin\VCRUNTIME140.dll
0x00007ffb57230000 - 0x00007ffb572d3000 	C:\Windows\System32\ADVAPI32.dll
0x00007ffb56090000 - 0x00007ffb5612e000 	C:\Windows\System32\msvcrt.dll
0x00007ffb574a0000 - 0x00007ffb57537000 	C:\Windows\System32\sechost.dll
0x00007ffb56210000 - 0x00007ffb5632f000 	C:\Windows\System32\RPCRT4.dll
0x00007ffb56ad0000 - 0x00007ffb56c64000 	C:\Windows\System32\USER32.dll
0x00007ffb54e10000 - 0x00007ffb54e31000 	C:\Windows\System32\win32u.dll
0x00007ffb56060000 - 0x00007ffb56086000 	C:\Windows\System32\GDI32.dll
0x00007ffb389a0000 - 0x00007ffb38c24000 	C:\Windows\WinSxS\amd64_microsoft.windows.common-controls_6595b64144ccf1df_6.0.18362.1379_none_9e7ff3b3e45cc0c4\COMCTL32.dll
0x00007ffb55a70000 - 0x00007ffb55c08000 	C:\Windows\System32\gdi32full.dll
0x00007ffb57540000 - 0x00007ffb57877000 	C:\Windows\System32\combase.dll
0x00007ffb54ef0000 - 0x00007ffb54f8e000 	C:\Windows\System32\msvcp_win.dll
0x00007ffb55870000 - 0x00007ffb558f1000 	C:\Windows\System32\bcryptPrimitives.dll
0x00007ffb4bfe0000 - 0x00007ffb4bfea000 	C:\Windows\SYSTEM32\VERSION.dll
0x00007ffb57a30000 - 0x00007ffb57a5e000 	C:\Windows\System32\IMM32.DLL
0x00007ffb2f000000 - 0x00007ffb2f09b000 	C:\Program Files\Java\jdk-11.0.9\bin\msvcp140.dll
0x00007ffafd040000 - 0x00007ffafdb37000 	C:\Program Files\Java\jdk-11.0.9\bin\server\jvm.dll
0x00007ffb56200000 - 0x00007ffb56208000 	C:\Windows\System32\PSAPI.DLL
0x00007ffb52570000 - 0x00007ffb52594000 	C:\Windows\SYSTEM32\WINMM.dll
0x00007ffb35870000 - 0x00007ffb35879000 	C:\Windows\SYSTEM32\WSOCK32.dll
0x00007ffb56190000 - 0x00007ffb561ff000 	C:\Windows\System32\WS2_32.dll
0x00007ffb52540000 - 0x00007ffb5256d000 	C:\Windows\SYSTEM32\WINMMBASE.dll
0x00007ffb54ae0000 - 0x00007ffb54b2a000 	C:\Windows\System32\cfgmgr32.dll
0x00007ffb54aa0000 - 0x00007ffb54ab1000 	C:\Windows\System32\kernel.appcore.dll
0x00007ffb44ca0000 - 0x00007ffb44cb0000 	C:\Program Files\Java\jdk-11.0.9\bin\verify.dll
0x00007ffb532c0000 - 0x00007ffb534b4000 	C:\Windows\SYSTEM32\DBGHELP.DLL
0x00007ffb3bd40000 - 0x00007ffb3bd6a000 	C:\Windows\SYSTEM32\dbgcore.DLL
0x00007ffb3fbd0000 - 0x00007ffb3fbf8000 	C:\Program Files\Java\jdk-11.0.9\bin\java.dll
0x00007ffb40140000 - 0x00007ffb4014a000 	C:\Program Files\Java\jdk-11.0.9\bin\jimage.dll
0x00007ffb3fb10000 - 0x00007ffb3fb26000 	C:\Program Files\Java\jdk-11.0.9\bin\zip.dll
0x00007ffb563e0000 - 0x00007ffb56ac8000 	C:\Windows\System32\SHELL32.dll
0x00007ffb56330000 - 0x00007ffb563d7000 	C:\Windows\System32\shcore.dll
0x00007ffb54ff0000 - 0x00007ffb5576b000 	C:\Windows\System32\windows.storage.dll
0x00007ffb54a70000 - 0x00007ffb54a93000 	C:\Windows\System32\profapi.dll
0x00007ffb54a20000 - 0x00007ffb54a6a000 	C:\Windows\System32\powrprof.dll
0x00007ffb54a10000 - 0x00007ffb54a20000 	C:\Windows\System32\UMPDC.dll
0x00007ffb55c10000 - 0x00007ffb55c62000 	C:\Windows\System32\shlwapi.dll
0x00007ffb55900000 - 0x00007ffb55917000 	C:\Windows\System32\cryptsp.dll
0x00007ffb3faf0000 - 0x00007ffb3fb09000 	C:\Program Files\Java\jdk-11.0.9\bin\net.dll
0x00007ffb46c70000 - 0x00007ffb46d60000 	C:\Windows\SYSTEM32\WINHTTP.dll
0x00007ffb54220000 - 0x00007ffb54287000 	C:\Windows\system32\mswsock.dll
0x00007ffb3fac0000 - 0x00007ffb3fad2000 	C:\Program Files\Java\jdk-11.0.9\bin\nio.dll
0x00007ffb53d30000 - 0x00007ffb53d63000 	C:\Windows\system32\rsaenh.dll
0x00007ffb54de0000 - 0x00007ffb54e06000 	C:\Windows\System32\bcrypt.dll
0x00007ffb54930000 - 0x00007ffb54955000 	C:\Windows\SYSTEM32\USERENV.dll
0x00007ffb54400000 - 0x00007ffb5440c000 	C:\Windows\SYSTEM32\CRYPTBASE.dll
0x00007ffb53f30000 - 0x00007ffb53f6a000 	C:\Windows\SYSTEM32\IPHLPAPI.DLL
0x00007ffb55f80000 - 0x00007ffb55f88000 	C:\Windows\System32\NSI.dll
0x00007ffb49730000 - 0x00007ffb49746000 	C:\Windows\SYSTEM32\dhcpcsvc6.DLL
0x00007ffb48800000 - 0x00007ffb4881c000 	C:\Windows\SYSTEM32\dhcpcsvc.DLL
0x00007ffb53f70000 - 0x00007ffb5403b000 	C:\Windows\SYSTEM32\DNSAPI.dll
0x00007ffb3ff60000 - 0x00007ffb3ff6a000 	C:\Users\Diego\AppData\Local\Temp\jansi-1.17.1-8913449585319296465.dll
0x00007ffb3fc90000 - 0x00007ffb3fc9d000 	C:\Program Files\Java\jdk-11.0.9\bin\sunmscapi.dll
0x00007ffb55920000 - 0x00007ffb55a6a000 	C:\Windows\System32\CRYPT32.dll
0x00007ffb54ac0000 - 0x00007ffb54ad2000 	C:\Windows\System32\MSASN1.dll
0x00007ffb54520000 - 0x00007ffb54546000 	C:\Windows\SYSTEM32\ncrypt.dll
0x00007ffb544e0000 - 0x00007ffb5451b000 	C:\Windows\SYSTEM32\NTASN1.dll
0x00007ffb3f8c0000 - 0x00007ffb3f8e5000 	C:\Program Files\Java\jdk-11.0.9\bin\sunec.dll
0x00007ffb48820000 - 0x00007ffb4882a000 	C:\Windows\System32\rasadhlp.dll
0x00007ffb48a40000 - 0x00007ffb48ab7000 	C:\Windows\System32\fwpuclnt.dll

dbghelp: loaded successfully - version: 4.0.5 - missing functions: none
symbol engine: initialized successfully - sym options: 0x614 - pdb path: .;C:\Program Files\Java\jdk-11.0.9\bin;C:\Windows\SYSTEM32;C:\Windows\WinSxS\amd64_microsoft.windows.common-controls_6595b64144ccf1df_6.0.18362.1379_none_9e7ff3b3e45cc0c4;C:\Program Files\Java\jdk-11.0.9\bin\server;C:\Users\Diego\AppData\Local\Temp

VM Arguments:
jvm_args: -Dmaven.home=D:\apache-maven-3.6.3\apache-maven-3.6.3 -Dclassworlds.conf=C:\Users\Diego\Documents\workspace-spring-tool-suite-4-4.7.0.RELEASE\.metadata\.plugins\org.eclipse.m2e.launching\launches\m2conf4507689608233782414.tmp -Dmaven.multiModuleProjectDirectory=D:\codigo\siniestros -Djansi.force=true -Djansi.passthrough=true -Dfile.encoding=Cp1252 
java_command: org.codehaus.plexus.classworlds.launcher.Launcher -B -Dmaven.test.skip=true -DskipTests -s D:\apache-maven-3.6.3\apache-maven-3.6.3\conf\settings.xml clean install -Dstyle.color=always
java_class_path (initial): D:\apache-maven-3.6.3\apache-maven-3.6.3\boot\plexus-classworlds-2.6.0.jar
Launcher Type: SUN_STANDARD

[Global flags]
     intx CICompilerCount                          = 4                                         {product} {ergonomic}
     uint ConcGCThreads                            = 2                                         {product} {ergonomic}
     uint G1ConcRefinementThreads                  = 8                                         {product} {ergonomic}
   size_t G1HeapRegionSize                         = 1048576                                   {product} {ergonomic}
    uintx GCDrainStackTargetSize                   = 64                                        {product} {ergonomic}
   size_t InitialHeapSize                          = 132120576                                 {product} {ergonomic}
   size_t MarkStackSize                            = 4194304                                   {product} {ergonomic}
   size_t MaxHeapSize                              = 2109734912                                {product} {ergonomic}
   size_t MaxNewSize                               = 1265631232                                {product} {ergonomic}
   size_t MinHeapDeltaBytes                        = 1048576                                   {product} {ergonomic}
    uintx NonNMethodCodeHeapSize                   = 5836300                                {pd product} {ergonomic}
    uintx NonProfiledCodeHeapSize                  = 122910970                              {pd product} {ergonomic}
    uintx ProfiledCodeHeapSize                     = 122910970                              {pd product} {ergonomic}
    uintx ReservedCodeCacheSize                    = 251658240                              {pd product} {ergonomic}
     bool SegmentedCodeCache                       = true                                      {product} {ergonomic}
     bool UseCompressedClassPointers               = true                                 {lp64_product} {ergonomic}
     bool UseCompressedOops                        = true                                 {lp64_product} {ergonomic}
     bool UseG1GC                                  = true                                      {product} {ergonomic}
     bool UseLargePagesIndividualAllocation        = false                                  {pd product} {ergonomic}

Logging:
Log output configuration:
 #0: stdout all=warning uptime,level,tags
 #1: stderr all=off uptime,level,tags

Environment Variables:
CLASSPATH=.
PATH=C:/Program Files/Java/jre1.8.0_251/bin/server;C:/Program Files/Java/jre1.8.0_251/bin;C:/Program Files/Java/jre1.8.0_251/lib/amd64;C:\Program Files\Common Files\Oracle\Java\javapath;C:\Program Files\Java\jdk-11.0.9\bin;D:\apache-maven-3.6.3\apache-maven-3.6.3\bin;D:\app\Diego\product\18.0.0\dbhomeXE\bin;C:\Windows\system32;C:\Windows;C:\Windows\System32\Wbem;C:\Windows\System32\WindowsPowerShell\v1.0\;C:\Windows\System32\OpenSSH\;C:\Program Files\Git\cmd;C:\Program Files\TortoiseSVN\bin;C:\Program Files\RabbitMQ Server\rabbitmq_server-3.8.5\sbin;C:\Program Files\ibm\gsk8\lib64;C:\Program Files (x86)\ibm\gsk8\lib;C:\Program Files (x86)\Google\Cloud SDK\google-cloud-sdk\bin;C:\Program Files\nodejs\;C:\Program Files\dotnet\;C:\Program Files\Microsoft SQL Server\130\Tools\Binn\;C:\Program Files\Microsoft SQL Server\Client SDK\ODBC\170\Tools\Binn\;C:\Python\Python38-32;C:\Program Files\PuTTY\;C:\Program Files\Amazon\AWSCLI\bin\;C:\Program Files\Docker\Docker\resources\bin;C:\ProgramData\DockerDesktop\version-bin;C:\Program Files\MySQL\MySQL Shell 8.0\bin\;C:\Users\Diego\AppData\Local\Microsoft\WindowsApps;D:\apache-maven-3.6.3\apache-maven-3.6.3\bin;C:\Users\Diego\AppData\Roaming\npm;C:\Users\Diego\AppData\Local\Programs\Microsoft VS Code\bin;C:\Users\Diego\.dotnet\tools;C:\Program Files (x86)\Sophos\Sophos SSL VPN Client\bin;D:\sts-4.7.0.RELEASE;
USERNAME=Diego
OS=Windows_NT
PROCESSOR_IDENTIFIER=Intel64 Family 6 Model 142 Stepping 12, GenuineIntel



---------------  S Y S T E M  ---------------

OS: Windows 10 , 64 bit Build 18362 (10.0.18362.1350)
HyperV virtualization detected

CPU:total 8 (initial active 8) (4 cores per cpu, 2 threads per core) family 6 model 142 stepping 12, cmov, cx8, fxsr, mmx, sse, sse2, sse3, ssse3, sse4.1, sse4.2, popcnt, avx, avx2, aes, clmul, erms, 3dnowpref, lzcnt, ht, tsc, tscinvbit, bmi1, bmi2, adx, fma

Memory: 4k page, system-wide physical 8043M (299M free)
TotalPageFile size 25951M (AvailPageFile size 95M)
current process WorkingSet (physical memory assigned to process): 343M, peak: 348M
current process commit charge ("private bytes"): 379M, peak: 488M

vm_info: Java HotSpot(TM) 64-Bit Server VM (11.0.9+7-LTS) for windows-amd64 JRE (11.0.9+7-LTS), built on Sep 15 2020 16:47:03 by "mach5one" with MS VC++ 15.9 (VS2017)

END.
