#
# There is insufficient memory for the Java Runtime Environment to continue.
# Native memory allocation (mmap) failed to map 142606336 bytes for Failed to commit area from 0x0000000090f00000 to 0x0000000099700000 of length 142606336.
# Possible reasons:
#   The system is out of physical RAM or swap space
#   The process is running with CompressedOops enabled, and the Java Heap may be blocking the growth of the native heap
# Possible solutions:
#   Reduce memory load on the system
#   Increase physical memory or swap space
#   Check if swap backing store is full
#   Decrease Java heap size (-Xmx/-Xms)
#   Decrease number of Java threads
#   Decrease Java thread stack sizes (-Xss)
#   Set larger code cache with -XX:ReservedCodeCacheSize=
#   JVM is running with Unscaled Compressed Oops mode in which the Java heap is
#     placed in the first 4GB address space. The Java Heap base address is the
#     maximum limit for the native heap growth. Please use -XX:HeapBaseMinAddress
#     to set the Java Heap base and to place the Java Heap above 4GB virtual address.
# This output file may be truncated or incomplete.
#
#  Out of Memory Error (./open/src/hotspot/os/windows/os_windows.cpp:3275), pid=4544, tid=27136
#
# JRE version: Java(TM) SE Runtime Environment 18.9 (11.0.9+7) (build 11.0.9+7-LTS)
# Java VM: Java HotSpot(TM) 64-Bit Server VM 18.9 (11.0.9+7-LTS, mixed mode, tiered, compressed oops, g1 gc, windows-amd64)
# No core dump will be written. Minidumps are not enabled by default on client versions of Windows
#

---------------  S U M M A R Y ------------

Command Line: -Dmaven.home=D:\apache-maven-3.6.3\apache-maven-3.6.3 -Dclassworlds.conf=C:\Users\Diego\Documents\workspace-spring-tool-suite-4-4.7.0.RELEASE\.metadata\.plugins\org.eclipse.m2e.launching\launches\m2conf3385339513113984860.tmp -Dmaven.multiModuleProjectDirectory=D:\codigo\siniestros -Djansi.force=true -Djansi.passthrough=true -Dfile.encoding=Cp1252 org.codehaus.plexus.classworlds.launcher.Launcher -B -Dmaven.test.skip=true -DskipTests -s D:\apache-maven-3.6.3\apache-maven-3.6.3\conf\settings.xml clean install -Dstyle.color=always

Host: Intel(R) Core(TM) i5-10210U CPU @ 1.60GHz, 8 cores, 7G,  Windows 10 , 64 bit Build 18362 (10.0.18362.1350)
Time: Wed Mar  3 10:58:04 2021 Hora est. Pacífico, Sudamérica elapsed time: 29.356242 seconds (0d 0h 0m 29s)

---------------  T H R E A D  ---------------

Current thread (0x0000018d7f7f1000):  VMThread "VM Thread" [stack: 0x0000001ad5800000,0x0000001ad5900000] [id=27136]

Stack: [0x0000001ad5800000,0x0000001ad5900000]
[error occurred during error reporting (printing stack bounds), id 0xc0000005, EXCEPTION_ACCESS_VIOLATION (0xc0000005) at pc=0x0000018d083a0dad]

Native frames: (J=compiled Java code, j=interpreted, Vv=VM code, C=native code)
V  [jvm.dll+0x611a3a]
V  [jvm.dll+0x748aaf]
V  [jvm.dll+0x74a135]
V  [jvm.dll+0x74a715]
V  [jvm.dll+0x74a6cb]
V  [jvm.dll+0x611323]
V  [jvm.dll+0x6116e8]
C  [ntdll.dll+0xa1eef]
C  [ntdll.dll+0x6aad9]
C  [ntdll.dll+0xa0b5e]
C  0x0000018d083a0dad

VM_Operation (0x0000001ad52fda20): G1CollectForAllocation, mode: safepoint, requested by thread 0x0000018d7ddea000


---------------  P R O C E S S  ---------------

Threads class SMR info:
_java_thread_list=0x0000018d207221c0, length=10, elements={
0x0000018d7ddea000, 0x0000018d7f7f4000, 0x0000018d7f81d800, 0x0000018d7f82a000,
0x0000018d7f82b800, 0x0000018d7f82e800, 0x0000018d7f96b800, 0x0000018d7f832800,
0x0000018d7fb33800, 0x0000018d7fb2b000
}

Java Threads: ( => current thread )
  0x0000018d7ddea000 JavaThread "main" [_thread_blocked, id=27368, stack(0x0000001ad5200000,0x0000001ad5300000)]
  0x0000018d7f7f4000 JavaThread "Reference Handler" daemon [_thread_blocked, id=14468, stack(0x0000001ad5900000,0x0000001ad5a00000)]
  0x0000018d7f81d800 JavaThread "Finalizer" daemon [_thread_blocked, id=24808, stack(0x0000001ad5a00000,0x0000001ad5b00000)]
  0x0000018d7f82a000 JavaThread "Signal Dispatcher" daemon [_thread_blocked, id=17440, stack(0x0000001ad5b00000,0x0000001ad5c00000)]
  0x0000018d7f82b800 JavaThread "Attach Listener" daemon [_thread_blocked, id=25440, stack(0x0000001ad5c00000,0x0000001ad5d00000)]
  0x0000018d7f82e800 JavaThread "C2 CompilerThread0" daemon [_thread_blocked, id=20980, stack(0x0000001ad5d00000,0x0000001ad5e00000)]
  0x0000018d7f96b800 JavaThread "C1 CompilerThread0" daemon [_thread_blocked, id=20272, stack(0x0000001ad5e00000,0x0000001ad5f00000)]
  0x0000018d7f832800 JavaThread "Sweeper thread" daemon [_thread_blocked, id=21712, stack(0x0000001ad5f00000,0x0000001ad6000000)]
  0x0000018d7fb33800 JavaThread "Service Thread" daemon [_thread_blocked, id=1392, stack(0x0000001ad6000000,0x0000001ad6100000)]
  0x0000018d7fb2b000 JavaThread "Common-Cleaner" daemon [_thread_blocked, id=26984, stack(0x0000001ad6200000,0x0000001ad6300000)]

Other Threads:
=>0x0000018d7f7f1000 VMThread "VM Thread" [stack: 0x0000001ad5800000,0x0000001ad5900000] [id=27136]
  0x0000018d7fb3a800 WatcherThread [stack: 0x0000001ad6100000,0x0000001ad6200000] [id=11920]
  0x0000018d7ddfe000 GCTaskThread "GC Thread#0" [stack: 0x0000001ad5300000,0x0000001ad5400000] [id=7072]
  0x0000018d1e100800 GCTaskThread "GC Thread#1" [stack: 0x0000001ad6300000,0x0000001ad6400000] [id=28032]
  0x0000018d1e70f800 GCTaskThread "GC Thread#2" [stack: 0x0000001ad6400000,0x0000001ad6500000] [id=22772]
  0x0000018d21f22000 GCTaskThread "GC Thread#3" [stack: 0x0000001ad6a00000,0x0000001ad6b00000] [id=22280]
  0x0000018d1f44b000 GCTaskThread "GC Thread#4" [stack: 0x0000001ad6c00000,0x0000001ad6d00000] [id=26576]
  0x0000018d7de30800 ConcurrentGCThread "G1 Main Marker" [stack: 0x0000001ad5400000,0x0000001ad5500000] [id=12564]
  0x0000018d7de32000 ConcurrentGCThread "G1 Conc#0" [stack: 0x0000001ad5500000,0x0000001ad5600000] [id=21868]
  0x0000018d1e996000 ConcurrentGCThread "G1 Conc#1" [stack: 0x0000001ad6500000,0x0000001ad6600000] [id=21908]
  0x0000018d7debe800 ConcurrentGCThread "G1 Refine#0" [stack: 0x0000001ad5600000,0x0000001ad5700000] [id=3792]
  0x0000018d2101f800 ConcurrentGCThread "G1 Refine#1" [stack: 0x0000001ad6600000,0x0000001ad6700000] [id=29368]
  0x0000018d21020800 ConcurrentGCThread "G1 Refine#2" [stack: 0x0000001ad6700000,0x0000001ad6800000] [id=428]
  0x0000018d21be9000 ConcurrentGCThread "G1 Refine#3" [stack: 0x0000001ad6800000,0x0000001ad6900000] [id=25092]
  0x0000018d21bea800 ConcurrentGCThread "G1 Refine#4" [stack: 0x0000001ad6900000,0x0000001ad6a00000] [id=2396]
  0x0000018d2201c000 ConcurrentGCThread "G1 Refine#5" [stack: 0x0000001ad6b00000,0x0000001ad6c00000] [id=3348]
  0x0000018d7f65b800 ConcurrentGCThread "G1 Young RemSet Sampling" [stack: 0x0000001ad5700000,0x0000001ad5800000] [id=10496]

Threads with active compile tasks:
C2 CompilerThread0  29375 10179       4       org.springframework.boot.loader.tools.AbstractJarWriter::writeParentDirectoryEntries (93 bytes)

VM state:at safepoint (normal execution)

VM Mutex/Monitor currently owned by a thread:  ([mutex/lock_event])
[0x0000018d7dde73d0] Threads_lock - owner thread: 0x0000018d7f7f1000
[0x0000018d7dde6da0] Heap_lock - owner thread: 0x0000018d7ddea000

Heap address: 0x0000000082400000, size: 2012 MB, Compressed Oops mode: 32-bit
Narrow klass base: 0x0000000000000000, Narrow klass shift: 3
Compressed class space size: 1073741824 Address: 0x0000000100000000

Heap:
 garbage-first heap   total 379904K, used 80457K [0x0000000082400000, 0x0000000100000000)
  region size 1024K, 13 young (13312K), 13 survivors (13312K)
 Metaspace       used 43010K, capacity 44020K, committed 44208K, reserved 1089536K
  class space    used 4359K, capacity 4752K, committed 4864K, reserved 1048576K
Heap Regions: E=young(eden), S=young(survivor), O=old, HS=humongous(starts), HC=humongous(continues), CS=collection set, F=free, A=archive, TAMS=top-at-mark-start (previous, next)
|   0|0x0000000082400000, 0x0000000082500000, 0x0000000082500000|100%| O|  |TAMS 0x0000000082500000, 0x0000000082400000| Untracked 
|   1|0x0000000082500000, 0x0000000082600000, 0x0000000082600000|100%| O|  |TAMS 0x0000000082600000, 0x0000000082500000| Untracked 
|   2|0x0000000082600000, 0x0000000082700000, 0x0000000082700000|100%| O|  |TAMS 0x0000000082700000, 0x0000000082600000| Untracked 
|   3|0x0000000082700000, 0x0000000082800000, 0x0000000082800000|100%| O|  |TAMS 0x0000000082800000, 0x0000000082700000| Untracked 
|   4|0x0000000082800000, 0x0000000082900000, 0x0000000082900000|100%| O|  |TAMS 0x0000000082900000, 0x0000000082800000| Untracked 
|   5|0x0000000082900000, 0x0000000082a00000, 0x0000000082a00000|100%| O|  |TAMS 0x0000000082a00000, 0x0000000082900000| Untracked 
|   6|0x0000000082a00000, 0x0000000082b00000, 0x0000000082b00000|100%| O|  |TAMS 0x0000000082b00000, 0x0000000082a00000| Untracked 
|   7|0x0000000082b00000, 0x0000000082c00000, 0x0000000082c00000|100%| O|  |TAMS 0x0000000082c00000, 0x0000000082b00000| Untracked 
|   8|0x0000000082c00000, 0x0000000082d00000, 0x0000000082d00000|100%| O|  |TAMS 0x0000000082d00000, 0x0000000082c00000| Untracked 
|   9|0x0000000082d00000, 0x0000000082e00000, 0x0000000082e00000|100%| O|  |TAMS 0x0000000082e00000, 0x0000000082d00000| Untracked 
|  10|0x0000000082e00000, 0x0000000082f00000, 0x0000000082f00000|100%| O|  |TAMS 0x0000000082f00000, 0x0000000082e00000| Untracked 
|  11|0x0000000082f00000, 0x0000000083000000, 0x0000000083000000|100%| O|  |TAMS 0x0000000083000000, 0x0000000082f00000| Untracked 
|  12|0x0000000083000000, 0x0000000083100000, 0x0000000083100000|100%| O|  |TAMS 0x0000000083100000, 0x0000000083000000| Untracked 
|  13|0x0000000083100000, 0x0000000083100000, 0x0000000083200000|  0%| F|  |TAMS 0x0000000083100000, 0x0000000083100000| Untracked 
|  14|0x0000000083200000, 0x0000000083300000, 0x0000000083300000|100%| O|  |TAMS 0x0000000083300000, 0x0000000083200000| Untracked 
|  15|0x0000000083300000, 0x0000000083300000, 0x0000000083400000|  0%| F|  |TAMS 0x0000000083300000, 0x0000000083300000| Untracked 
|  16|0x0000000083400000, 0x0000000083500000, 0x0000000083500000|100%|HS|  |TAMS 0x0000000083500000, 0x0000000083400000| Complete 
|  17|0x0000000083500000, 0x0000000083600000, 0x0000000083600000|100%|HS|  |TAMS 0x0000000083600000, 0x0000000083500000| Complete 
|  18|0x0000000083600000, 0x0000000083700000, 0x0000000083700000|100%| O|  |TAMS 0x0000000083700000, 0x0000000083600000| Untracked 
|  19|0x0000000083700000, 0x0000000083800000, 0x0000000083800000|100%| O|  |TAMS 0x0000000083800000, 0x0000000083700000| Untracked 
|  20|0x0000000083800000, 0x0000000083900000, 0x0000000083900000|100%| O|  |TAMS 0x0000000083900000, 0x0000000083800000| Untracked 
|  21|0x0000000083900000, 0x0000000083a00000, 0x0000000083a00000|100%| O|  |TAMS 0x0000000083a00000, 0x0000000083900000| Untracked 
|  22|0x0000000083a00000, 0x0000000083b00000, 0x0000000083b00000|100%| O|  |TAMS 0x0000000083b00000, 0x0000000083a00000| Untracked 
|  23|0x0000000083b00000, 0x0000000083c00000, 0x0000000083c00000|100%| O|  |TAMS 0x0000000083c00000, 0x0000000083b00000| Untracked 
|  24|0x0000000083c00000, 0x0000000083d00000, 0x0000000083d00000|100%| O|  |TAMS 0x0000000083d00000, 0x0000000083c00000| Untracked 
|  25|0x0000000083d00000, 0x0000000083e00000, 0x0000000083e00000|100%| O|  |TAMS 0x0000000083e00000, 0x0000000083d00000| Untracked 
|  26|0x0000000083e00000, 0x0000000083f00000, 0x0000000083f00000|100%| O|  |TAMS 0x0000000083f00000, 0x0000000083e00000| Untracked 
|  27|0x0000000083f00000, 0x0000000084000000, 0x0000000084000000|100%| O|  |TAMS 0x0000000084000000, 0x0000000083f00000| Untracked 
|  28|0x0000000084000000, 0x0000000084100000, 0x0000000084100000|100%| O|  |TAMS 0x0000000084100000, 0x0000000084000000| Untracked 
|  29|0x0000000084100000, 0x0000000084200000, 0x0000000084200000|100%| O|  |TAMS 0x0000000084200000, 0x0000000084100000| Untracked 
|  30|0x0000000084200000, 0x0000000084300000, 0x0000000084300000|100%| O|  |TAMS 0x0000000084300000, 0x0000000084200000| Untracked 
|  31|0x0000000084300000, 0x0000000084400000, 0x0000000084400000|100%| O|  |TAMS 0x0000000084400000, 0x0000000084300000| Untracked 
|  32|0x0000000084400000, 0x0000000084500000, 0x0000000084500000|100%| O|  |TAMS 0x0000000084500000, 0x0000000084400000| Untracked 
|  33|0x0000000084500000, 0x0000000084600000, 0x0000000084600000|100%| O|  |TAMS 0x0000000084600000, 0x0000000084500000| Untracked 
|  34|0x0000000084600000, 0x0000000084700000, 0x0000000084700000|100%| O|  |TAMS 0x0000000084700000, 0x0000000084600000| Untracked 
|  35|0x0000000084700000, 0x0000000084800000, 0x0000000084800000|100%| O|  |TAMS 0x0000000084800000, 0x0000000084700000| Untracked 
|  36|0x0000000084800000, 0x0000000084900000, 0x0000000084900000|100%| O|  |TAMS 0x0000000084900000, 0x0000000084800000| Untracked 
|  37|0x0000000084900000, 0x0000000084a00000, 0x0000000084a00000|100%| O|  |TAMS 0x0000000084a00000, 0x0000000084900000| Untracked 
|  38|0x0000000084a00000, 0x0000000084b00000, 0x0000000084b00000|100%| O|  |TAMS 0x0000000084b00000, 0x0000000084a00000| Untracked 
|  39|0x0000000084b00000, 0x0000000084c00000, 0x0000000084c00000|100%| O|  |TAMS 0x0000000084c00000, 0x0000000084b00000| Untracked 
|  40|0x0000000084c00000, 0x0000000084d00000, 0x0000000084d00000|100%| O|  |TAMS 0x0000000084d00000, 0x0000000084c00000| Untracked 
|  41|0x0000000084d00000, 0x0000000084e00000, 0x0000000084e00000|100%| O|  |TAMS 0x0000000084d00000, 0x0000000084d00000| Untracked 
|  42|0x0000000084e00000, 0x0000000084f00000, 0x0000000084f00000|100%| O|  |TAMS 0x0000000084f00000, 0x0000000084e00000| Untracked 
|  43|0x0000000084f00000, 0x0000000085000000, 0x0000000085000000|100%| O|  |TAMS 0x0000000085000000, 0x0000000084f00000| Untracked 
|  44|0x0000000085000000, 0x0000000085100000, 0x0000000085100000|100%| O|  |TAMS 0x0000000085100000, 0x0000000085000000| Untracked 
|  45|0x0000000085100000, 0x0000000085200000, 0x0000000085200000|100%| O|  |TAMS 0x0000000085200000, 0x0000000085100000| Untracked 
|  46|0x0000000085200000, 0x0000000085300000, 0x0000000085300000|100%| O|  |TAMS 0x0000000085300000, 0x0000000085200000| Untracked 
|  47|0x0000000085300000, 0x0000000085400000, 0x0000000085400000|100%| O|  |TAMS 0x0000000085400000, 0x0000000085300000| Untracked 
|  48|0x0000000085400000, 0x0000000085500000, 0x0000000085500000|100%| O|  |TAMS 0x0000000085500000, 0x0000000085400000| Untracked 
|  49|0x0000000085500000, 0x0000000085600000, 0x0000000085600000|100%| O|  |TAMS 0x0000000085600000, 0x0000000085500000| Untracked 
|  50|0x0000000085600000, 0x0000000085700000, 0x0000000085700000|100%| O|  |TAMS 0x0000000085700000, 0x0000000085600000| Untracked 
|  51|0x0000000085700000, 0x0000000085800000, 0x0000000085800000|100%| O|  |TAMS 0x0000000085800000, 0x0000000085700000| Untracked 
|  52|0x0000000085800000, 0x0000000085900000, 0x0000000085900000|100%| O|  |TAMS 0x0000000085900000, 0x0000000085800000| Untracked 
|  53|0x0000000085900000, 0x0000000085a00000, 0x0000000085a00000|100%| O|  |TAMS 0x0000000085a00000, 0x0000000085900000| Untracked 
|  54|0x0000000085a00000, 0x0000000085b00000, 0x0000000085b00000|100%| O|  |TAMS 0x0000000085b00000, 0x0000000085a00000| Untracked 
|  55|0x0000000085b00000, 0x0000000085c00000, 0x0000000085c00000|100%| O|  |TAMS 0x0000000085c00000, 0x0000000085b00000| Untracked 
|  56|0x0000000085c00000, 0x0000000085d00000, 0x0000000085d00000|100%| O|  |TAMS 0x0000000085c72a00, 0x0000000085c00000| Untracked 
|  57|0x0000000085d00000, 0x0000000085e00000, 0x0000000085e00000|100%| O|  |TAMS 0x0000000085d00000, 0x0000000085d00000| Untracked 
|  58|0x0000000085e00000, 0x0000000085f00000, 0x0000000085f00000|100%|HS|  |TAMS 0x0000000085e00000, 0x0000000085e00000| Complete 
|  59|0x0000000085f00000, 0x0000000086000000, 0x0000000086000000|100%| O|  |TAMS 0x0000000085f00000, 0x0000000085f00000| Untracked 
|  60|0x0000000086000000, 0x0000000086100000, 0x0000000086100000|100%| O|  |TAMS 0x0000000086000000, 0x0000000086000000| Untracked 
|  61|0x0000000086100000, 0x0000000086200000, 0x0000000086200000|100%| O|  |TAMS 0x0000000086100000, 0x0000000086100000| Untracked 
|  62|0x0000000086200000, 0x0000000086300000, 0x0000000086300000|100%| O|  |TAMS 0x0000000086200000, 0x0000000086200000| Untracked 
|  63|0x0000000086300000, 0x0000000086400000, 0x0000000086400000|100%| O|  |TAMS 0x0000000086300000, 0x0000000086300000| Untracked 
|  64|0x0000000086400000, 0x0000000086500000, 0x0000000086500000|100%| O|  |TAMS 0x0000000086400000, 0x0000000086400000| Untracked 
|  65|0x0000000086500000, 0x0000000086600000, 0x0000000086600000|100%|HS|  |TAMS 0x0000000086500000, 0x0000000086500000| Complete 
|  66|0x0000000086600000, 0x0000000086700000, 0x0000000086700000|100%|HC|  |TAMS 0x0000000086600000, 0x0000000086600000| Complete 
|  67|0x0000000086700000, 0x0000000086700000, 0x0000000086800000|  0%| F|  |TAMS 0x0000000086700000, 0x0000000086700000| Untracked 
|  68|0x0000000086800000, 0x0000000086800000, 0x0000000086900000|  0%| F|  |TAMS 0x0000000086800000, 0x0000000086800000| Untracked 
|  69|0x0000000086900000, 0x0000000086900000, 0x0000000086a00000|  0%| F|  |TAMS 0x0000000086900000, 0x0000000086900000| Untracked 
|  70|0x0000000086a00000, 0x0000000086a00000, 0x0000000086b00000|  0%| F|  |TAMS 0x0000000086a00000, 0x0000000086a00000| Untracked 
|  71|0x0000000086b00000, 0x0000000086b00000, 0x0000000086c00000|  0%| F|  |TAMS 0x0000000086b00000, 0x0000000086b00000| Untracked 
|  72|0x0000000086c00000, 0x0000000086c00000, 0x0000000086d00000|  0%| F|  |TAMS 0x0000000086c00000, 0x0000000086c00000| Untracked 
|  73|0x0000000086d00000, 0x0000000086d00000, 0x0000000086e00000|  0%| F|  |TAMS 0x0000000086d00000, 0x0000000086d00000| Untracked 
|  74|0x0000000086e00000, 0x0000000086e00000, 0x0000000086f00000|  0%| F|  |TAMS 0x0000000086e00000, 0x0000000086e00000| Untracked 
|  75|0x0000000086f00000, 0x0000000086f00000, 0x0000000087000000|  0%| F|  |TAMS 0x0000000086f00000, 0x0000000086f00000| Untracked 
|  76|0x0000000087000000, 0x0000000087000000, 0x0000000087100000|  0%| F|  |TAMS 0x0000000087000000, 0x0000000087000000| Untracked 
|  77|0x0000000087100000, 0x0000000087100000, 0x0000000087200000|  0%| F|  |TAMS 0x0000000087100000, 0x0000000087100000| Untracked 
|  78|0x0000000087200000, 0x0000000087200000, 0x0000000087300000|  0%| F|  |TAMS 0x0000000087200000, 0x0000000087200000| Untracked 
|  79|0x0000000087300000, 0x0000000087300000, 0x0000000087400000|  0%| F|  |TAMS 0x0000000087300000, 0x0000000087300000| Untracked 
|  80|0x0000000087400000, 0x0000000087400000, 0x0000000087500000|  0%| F|  |TAMS 0x0000000087400000, 0x0000000087400000| Untracked 
|  81|0x0000000087500000, 0x0000000087500000, 0x0000000087600000|  0%| F|  |TAMS 0x0000000087500000, 0x0000000087500000| Untracked 
|  82|0x0000000087600000, 0x0000000087600000, 0x0000000087700000|  0%| F|  |TAMS 0x0000000087600000, 0x0000000087600000| Untracked 
|  83|0x0000000087700000, 0x0000000087700000, 0x0000000087800000|  0%| F|  |TAMS 0x0000000087700000, 0x0000000087700000| Untracked 
|  84|0x0000000087800000, 0x0000000087800000, 0x0000000087900000|  0%| F|  |TAMS 0x0000000087800000, 0x0000000087800000| Untracked 
|  85|0x0000000087900000, 0x0000000087900000, 0x0000000087a00000|  0%| F|  |TAMS 0x0000000087900000, 0x0000000087900000| Untracked 
|  86|0x0000000087a00000, 0x0000000087a00000, 0x0000000087b00000|  0%| F|  |TAMS 0x0000000087a00000, 0x0000000087a00000| Untracked 
|  87|0x0000000087b00000, 0x0000000087b00000, 0x0000000087c00000|  0%| F|  |TAMS 0x0000000087b00000, 0x0000000087b00000| Untracked 
|  88|0x0000000087c00000, 0x0000000087c00000, 0x0000000087d00000|  0%| F|  |TAMS 0x0000000087c00000, 0x0000000087c00000| Untracked 
|  89|0x0000000087d00000, 0x0000000087d00000, 0x0000000087e00000|  0%| F|  |TAMS 0x0000000087d00000, 0x0000000087d00000| Untracked 
|  90|0x0000000087e00000, 0x0000000087e00000, 0x0000000087f00000|  0%| F|  |TAMS 0x0000000087e00000, 0x0000000087e00000| Untracked 
|  91|0x0000000087f00000, 0x0000000088000000, 0x0000000088000000|100%| S|CS|TAMS 0x0000000087f00000, 0x0000000087f00000| Complete 
|  92|0x0000000088000000, 0x0000000088100000, 0x0000000088100000|100%| S|CS|TAMS 0x0000000088000000, 0x0000000088000000| Complete 
|  93|0x0000000088100000, 0x0000000088100000, 0x0000000088200000|  0%| F|  |TAMS 0x0000000088100000, 0x0000000088100000| Untracked 
|  94|0x0000000088200000, 0x0000000088200000, 0x0000000088300000|  0%| F|  |TAMS 0x0000000088200000, 0x0000000088200000| Untracked 
|  95|0x0000000088300000, 0x0000000088300000, 0x0000000088400000|  0%| F|  |TAMS 0x0000000088300000, 0x0000000088300000| Untracked 
|  96|0x0000000088400000, 0x0000000088500000, 0x0000000088500000|100%| S|CS|TAMS 0x0000000088400000, 0x0000000088400000| Complete 
|  97|0x0000000088500000, 0x0000000088600000, 0x0000000088600000|100%| S|CS|TAMS 0x0000000088500000, 0x0000000088500000| Complete 
|  98|0x0000000088600000, 0x0000000088700000, 0x0000000088700000|100%| S|CS|TAMS 0x0000000088600000, 0x0000000088600000| Complete 
|  99|0x0000000088700000, 0x0000000088800000, 0x0000000088800000|100%| S|CS|TAMS 0x0000000088700000, 0x0000000088700000| Complete 
| 100|0x0000000088800000, 0x0000000088900000, 0x0000000088900000|100%| S|CS|TAMS 0x0000000088800000, 0x0000000088800000| Complete 
| 101|0x0000000088900000, 0x0000000088a00000, 0x0000000088a00000|100%| S|CS|TAMS 0x0000000088900000, 0x0000000088900000| Complete 
| 102|0x0000000088a00000, 0x0000000088b00000, 0x0000000088b00000|100%| S|CS|TAMS 0x0000000088a00000, 0x0000000088a00000| Complete 
| 103|0x0000000088b00000, 0x0000000088c00000, 0x0000000088c00000|100%| S|CS|TAMS 0x0000000088b00000, 0x0000000088b00000| Complete 
| 104|0x0000000088c00000, 0x0000000088d00000, 0x0000000088d00000|100%| S|CS|TAMS 0x0000000088c00000, 0x0000000088c00000| Complete 
| 105|0x0000000088d00000, 0x0000000088d00000, 0x0000000088e00000|  0%| F|  |TAMS 0x0000000088d00000, 0x0000000088d00000| Untracked 
| 106|0x0000000088e00000, 0x0000000088e00000, 0x0000000088f00000|  0%| F|  |TAMS 0x0000000088e00000, 0x0000000088e00000| Untracked 
| 107|0x0000000088f00000, 0x0000000088f00000, 0x0000000089000000|  0%| F|  |TAMS 0x0000000088f00000, 0x0000000088f00000| Untracked 
| 108|0x0000000089000000, 0x0000000089000000, 0x0000000089100000|  0%| F|  |TAMS 0x0000000089000000, 0x0000000089000000| Untracked 
| 109|0x0000000089100000, 0x0000000089100000, 0x0000000089200000|  0%| F|  |TAMS 0x0000000089100000, 0x0000000089100000| Untracked 
| 110|0x0000000089200000, 0x0000000089200000, 0x0000000089300000|  0%| F|  |TAMS 0x0000000089200000, 0x0000000089200000| Untracked 
| 111|0x0000000089300000, 0x0000000089300000, 0x0000000089400000|  0%| F|  |TAMS 0x0000000089300000, 0x0000000089300000| Untracked 
| 112|0x0000000089400000, 0x0000000089400000, 0x0000000089500000|  0%| F|  |TAMS 0x0000000089400000, 0x0000000089400000| Untracked 
| 113|0x0000000089500000, 0x0000000089600000, 0x0000000089600000|100%| S|CS|TAMS 0x0000000089500000, 0x0000000089500000| Complete 
| 114|0x0000000089600000, 0x0000000089600000, 0x0000000089700000|  0%| F|  |TAMS 0x0000000089600000, 0x0000000089600000| Untracked 
| 115|0x0000000089700000, 0x0000000089700000, 0x0000000089800000|  0%| F|  |TAMS 0x0000000089700000, 0x0000000089700000| Untracked 
| 116|0x0000000089800000, 0x0000000089800000, 0x0000000089900000|  0%| F|  |TAMS 0x0000000089800000, 0x0000000089800000| Untracked 
| 117|0x0000000089900000, 0x0000000089900000, 0x0000000089a00000|  0%| F|  |TAMS 0x0000000089900000, 0x0000000089900000| Untracked 
| 118|0x0000000089a00000, 0x0000000089a00000, 0x0000000089b00000|  0%| F|  |TAMS 0x0000000089a00000, 0x0000000089a00000| Untracked 
| 119|0x0000000089b00000, 0x0000000089b00000, 0x0000000089c00000|  0%| F|  |TAMS 0x0000000089b00000, 0x0000000089b00000| Untracked 
| 120|0x0000000089c00000, 0x0000000089c00000, 0x0000000089d00000|  0%| F|  |TAMS 0x0000000089c00000, 0x0000000089c00000| Untracked 
| 121|0x0000000089d00000, 0x0000000089d00000, 0x0000000089e00000|  0%| F|  |TAMS 0x0000000089d00000, 0x0000000089d00000| Untracked 
| 122|0x0000000089e00000, 0x0000000089e00000, 0x0000000089f00000|  0%| F|  |TAMS 0x0000000089e00000, 0x0000000089e00000| Untracked 
| 123|0x0000000089f00000, 0x0000000089f00000, 0x000000008a000000|  0%| F|  |TAMS 0x0000000089f00000, 0x0000000089f00000| Untracked 
| 124|0x000000008a000000, 0x000000008a000000, 0x000000008a100000|  0%| F|  |TAMS 0x000000008a000000, 0x000000008a000000| Untracked 
| 125|0x000000008a100000, 0x000000008a100000, 0x000000008a200000|  0%| F|  |TAMS 0x000000008a100000, 0x000000008a100000| Untracked 
| 126|0x000000008a200000, 0x000000008a200000, 0x000000008a300000|  0%| F|  |TAMS 0x000000008a200000, 0x000000008a200000| Untracked 
| 127|0x000000008a300000, 0x000000008a300000, 0x000000008a400000|  0%| F|  |TAMS 0x000000008a300000, 0x000000008a300000| Untracked 
| 128|0x000000008a400000, 0x000000008a400000, 0x000000008a500000|  0%| F|  |TAMS 0x000000008a400000, 0x000000008a400000| Untracked 
| 129|0x000000008a500000, 0x000000008a500000, 0x000000008a600000|  0%| F|  |TAMS 0x000000008a500000, 0x000000008a500000| Untracked 
| 130|0x000000008a600000, 0x000000008a600000, 0x000000008a700000|  0%| F|  |TAMS 0x000000008a600000, 0x000000008a600000| Untracked 
| 131|0x000000008a700000, 0x000000008a700000, 0x000000008a800000|  0%| F|  |TAMS 0x000000008a700000, 0x000000008a700000| Untracked 
| 132|0x000000008a800000, 0x000000008a800000, 0x000000008a900000|  0%| F|  |TAMS 0x000000008a800000, 0x000000008a800000| Untracked 
| 133|0x000000008a900000, 0x000000008a900000, 0x000000008aa00000|  0%| F|  |TAMS 0x000000008a900000, 0x000000008a900000| Untracked 
| 134|0x000000008aa00000, 0x000000008aa00000, 0x000000008ab00000|  0%| F|  |TAMS 0x000000008aa00000, 0x000000008aa00000| Untracked 
| 135|0x000000008ab00000, 0x000000008ab00000, 0x000000008ac00000|  0%| F|  |TAMS 0x000000008ab00000, 0x000000008ab00000| Untracked 
| 136|0x000000008ac00000, 0x000000008ac00000, 0x000000008ad00000|  0%| F|  |TAMS 0x000000008ac00000, 0x000000008ac00000| Untracked 
| 137|0x000000008ad00000, 0x000000008ad00000, 0x000000008ae00000|  0%| F|  |TAMS 0x000000008ad00000, 0x000000008ad00000| Untracked 
| 138|0x000000008ae00000, 0x000000008ae00000, 0x000000008af00000|  0%| F|  |TAMS 0x000000008ae00000, 0x000000008ae00000| Untracked 
| 139|0x000000008af00000, 0x000000008af00000, 0x000000008b000000|  0%| F|  |TAMS 0x000000008af00000, 0x000000008af00000| Untracked 
| 140|0x000000008b000000, 0x000000008b000000, 0x000000008b100000|  0%| F|  |TAMS 0x000000008b000000, 0x000000008b000000| Untracked 
| 141|0x000000008b100000, 0x000000008b100000, 0x000000008b200000|  0%| F|  |TAMS 0x000000008b100000, 0x000000008b100000| Untracked 
| 142|0x000000008b200000, 0x000000008b200000, 0x000000008b300000|  0%| F|  |TAMS 0x000000008b200000, 0x000000008b200000| Untracked 
| 143|0x000000008b300000, 0x000000008b300000, 0x000000008b400000|  0%| F|  |TAMS 0x000000008b300000, 0x000000008b300000| Untracked 
| 144|0x000000008b400000, 0x000000008b400000, 0x000000008b500000|  0%| F|  |TAMS 0x000000008b400000, 0x000000008b400000| Untracked 
| 145|0x000000008b500000, 0x000000008b500000, 0x000000008b600000|  0%| F|  |TAMS 0x000000008b500000, 0x000000008b500000| Untracked 
| 146|0x000000008b600000, 0x000000008b600000, 0x000000008b700000|  0%| F|  |TAMS 0x000000008b600000, 0x000000008b600000| Untracked 
| 147|0x000000008b700000, 0x000000008b700000, 0x000000008b800000|  0%| F|  |TAMS 0x000000008b700000, 0x000000008b700000| Untracked 
| 148|0x000000008b800000, 0x000000008b800000, 0x000000008b900000|  0%| F|  |TAMS 0x000000008b800000, 0x000000008b800000| Untracked 
| 149|0x000000008b900000, 0x000000008b900000, 0x000000008ba00000|  0%| F|  |TAMS 0x000000008b900000, 0x000000008b900000| Untracked 
| 150|0x000000008ba00000, 0x000000008ba00000, 0x000000008bb00000|  0%| F|  |TAMS 0x000000008ba00000, 0x000000008ba00000| Untracked 
| 151|0x000000008bb00000, 0x000000008bb00000, 0x000000008bc00000|  0%| F|  |TAMS 0x000000008bb00000, 0x000000008bb00000| Untracked 
| 152|0x000000008bc00000, 0x000000008bc00000, 0x000000008bd00000|  0%| F|  |TAMS 0x000000008bc00000, 0x000000008bc00000| Untracked 
| 153|0x000000008bd00000, 0x000000008bd00000, 0x000000008be00000|  0%| F|  |TAMS 0x000000008bd00000, 0x000000008bd00000| Untracked 
| 154|0x000000008be00000, 0x000000008be00000, 0x000000008bf00000|  0%| F|  |TAMS 0x000000008be00000, 0x000000008be00000| Untracked 
| 155|0x000000008bf00000, 0x000000008bf00000, 0x000000008c000000|  0%| F|  |TAMS 0x000000008bf00000, 0x000000008bf00000| Untracked 
| 156|0x000000008c000000, 0x000000008c000000, 0x000000008c100000|  0%| F|  |TAMS 0x000000008c000000, 0x000000008c000000| Untracked 
| 157|0x000000008c100000, 0x000000008c100000, 0x000000008c200000|  0%| F|  |TAMS 0x000000008c100000, 0x000000008c100000| Untracked 
| 158|0x000000008c200000, 0x000000008c200000, 0x000000008c300000|  0%| F|  |TAMS 0x000000008c200000, 0x000000008c200000| Untracked 
| 159|0x000000008c300000, 0x000000008c300000, 0x000000008c400000|  0%| F|  |TAMS 0x000000008c300000, 0x000000008c300000| Untracked 
| 160|0x000000008c400000, 0x000000008c400000, 0x000000008c500000|  0%| F|  |TAMS 0x000000008c400000, 0x000000008c400000| Untracked 
| 161|0x000000008c500000, 0x000000008c500000, 0x000000008c600000|  0%| F|  |TAMS 0x000000008c500000, 0x000000008c500000| Untracked 
| 162|0x000000008c600000, 0x000000008c600000, 0x000000008c700000|  0%| F|  |TAMS 0x000000008c600000, 0x000000008c600000| Untracked 
| 163|0x000000008c700000, 0x000000008c700000, 0x000000008c800000|  0%| F|  |TAMS 0x000000008c700000, 0x000000008c700000| Untracked 
| 164|0x000000008c800000, 0x000000008c800000, 0x000000008c900000|  0%| F|  |TAMS 0x000000008c800000, 0x000000008c800000| Untracked 
| 165|0x000000008c900000, 0x000000008c900000, 0x000000008ca00000|  0%| F|  |TAMS 0x000000008c900000, 0x000000008c900000| Untracked 
| 166|0x000000008ca00000, 0x000000008ca00000, 0x000000008cb00000|  0%| F|  |TAMS 0x000000008ca00000, 0x000000008ca00000| Untracked 
| 167|0x000000008cb00000, 0x000000008cb00000, 0x000000008cc00000|  0%| F|  |TAMS 0x000000008cb00000, 0x000000008cb00000| Untracked 
| 168|0x000000008cc00000, 0x000000008cc00000, 0x000000008cd00000|  0%| F|  |TAMS 0x000000008cc00000, 0x000000008cc00000| Untracked 
| 169|0x000000008cd00000, 0x000000008cd00000, 0x000000008ce00000|  0%| F|  |TAMS 0x000000008cd00000, 0x000000008cd00000| Untracked 
| 170|0x000000008ce00000, 0x000000008ce00000, 0x000000008cf00000|  0%| F|  |TAMS 0x000000008ce00000, 0x000000008ce00000| Untracked 
| 171|0x000000008cf00000, 0x000000008cf00000, 0x000000008d000000|  0%| F|  |TAMS 0x000000008cf00000, 0x000000008cf00000| Untracked 
| 172|0x000000008d000000, 0x000000008d000000, 0x000000008d100000|  0%| F|  |TAMS 0x000000008d000000, 0x000000008d000000| Untracked 
| 173|0x000000008d100000, 0x000000008d100000, 0x000000008d200000|  0%| F|  |TAMS 0x000000008d100000, 0x000000008d100000| Untracked 
| 174|0x000000008d200000, 0x000000008d200000, 0x000000008d300000|  0%| F|  |TAMS 0x000000008d200000, 0x000000008d200000| Untracked 
| 175|0x000000008d300000, 0x000000008d300000, 0x000000008d400000|  0%| F|  |TAMS 0x000000008d300000, 0x000000008d300000| Untracked 
| 176|0x000000008d400000, 0x000000008d400000, 0x000000008d500000|  0%| F|  |TAMS 0x000000008d400000, 0x000000008d400000| Untracked 
| 177|0x000000008d500000, 0x000000008d500000, 0x000000008d600000|  0%| F|  |TAMS 0x000000008d500000, 0x000000008d500000| Untracked 
| 178|0x000000008d600000, 0x000000008d600000, 0x000000008d700000|  0%| F|  |TAMS 0x000000008d600000, 0x000000008d600000| Untracked 
| 179|0x000000008d700000, 0x000000008d700000, 0x000000008d800000|  0%| F|  |TAMS 0x000000008d700000, 0x000000008d700000| Untracked 
| 180|0x000000008d800000, 0x000000008d800000, 0x000000008d900000|  0%| F|  |TAMS 0x000000008d800000, 0x000000008d800000| Untracked 
| 181|0x000000008d900000, 0x000000008d900000, 0x000000008da00000|  0%| F|  |TAMS 0x000000008d900000, 0x000000008d900000| Untracked 
| 182|0x000000008da00000, 0x000000008da00000, 0x000000008db00000|  0%| F|  |TAMS 0x000000008da00000, 0x000000008da00000| Untracked 
| 183|0x000000008db00000, 0x000000008db00000, 0x000000008dc00000|  0%| F|  |TAMS 0x000000008db00000, 0x000000008db00000| Untracked 
| 184|0x000000008dc00000, 0x000000008dc00000, 0x000000008dd00000|  0%| F|  |TAMS 0x000000008dc00000, 0x000000008dc00000| Untracked 
| 185|0x000000008dd00000, 0x000000008dd00000, 0x000000008de00000|  0%| F|  |TAMS 0x000000008dd00000, 0x000000008dd00000| Untracked 
| 186|0x000000008de00000, 0x000000008de00000, 0x000000008df00000|  0%| F|  |TAMS 0x000000008de00000, 0x000000008de00000| Untracked 
| 187|0x000000008df00000, 0x000000008df00000, 0x000000008e000000|  0%| F|  |TAMS 0x000000008df00000, 0x000000008df00000| Untracked 
| 188|0x000000008e000000, 0x000000008e000000, 0x000000008e100000|  0%| F|  |TAMS 0x000000008e000000, 0x000000008e000000| Untracked 
| 189|0x000000008e100000, 0x000000008e100000, 0x000000008e200000|  0%| F|  |TAMS 0x000000008e100000, 0x000000008e100000| Untracked 
| 190|0x000000008e200000, 0x000000008e200000, 0x000000008e300000|  0%| F|  |TAMS 0x000000008e200000, 0x000000008e200000| Untracked 
| 191|0x000000008e300000, 0x000000008e300000, 0x000000008e400000|  0%| F|  |TAMS 0x000000008e300000, 0x000000008e300000| Untracked 
| 192|0x000000008e400000, 0x000000008e400000, 0x000000008e500000|  0%| F|  |TAMS 0x000000008e400000, 0x000000008e400000| Untracked 
| 193|0x000000008e500000, 0x000000008e500000, 0x000000008e600000|  0%| F|  |TAMS 0x000000008e500000, 0x000000008e500000| Untracked 
| 194|0x000000008e600000, 0x000000008e600000, 0x000000008e700000|  0%| F|  |TAMS 0x000000008e600000, 0x000000008e600000| Untracked 
| 195|0x000000008e700000, 0x000000008e700000, 0x000000008e800000|  0%| F|  |TAMS 0x000000008e700000, 0x000000008e700000| Untracked 
| 196|0x000000008e800000, 0x000000008e800000, 0x000000008e900000|  0%| F|  |TAMS 0x000000008e800000, 0x000000008e800000| Untracked 
| 197|0x000000008e900000, 0x000000008e900000, 0x000000008ea00000|  0%| F|  |TAMS 0x000000008e900000, 0x000000008e900000| Untracked 
| 198|0x000000008ea00000, 0x000000008ea00000, 0x000000008eb00000|  0%| F|  |TAMS 0x000000008ea00000, 0x000000008ea00000| Untracked 
| 199|0x000000008eb00000, 0x000000008eb00000, 0x000000008ec00000|  0%| F|  |TAMS 0x000000008eb00000, 0x000000008eb00000| Untracked 
| 200|0x000000008ec00000, 0x000000008ec00000, 0x000000008ed00000|  0%| F|  |TAMS 0x000000008ec00000, 0x000000008ec00000| Untracked 
| 201|0x000000008ed00000, 0x000000008ed00000, 0x000000008ee00000|  0%| F|  |TAMS 0x000000008ed00000, 0x000000008ed00000| Untracked 
| 202|0x000000008ee00000, 0x000000008ee00000, 0x000000008ef00000|  0%| F|  |TAMS 0x000000008ee00000, 0x000000008ee00000| Untracked 
| 203|0x000000008ef00000, 0x000000008ef00000, 0x000000008f000000|  0%| F|  |TAMS 0x000000008ef00000, 0x000000008ef00000| Untracked 
| 204|0x000000008f000000, 0x000000008f000000, 0x000000008f100000|  0%| F|  |TAMS 0x000000008f000000, 0x000000008f000000| Untracked 
| 205|0x000000008f100000, 0x000000008f100000, 0x000000008f200000|  0%| F|  |TAMS 0x000000008f100000, 0x000000008f100000| Untracked 
| 206|0x000000008f200000, 0x000000008f200000, 0x000000008f300000|  0%| F|  |TAMS 0x000000008f200000, 0x000000008f200000| Untracked 
| 207|0x000000008f300000, 0x000000008f300000, 0x000000008f400000|  0%| F|  |TAMS 0x000000008f300000, 0x000000008f300000| Untracked 
| 208|0x000000008f400000, 0x000000008f400000, 0x000000008f500000|  0%| F|  |TAMS 0x000000008f400000, 0x000000008f400000| Untracked 
| 209|0x000000008f500000, 0x000000008f500000, 0x000000008f600000|  0%| F|  |TAMS 0x000000008f500000, 0x000000008f500000| Untracked 
| 210|0x000000008f600000, 0x000000008f600000, 0x000000008f700000|  0%| F|  |TAMS 0x000000008f600000, 0x000000008f600000| Untracked 
| 211|0x000000008f700000, 0x000000008f700000, 0x000000008f800000|  0%| F|  |TAMS 0x000000008f700000, 0x000000008f700000| Untracked 
| 212|0x000000008f800000, 0x000000008f800000, 0x000000008f900000|  0%| F|  |TAMS 0x000000008f800000, 0x000000008f800000| Untracked 
| 213|0x000000008f900000, 0x000000008f900000, 0x000000008fa00000|  0%| F|  |TAMS 0x000000008f900000, 0x000000008f900000| Untracked 
| 214|0x000000008fa00000, 0x000000008fa00000, 0x000000008fb00000|  0%| F|  |TAMS 0x000000008fa00000, 0x000000008fa00000| Untracked 
| 215|0x000000008fb00000, 0x000000008fb00000, 0x000000008fc00000|  0%| F|  |TAMS 0x000000008fb00000, 0x000000008fb00000| Untracked 
| 216|0x000000008fc00000, 0x000000008fc00000, 0x000000008fd00000|  0%| F|  |TAMS 0x000000008fc00000, 0x000000008fc00000| Untracked 
| 217|0x000000008fd00000, 0x000000008fd00000, 0x000000008fe00000|  0%| F|  |TAMS 0x000000008fd00000, 0x000000008fd00000| Untracked 
| 218|0x000000008fe00000, 0x000000008fe00000, 0x000000008ff00000|  0%| F|  |TAMS 0x000000008fe00000, 0x000000008fe00000| Untracked 
| 219|0x000000008ff00000, 0x000000008ff00000, 0x0000000090000000|  0%| F|  |TAMS 0x000000008ff00000, 0x000000008ff00000| Untracked 
| 220|0x0000000090000000, 0x0000000090000000, 0x0000000090100000|  0%| F|  |TAMS 0x0000000090000000, 0x0000000090000000| Untracked 
| 221|0x0000000090100000, 0x0000000090100000, 0x0000000090200000|  0%| F|  |TAMS 0x0000000090100000, 0x0000000090100000| Untracked 
| 222|0x0000000090200000, 0x0000000090200000, 0x0000000090300000|  0%| F|  |TAMS 0x0000000090200000, 0x0000000090200000| Untracked 
| 223|0x0000000090300000, 0x0000000090300000, 0x0000000090400000|  0%| F|  |TAMS 0x0000000090300000, 0x0000000090300000| Untracked 
| 224|0x0000000090400000, 0x0000000090400000, 0x0000000090500000|  0%| F|  |TAMS 0x0000000090400000, 0x0000000090400000| Untracked 
| 225|0x0000000090500000, 0x0000000090500000, 0x0000000090600000|  0%| F|  |TAMS 0x0000000090500000, 0x0000000090500000| Untracked 
| 226|0x0000000090600000, 0x0000000090600000, 0x0000000090700000|  0%| F|  |TAMS 0x0000000090600000, 0x0000000090600000| Untracked 
| 227|0x0000000090700000, 0x0000000090700000, 0x0000000090800000|  0%| F|  |TAMS 0x0000000090700000, 0x0000000090700000| Untracked 
| 228|0x0000000090800000, 0x0000000090800000, 0x0000000090900000|  0%| F|  |TAMS 0x0000000090800000, 0x0000000090800000| Untracked 
| 229|0x0000000090900000, 0x0000000090900000, 0x0000000090a00000|  0%| F|  |TAMS 0x0000000090900000, 0x0000000090900000| Untracked 
| 230|0x0000000090a00000, 0x0000000090a00000, 0x0000000090b00000|  0%| F|  |TAMS 0x0000000090a00000, 0x0000000090a00000| Untracked 
| 231|0x0000000090b00000, 0x0000000090b00000, 0x0000000090c00000|  0%| F|  |TAMS 0x0000000090b00000, 0x0000000090b00000| Untracked 
| 232|0x0000000090c00000, 0x0000000090c00000, 0x0000000090d00000|  0%| F|  |TAMS 0x0000000090c00000, 0x0000000090c00000| Untracked 
| 233|0x0000000090d00000, 0x0000000090d92400, 0x0000000090e00000| 57%| O|  |TAMS 0x0000000090d00000, 0x0000000090d00000| Untracked 
| 234|0x0000000090e00000, 0x0000000090f00000, 0x0000000090f00000|100%| S|CS|TAMS 0x0000000090e00000, 0x0000000090e00000| Complete 

Card table byte_map: [0x0000018d7e5e0000,0x0000018d7e9d0000] _byte_map_base: 0x0000018d7e1ce000

Marking Bits (Prev, Next): (CMBitMap*) 0x0000018d7de28178, (CMBitMap*) 0x0000018d7de281b0
 Prev Bits: [0x0000018d173a0000, 0x0000018d19310000)
 Next Bits: [0x0000018d19310000, 0x0000018d1b280000)

Polling page: 0x0000018d7bf50000

Metaspace:

Usage:
  Non-class:     38.35 MB capacity,    37.75 MB ( 98%) used,   527.05 KB (  1%) free+waste,    89.50 KB ( <1%) overhead. 
      Class:      4.64 MB capacity,     4.26 MB ( 92%) used,   357.55 KB (  8%) free+waste,    35.38 KB ( <1%) overhead. 
       Both:     42.99 MB capacity,    42.00 MB ( 98%) used,   884.60 KB (  2%) free+waste,   124.88 KB ( <1%) overhead. 

Virtual space:
  Non-class space:       40.00 MB reserved,      38.42 MB ( 96%) committed 
      Class space:        1.00 GB reserved,       4.75 MB ( <1%) committed 
             Both:        1.04 GB reserved,      43.17 MB (  4%) committed 

Chunk freelists:
   Non-Class:  1.50 KB
       Class:  2.00 KB
        Both:  3.50 KB

CodeHeap 'non-profiled nmethods': size=120000Kb used=4293Kb max_used=4293Kb free=115707Kb
 bounds [0x0000018d0fe70000, 0x0000018d102b0000, 0x0000018d173a0000]
CodeHeap 'profiled nmethods': size=120000Kb used=21215Kb max_used=21215Kb free=98784Kb
 bounds [0x0000018d08940000, 0x0000018d09e10000, 0x0000018d0fe70000]
CodeHeap 'non-nmethods': size=5760Kb used=1174Kb max_used=1209Kb free=4585Kb
 bounds [0x0000018d083a0000, 0x0000018d08610000, 0x0000018d08940000]
 total_blobs=9624 nmethods=9107 adapters=428
 compilation: enabled
              stopped_count=0, restarted_count=0
 full_count=0

Compilation events (10 events):
Event: 29.285 Thread 0x0000018d7f96b800 10207       3       org.apache.commons.compress.archivers.zip.ZipArchiveEntry::setUnixMode (43 bytes)
Event: 29.286 Thread 0x0000018d7f96b800 nmethod 10207 0x0000018d09dfba90 code [0x0000018d09dfbca0, 0x0000018d09dfc4f0]
Event: 29.286 Thread 0x0000018d7f96b800 10208       3       org.springframework.boot.loader.tools.AbstractJarWriter::addUnpackCommentIfNecessary (88 bytes)
Event: 29.287 Thread 0x0000018d7f96b800 nmethod 10208 0x0000018d09dfc710 code [0x0000018d09dfca40, 0x0000018d09dfe1e0]
Event: 29.287 Thread 0x0000018d7f96b800 10209       3       org.springframework.boot.loader.tools.AbstractJarWriter::updateLayerIndex (46 bytes)
Event: 29.288 Thread 0x0000018d7f96b800 nmethod 10209 0x0000018d09dfe910 code [0x0000018d09dfeb40, 0x0000018d09dff4b0]
Event: 29.296 Thread 0x0000018d7f96b800 10210   !   3       java.util.zip.ZipInputStream::readLOC (311 bytes)
Event: 29.297 Thread 0x0000018d7f96b800 nmethod 10210 0x0000018d09dff790 code [0x0000018d09dffb00, 0x0000018d09e01530]
Event: 29.297 Thread 0x0000018d7f96b800 10211       3       java.util.zip.ZipInputStream::getNextEntry (74 bytes)
Event: 29.298 Thread 0x0000018d7f96b800 nmethod 10211 0x0000018d09e01f10 code [0x0000018d09e02160, 0x0000018d09e02ab0]

GC Heap History (10 events):
Event: 7.962 GC heap after
{Heap after GC invocations=19 (full 0):
 garbage-first heap   total 187392K, used 68887K [0x0000000082400000, 0x0000000100000000)
  region size 1024K, 7 young (7168K), 7 survivors (7168K)
 Metaspace       used 36143K, capacity 36987K, committed 37296K, reserved 1083392K
  class space    used 3689K, capacity 3979K, committed 4096K, reserved 1048576K
}
Event: 8.257 GC heap before
{Heap before GC invocations=19 (full 0):
 garbage-first heap   total 187392K, used 151831K [0x0000000082400000, 0x0000000100000000)
  region size 1024K, 88 young (90112K), 7 survivors (7168K)
 Metaspace       used 36257K, capacity 37064K, committed 37296K, reserved 1083392K
  class space    used 3692K, capacity 3983K, committed 4096K, reserved 1048576K
}
Event: 8.271 GC heap after
{Heap after GC invocations=20 (full 0):
 garbage-first heap   total 238592K, used 71848K [0x0000000082400000, 0x0000000100000000)
  region size 1024K, 9 young (9216K), 9 survivors (9216K)
 Metaspace       used 36257K, capacity 37064K, committed 37296K, reserved 1083392K
  class space    used 3692K, capacity 3983K, committed 4096K, reserved 1048576K
}
Event: 8.679 GC heap before
{Heap before GC invocations=20 (full 0):
 garbage-first heap   total 238592K, used 187560K [0x0000000082400000, 0x0000000100000000)
  region size 1024K, 122 young (124928K), 9 survivors (9216K)
 Metaspace       used 36365K, capacity 37135K, committed 37296K, reserved 1083392K
  class space    used 3692K, capacity 3983K, committed 4096K, reserved 1048576K
}
Event: 8.694 GC heap after
{Heap after GC invocations=21 (full 0):
 garbage-first heap   total 238592K, used 73484K [0x0000000082400000, 0x0000000100000000)
  region size 1024K, 10 young (10240K), 10 survivors (10240K)
 Metaspace       used 36365K, capacity 37135K, committed 37296K, reserved 1083392K
  class space    used 3692K, capacity 3983K, committed 4096K, reserved 1048576K
}
Event: 9.184 GC heap before
{Heap before GC invocations=21 (full 0):
 garbage-first heap   total 238592K, used 194316K [0x0000000082400000, 0x0000000100000000)
  region size 1024K, 128 young (131072K), 10 survivors (10240K)
 Metaspace       used 36393K, capacity 37201K, committed 37552K, reserved 1083392K
  class space    used 3692K, capacity 3983K, committed 4096K, reserved 1048576K
}
Event: 9.198 GC heap after
{Heap after GC invocations=22 (full 0):
 garbage-first heap   total 238592K, used 74348K [0x0000000082400000, 0x0000000100000000)
  region size 1024K, 9 young (9216K), 9 survivors (9216K)
 Metaspace       used 36393K, capacity 37201K, committed 37552K, reserved 1083392K
  class space    used 3692K, capacity 3983K, committed 4096K, reserved 1048576K
}
Event: 12.786 GC heap before
{Heap before GC invocations=22 (full 0):
 garbage-first heap   total 238592K, used 199276K [0x0000000082400000, 0x0000000100000000)
  region size 1024K, 129 young (132096K), 9 survivors (9216K)
 Metaspace       used 38889K, capacity 39753K, committed 39984K, reserved 1085440K
  class space    used 3874K, capacity 4184K, committed 4224K, reserved 1048576K
}
Event: 12.801 GC heap after
{Heap after GC invocations=23 (full 0):
 garbage-first heap   total 238592K, used 77692K [0x0000000082400000, 0x0000000100000000)
  region size 1024K, 11 young (11264K), 11 survivors (11264K)
 Metaspace       used 38889K, capacity 39753K, committed 39984K, reserved 1085440K
  class space    used 3874K, capacity 4184K, committed 4224K, reserved 1048576K
}
Event: 29.304 GC heap before
{Heap before GC invocations=23 (full 0):
 garbage-first heap   total 238592K, used 224124K [0x0000000082400000, 0x0000000100000000)
  region size 1024K, 130 young (133120K), 11 survivors (11264K)
 Metaspace       used 43010K, capacity 44020K, committed 44208K, reserved 1089536K
  class space    used 4359K, capacity 4752K, committed 4864K, reserved 1048576K
}

Deoptimization events (10 events):
Event: 13.638 Thread 0x0000018d7ddea000 Uncommon trap: reason=unstable_if action=reinterpret pc=0x0000018d0feaeb7c method=sun.net.www.ParseUtil.firstEncodeIndex(Ljava/lang/String;)I @ 51 c2
Event: 29.106 Thread 0x0000018d7ddea000 Uncommon trap: reason=class_check action=maybe_recompile pc=0x0000018d100177ac method=java.util.Hashtable.get(Ljava/lang/Object;)Ljava/lang/Object; @ 6 c2
Event: 29.118 Thread 0x0000018d7ddea000 Uncommon trap: reason=unstable_if action=reinterpret pc=0x0000018d10052a38 method=java.lang.String.regionMatches(ILjava/lang/String;II)Z @ 32 c2
Event: 29.176 Thread 0x0000018d7ddea000 Uncommon trap: reason=bimorphic_or_optimized_type_check action=maybe_recompile pc=0x0000018d100e4308 method=java.util.zip.InflaterInputStream.read([BII)I @ 100 c2
Event: 29.176 Thread 0x0000018d7ddea000 Uncommon trap: reason=bimorphic_or_optimized_type_check action=maybe_recompile pc=0x0000018d100e4308 method=java.util.zip.InflaterInputStream.read([BII)I @ 100 c2
Event: 29.178 Thread 0x0000018d7ddea000 Uncommon trap: reason=bimorphic_or_optimized_type_check action=maybe_recompile pc=0x0000018d100e4308 method=java.util.zip.InflaterInputStream.read([BII)I @ 100 c2
Event: 29.178 Thread 0x0000018d7ddea000 Uncommon trap: reason=bimorphic_or_optimized_type_check action=maybe_recompile pc=0x0000018d100e4308 method=java.util.zip.InflaterInputStream.read([BII)I @ 100 c2
Event: 29.207 Thread 0x0000018d7ddea000 Uncommon trap: reason=unstable_if action=reinterpret pc=0x0000018d10096174 method=java.util.Arrays.equals([B[B)Z @ 34 c2
Event: 29.209 Thread 0x0000018d7ddea000 Uncommon trap: reason=unstable_if action=reinterpret pc=0x0000018d0fe97084 method=java.util.concurrent.TimeUnit.toMillis(J)J @ 18 c2
Event: 29.209 Thread 0x0000018d7ddea000 Uncommon trap: reason=unstable_if action=reinterpret pc=0x0000018d0fe94ecc method=java.util.concurrent.TimeUnit.toMillis(J)J @ 18 c2

Classes redefined (0 events):
No events

Internal exceptions (10 events):
Event: 12.991 Thread 0x0000018d7ddea000 Exception <a 'sun/nio/fs/WindowsException'{0x000000008f8b2f20}> (0x000000008f8b2f20) thrown at [./open/src/hotspot/share/prims/jni.cpp, line 611]
Event: 12.991 Thread 0x0000018d7ddea000 Exception <a 'sun/nio/fs/WindowsException'{0x000000008f8b35c0}> (0x000000008f8b35c0) thrown at [./open/src/hotspot/share/prims/jni.cpp, line 611]
Event: 12.991 Thread 0x0000018d7ddea000 Exception <a 'sun/nio/fs/WindowsException'{0x000000008f8b3da8}> (0x000000008f8b3da8) thrown at [./open/src/hotspot/share/prims/jni.cpp, line 611]
Event: 12.992 Thread 0x0000018d7ddea000 Exception <a 'sun/nio/fs/WindowsException'{0x000000008f8dc008}> (0x000000008f8dc008) thrown at [./open/src/hotspot/share/prims/jni.cpp, line 611]
Event: 12.993 Thread 0x0000018d7ddea000 Exception <a 'sun/nio/fs/WindowsException'{0x000000008f8dc6c0}> (0x000000008f8dc6c0) thrown at [./open/src/hotspot/share/prims/jni.cpp, line 611]
Event: 12.993 Thread 0x0000018d7ddea000 Exception <a 'sun/nio/fs/WindowsException'{0x000000008f8dcf50}> (0x000000008f8dcf50) thrown at [./open/src/hotspot/share/prims/jni.cpp, line 611]
Event: 13.180 Thread 0x0000018d7fb27800 Implicit null exception at 0x0000018d0ffd600d to 0x0000018d0ffd60f6
Event: 13.185 Thread 0x0000018d7ddea000 Exception <a 'java/lang/NoSuchMethodError'{0x000000008e747418}: org.apache.maven.execution.MavenExecutionRequest.getFailureBehavior()Ljava/lang/String;> (0x000000008e747418) thrown at [./open/src/hotspot/share/interpreter/linkResolver.cpp, line 864]
Event: 13.188 Thread 0x0000018d7fb27800 Exception <a 'java/lang/NoSuchMethodError'{0x000000008e9c8898}: java.lang.invoke.DirectMethodHandle$Holder.invokeStaticInit(Ljava/lang/Object;Ljava/lang/Object;JLjava/lang/Object;)Ljava/lang/Object;> (0x000000008e9c8898) thrown at [./open/src/hotspot/shar
Event: 13.189 Thread 0x0000018d7fb27800 Exception <a 'java/lang/NoSuchMethodError'{0x000000008e9d49b8}: java.lang.invoke.Invokers$Holder.linkToTargetMethod(Ljava/lang/Object;JLjava/lang/Object;)Ljava/lang/Object;> (0x000000008e9d49b8) thrown at [./open/src/hotspot/share/interpreter/linkResolver

Events (10 events):
Event: 29.293 loading class org/springframework/boot/loader/tools/AbstractJarWriter$CrcAndSize done
Event: 29.293 loading class org/springframework/boot/loader/tools/AbstractJarWriter$CrcAndSize
Event: 29.293 loading class org/springframework/boot/loader/tools/AbstractJarWriter$CrcAndSize done
Event: 29.294 loading class org/springframework/boot/loader/tools/Library
Event: 29.294 loading class org/springframework/boot/loader/tools/Library done
Event: 29.295 loading class org/springframework/boot/loader/tools/AbstractJarWriter$LibraryUnpackHandler
Event: 29.295 loading class org/springframework/boot/loader/tools/AbstractJarWriter$LibraryUnpackHandler done
Event: 29.295 loading class org/springframework/boot/loader/tools/AbstractJarWriter$LibraryUnpackHandler
Event: 29.295 loading class org/springframework/boot/loader/tools/AbstractJarWriter$LibraryUnpackHandler done
Event: 29.304 Executing VM operation: G1CollectForAllocation


Dynamic libraries:
0x00007ff6d4830000 - 0x00007ff6d483f000 	C:\Program Files\Java\jdk-11.0.9\bin\javaw.exe
0x00007ffb5e500000 - 0x00007ffb5e6f0000 	C:\Windows\SYSTEM32\ntdll.dll
0x00007ffb5d290000 - 0x00007ffb5d342000 	C:\Windows\System32\KERNEL32.DLL
0x00007ffb5b730000 - 0x00007ffb5b9d5000 	C:\Windows\System32\KERNELBASE.dll
0x00007ffb5c4b0000 - 0x00007ffb5c5aa000 	C:\Windows\System32\ucrtbase.dll
0x00007ffb3d710000 - 0x00007ffb3d728000 	C:\Program Files\Java\jdk-11.0.9\bin\jli.dll
0x00007ffb3d5d0000 - 0x00007ffb3d5e5000 	C:\Program Files\Java\jdk-11.0.9\bin\VCRUNTIME140.dll
0x00007ffb5d820000 - 0x00007ffb5d8c3000 	C:\Windows\System32\ADVAPI32.dll
0x00007ffb5d8d0000 - 0x00007ffb5d96e000 	C:\Windows\System32\msvcrt.dll
0x00007ffb5c650000 - 0x00007ffb5c6e7000 	C:\Windows\System32\sechost.dll
0x00007ffb5c7a0000 - 0x00007ffb5c8bf000 	C:\Windows\System32\RPCRT4.dll
0x00007ffb5c8c0000 - 0x00007ffb5ca54000 	C:\Windows\System32\USER32.dll
0x00007ffb5b4a0000 - 0x00007ffb5b4c1000 	C:\Windows\System32\win32u.dll
0x00007ffb5c5b0000 - 0x00007ffb5c5d6000 	C:\Windows\System32\GDI32.dll
0x00007ffb3daa0000 - 0x00007ffb3dd24000 	C:\Windows\WinSxS\amd64_microsoft.windows.common-controls_6595b64144ccf1df_6.0.18362.1379_none_9e7ff3b3e45cc0c4\COMCTL32.dll
0x00007ffb5b590000 - 0x00007ffb5b728000 	C:\Windows\System32\gdi32full.dll
0x00007ffb5d4b0000 - 0x00007ffb5d7e7000 	C:\Windows\System32\combase.dll
0x00007ffb5c1b0000 - 0x00007ffb5c24e000 	C:\Windows\System32\msvcp_win.dll
0x00007ffb5b4d0000 - 0x00007ffb5b551000 	C:\Windows\System32\bcryptPrimitives.dll
0x00007ffb51430000 - 0x00007ffb5143a000 	C:\Windows\SYSTEM32\VERSION.dll
0x00007ffb5d7f0000 - 0x00007ffb5d81e000 	C:\Windows\System32\IMM32.DLL
0x00007ffb005a0000 - 0x00007ffb0063b000 	C:\Program Files\Java\jdk-11.0.9\bin\msvcp140.dll
0x00007ffafbdf0000 - 0x00007ffafc8e7000 	C:\Program Files\Java\jdk-11.0.9\bin\server\jvm.dll
0x00007ffb5e4b0000 - 0x00007ffb5e4b8000 	C:\Windows\System32\PSAPI.DLL
0x00007ffb40300000 - 0x00007ffb40309000 	C:\Windows\SYSTEM32\WSOCK32.dll
0x00007ffb51f20000 - 0x00007ffb51f44000 	C:\Windows\SYSTEM32\WINMM.dll
0x00007ffb5dd50000 - 0x00007ffb5ddbf000 	C:\Windows\System32\WS2_32.dll
0x00007ffb519a0000 - 0x00007ffb519cd000 	C:\Windows\SYSTEM32\winmmbase.dll
0x00007ffb5c160000 - 0x00007ffb5c1aa000 	C:\Windows\System32\cfgmgr32.dll
0x00007ffb5b410000 - 0x00007ffb5b421000 	C:\Windows\System32\kernel.appcore.dll
0x00007ffb4a770000 - 0x00007ffb4a780000 	C:\Program Files\Java\jdk-11.0.9\bin\verify.dll
0x00007ffb59c60000 - 0x00007ffb59e54000 	C:\Windows\SYSTEM32\DBGHELP.DLL
0x00007ffb415f0000 - 0x00007ffb4161a000 	C:\Windows\SYSTEM32\dbgcore.DLL
0x00007ffb3d5a0000 - 0x00007ffb3d5c8000 	C:\Program Files\Java\jdk-11.0.9\bin\java.dll
0x00007ffb4a730000 - 0x00007ffb4a73a000 	C:\Program Files\Java\jdk-11.0.9\bin\jimage.dll
0x00007ffb3d520000 - 0x00007ffb3d536000 	C:\Program Files\Java\jdk-11.0.9\bin\zip.dll
0x00007ffb5ddc0000 - 0x00007ffb5e4a8000 	C:\Windows\System32\SHELL32.dll
0x00007ffb5d1c0000 - 0x00007ffb5d267000 	C:\Windows\System32\shcore.dll
0x00007ffb5b9e0000 - 0x00007ffb5c15b000 	C:\Windows\System32\windows.storage.dll
0x00007ffb5b450000 - 0x00007ffb5b473000 	C:\Windows\System32\profapi.dll
0x00007ffb5b3c0000 - 0x00007ffb5b40a000 	C:\Windows\System32\powrprof.dll
0x00007ffb5b3b0000 - 0x00007ffb5b3c0000 	C:\Windows\System32\UMPDC.dll
0x00007ffb5ca60000 - 0x00007ffb5cab2000 	C:\Windows\System32\shlwapi.dll
0x00007ffb5b480000 - 0x00007ffb5b497000 	C:\Windows\System32\cryptsp.dll
0x00007ffb18c50000 - 0x00007ffb18c69000 	C:\Program Files\Java\jdk-11.0.9\bin\net.dll
0x00007ffb4ec50000 - 0x00007ffb4ed40000 	C:\Windows\SYSTEM32\WINHTTP.dll
0x00007ffb5abb0000 - 0x00007ffb5ac17000 	C:\Windows\system32\mswsock.dll
0x00007ffb18c30000 - 0x00007ffb18c42000 	C:\Program Files\Java\jdk-11.0.9\bin\nio.dll
0x00007ffb5a730000 - 0x00007ffb5a763000 	C:\Windows\system32\rsaenh.dll
0x00007ffb5b560000 - 0x00007ffb5b586000 	C:\Windows\System32\bcrypt.dll
0x00007ffb5b2d0000 - 0x00007ffb5b2f5000 	C:\Windows\SYSTEM32\USERENV.dll
0x00007ffb5ada0000 - 0x00007ffb5adac000 	C:\Windows\SYSTEM32\CRYPTBASE.dll
0x00007ffb5a8d0000 - 0x00007ffb5a90a000 	C:\Windows\SYSTEM32\IPHLPAPI.DLL
0x00007ffb5d270000 - 0x00007ffb5d278000 	C:\Windows\System32\NSI.dll
0x00007ffb50c20000 - 0x00007ffb50c36000 	C:\Windows\SYSTEM32\dhcpcsvc6.DLL
0x00007ffb50b50000 - 0x00007ffb50b6c000 	C:\Windows\SYSTEM32\dhcpcsvc.DLL
0x00007ffb5a910000 - 0x00007ffb5a9db000 	C:\Windows\SYSTEM32\DNSAPI.dll
0x00007ffb3d810000 - 0x00007ffb3d81a000 	C:\Users\Diego\AppData\Local\Temp\jansi-1.17.1-7174264987109994234.dll

dbghelp: loaded successfully - version: 4.0.5 - missing functions: none
symbol engine: initialized successfully - sym options: 0x614 - pdb path: .;C:\Program Files\Java\jdk-11.0.9\bin;C:\Windows\SYSTEM32;C:\Windows\WinSxS\amd64_microsoft.windows.common-controls_6595b64144ccf1df_6.0.18362.1379_none_9e7ff3b3e45cc0c4;C:\Program Files\Java\jdk-11.0.9\bin\server;C:\Users\Diego\AppData\Local\Temp

VM Arguments:
jvm_args: -Dmaven.home=D:\apache-maven-3.6.3\apache-maven-3.6.3 -Dclassworlds.conf=C:\Users\Diego\Documents\workspace-spring-tool-suite-4-4.7.0.RELEASE\.metadata\.plugins\org.eclipse.m2e.launching\launches\m2conf3385339513113984860.tmp -Dmaven.multiModuleProjectDirectory=D:\codigo\siniestros -Djansi.force=true -Djansi.passthrough=true -Dfile.encoding=Cp1252 
java_command: org.codehaus.plexus.classworlds.launcher.Launcher -B -Dmaven.test.skip=true -DskipTests -s D:\apache-maven-3.6.3\apache-maven-3.6.3\conf\settings.xml clean install -Dstyle.color=always
java_class_path (initial): D:\apache-maven-3.6.3\apache-maven-3.6.3\boot\plexus-classworlds-2.6.0.jar
Launcher Type: SUN_STANDARD

[Global flags]
     intx CICompilerCount                          = 4                                         {product} {ergonomic}
     uint ConcGCThreads                            = 2                                         {product} {ergonomic}
     uint G1ConcRefinementThreads                  = 8                                         {product} {ergonomic}
   size_t G1HeapRegionSize                         = 1048576                                   {product} {ergonomic}
    uintx GCDrainStackTargetSize                   = 64                                        {product} {ergonomic}
   size_t InitialHeapSize                          = 132120576                                 {product} {ergonomic}
   size_t MarkStackSize                            = 4194304                                   {product} {ergonomic}
   size_t MaxHeapSize                              = 2109734912                                {product} {ergonomic}
   size_t MaxNewSize                               = 1265631232                                {product} {ergonomic}
   size_t MinHeapDeltaBytes                        = 1048576                                   {product} {ergonomic}
    uintx NonNMethodCodeHeapSize                   = 5836300                                {pd product} {ergonomic}
    uintx NonProfiledCodeHeapSize                  = 122910970                              {pd product} {ergonomic}
    uintx ProfiledCodeHeapSize                     = 122910970                              {pd product} {ergonomic}
    uintx ReservedCodeCacheSize                    = 251658240                              {pd product} {ergonomic}
     bool SegmentedCodeCache                       = true                                      {product} {ergonomic}
     bool UseCompressedClassPointers               = true                                 {lp64_product} {ergonomic}
     bool UseCompressedOops                        = true                                 {lp64_product} {ergonomic}
     bool UseG1GC                                  = true                                      {product} {ergonomic}
     bool UseLargePagesIndividualAllocation        = false                                  {pd product} {ergonomic}

Logging:
Log output configuration:
 #0: stdout all=warning uptime,level,tags
 #1: stderr all=off uptime,level,tags

Environment Variables:
CLASSPATH=.;D:\IBM\SQLLIB\java\db2java.zip;D:\IBM\SQLLIB\java\db2jcc4.jar;D:\IBM\SQLLIB\java\sqlj4.zip;D:\IBM\SQLLIB\java\db2jcc_license_cu.jar;D:\IBM\SQLLIB\bin;D:\IBM\SQLLIB\java\common.jar
PATH=C:/Program Files/Java/jre1.8.0_251/bin/server;C:/Program Files/Java/jre1.8.0_251/bin;C:/Program Files/Java/jre1.8.0_251/lib/amd64;C:\Program Files\Common Files\Oracle\Java\javapath;C:\Program Files\Java\jdk-11.0.9\bin;D:\apache-maven-3.6.3\apache-maven-3.6.3\bin;D:\app\Diego\product\18.0.0\dbhomeXE\bin;C:\Windows\system32;C:\Windows;C:\Windows\System32\Wbem;C:\Windows\System32\WindowsPowerShell\v1.0\;C:\Windows\System32\OpenSSH\;C:\Program Files\Git\cmd;C:\Program Files\TortoiseSVN\bin;C:\Program Files\RabbitMQ Server\rabbitmq_server-3.8.5\sbin;C:\Program Files\ibm\gsk8\lib64;C:\Program Files (x86)\ibm\gsk8\lib;D:\IBM\SQLLIB\BIN;D:\IBM\SQLLIB\FUNCTION;D:\IBM\SQLLIB\SAMPLES\REPL;C:\Program Files (x86)\Google\Cloud SDK\google-cloud-sdk\bin;C:\Program Files\nodejs\;C:\Program Files\dotnet\;C:\Program Files\Microsoft SQL Server\130\Tools\Binn\;C:\Program Files\Microsoft SQL Server\Client SDK\ODBC\170\Tools\Binn\;C:\Python\Python38-32;C:\Program Files\PuTTY\;C:\Program Files\Amazon\AWSCLI\bin\;C:\Program Files\Docker\Docker\resources\bin;C:\ProgramData\DockerDesktop\version-bin;C:\Program Files\MySQL\MySQL Shell 8.0\bin\;C:\Users\Diego\AppData\Local\Microsoft\WindowsApps;D:\apache-maven-3.6.3\apache-maven-3.6.3\bin;C:\Users\Diego\AppData\Roaming\npm;C:\Users\Diego\AppData\Local\Programs\Microsoft VS Code\bin;C:\Users\Diego\.dotnet\tools;C:\Program Files (x86)\Sophos\Sophos SSL VPN Client\bin;D:\sts-4.7.0.RELEASE;
USERNAME=Diego
OS=Windows_NT
PROCESSOR_IDENTIFIER=Intel64 Family 6 Model 142 Stepping 12, GenuineIntel



---------------  S Y S T E M  ---------------

OS: Windows 10 , 64 bit Build 18362 (10.0.18362.1350)
HyperV virtualization detected

CPU:total 8 (initial active 8) (4 cores per cpu, 2 threads per core) family 6 model 142 stepping 12, cmov, cx8, fxsr, mmx, sse, sse2, sse3, ssse3, sse4.1, sse4.2, popcnt, avx, avx2, aes, clmul, erms, 3dnowpref, lzcnt, ht, tsc, tscinvbit, bmi1, bmi2, adx, fma

Memory: 4k page, system-wide physical 8043M (271M free)
TotalPageFile size 25951M (AvailPageFile size 128M)
current process WorkingSet (physical memory assigned to process): 386M, peak: 397M
current process commit charge ("private bytes"): 424M, peak: 558M

vm_info: Java HotSpot(TM) 64-Bit Server VM (11.0.9+7-LTS) for windows-amd64 JRE (11.0.9+7-LTS), built on Sep 15 2020 16:47:03 by "mach5one" with MS VC++ 15.9 (VS2017)

END.
